<?xml version="1.0" encoding="UTF-8" ?>
<testsuites name="vitest tests" tests="205" failures="0" errors="0" time="3.01578833">
    <testsuite name="src/__tests__/instrumentation-client.test.ts" timestamp="2025-07-07T23:06:21.615Z" hostname="MasakinoMacBook-Pro.local" tests="1" failures="0" errors="0" skipped="0" time="0.001802208">
        <testcase classname="src/__tests__/instrumentation-client.test.ts" name="instrumentation-client.ts &gt; onRouterTransitionStartがSentry.captureRouterTransitionStartを参照している" time="0.00104375">
        </testcase>
    </testsuite>
    <testsuite name="src/__tests__/instrumentation.test.ts" timestamp="2025-07-07T23:06:21.617Z" hostname="MasakinoMacBook-Pro.local" tests="4" failures="0" errors="0" skipped="0" time="0.0026255">
        <testcase classname="src/__tests__/instrumentation.test.ts" name="instrumentation.ts &gt; register関数がエクスポートされている" time="0.000844708">
        </testcase>
        <testcase classname="src/__tests__/instrumentation.test.ts" name="instrumentation.ts &gt; onRequestErrorがSentry.captureRequestErrorを参照している" time="0.000381458">
        </testcase>
        <testcase classname="src/__tests__/instrumentation.test.ts" name="instrumentation.ts &gt; register: NEXT_RUNTIME=nodejsでsentry.server.configをimportする" time="0.000202833">
        </testcase>
        <testcase classname="src/__tests__/instrumentation.test.ts" name="instrumentation.ts &gt; register: NEXT_RUNTIME=edgeでsentry.edge.configをimportする" time="0.000284291">
        </testcase>
    </testsuite>
    <testsuite name="src/lib/__tests__/firebase.test.ts" timestamp="2025-07-07T23:06:21.618Z" hostname="MasakinoMacBook-Pro.local" tests="21" failures="0" errors="0" skipped="0" time="0.0687185">
        <testcase classname="src/lib/__tests__/firebase.test.ts" name="Firebase Configuration &gt; shouldInitializeFirebase logic &gt; should skip initialization in CI environment" time="0.025704042">
        </testcase>
        <testcase classname="src/lib/__tests__/firebase.test.ts" name="Firebase Configuration &gt; shouldInitializeFirebase logic &gt; should skip initialization in test environment" time="0.001761625">
        </testcase>
        <testcase classname="src/lib/__tests__/firebase.test.ts" name="Firebase Configuration &gt; shouldInitializeFirebase logic &gt; should skip initialization on server-side" time="0.001170917">
        </testcase>
        <testcase classname="src/lib/__tests__/firebase.test.ts" name="Firebase Configuration &gt; shouldInitializeFirebase logic &gt; should skip initialization with dummy API key" time="0.00311975">
        </testcase>
        <testcase classname="src/lib/__tests__/firebase.test.ts" name="Firebase Configuration &gt; shouldInitializeFirebase logic &gt; should skip initialization with Dummy API key (capital D)" time="0.0010635">
        </testcase>
        <testcase classname="src/lib/__tests__/firebase.test.ts" name="Firebase Configuration &gt; shouldInitializeFirebase logic &gt; should skip initialization with dummy project ID" time="0.000723958">
        </testcase>
        <testcase classname="src/lib/__tests__/firebase.test.ts" name="Firebase Configuration &gt; shouldInitializeFirebase logic &gt; should skip initialization with missing required fields" time="0.00162175">
        </testcase>
        <testcase classname="src/lib/__tests__/firebase.test.ts" name="Firebase Configuration &gt; Firebase initialization &gt; should initialize Firebase successfully with valid configuration" time="0.001573417">
        </testcase>
        <testcase classname="src/lib/__tests__/firebase.test.ts" name="Firebase Configuration &gt; Firebase initialization &gt; should use existing app when already initialized" time="0.001181125">
        </testcase>
        <testcase classname="src/lib/__tests__/firebase.test.ts" name="Firebase Configuration &gt; Firebase initialization &gt; should handle initialization errors gracefully" time="0.001793791">
        </testcase>
        <testcase classname="src/lib/__tests__/firebase.test.ts" name="Firebase Configuration &gt; Firebase initialization &gt; should handle non-Error exceptions gracefully" time="0.000788458">
        </testcase>
        <testcase classname="src/lib/__tests__/firebase.test.ts" name="Firebase Configuration &gt; Firebase exports &gt; should export all required Firebase objects" time="0.001712292">
        </testcase>
        <testcase classname="src/lib/__tests__/firebase.test.ts" name="Firebase Configuration &gt; Firebase exports &gt; should maintain consistency between auth exports" time="0.000838041">
        </testcase>
        <testcase classname="src/lib/__tests__/firebase.test.ts" name="Firebase Configuration &gt; Firebase Analytics &gt; should initialize Analytics when measurementId is provided" time="0.012301875">
        </testcase>
        <testcase classname="src/lib/__tests__/firebase.test.ts" name="Firebase Configuration &gt; Firebase Analytics &gt; should skip Analytics initialization when measurementId is not provided" time="0.001531542">
        </testcase>
        <testcase classname="src/lib/__tests__/firebase.test.ts" name="Firebase Configuration &gt; Firebase Analytics &gt; should handle Analytics initialization when not supported" time="0.002422667">
        </testcase>
        <testcase classname="src/lib/__tests__/firebase.test.ts" name="Firebase Configuration &gt; Firebase Analytics &gt; should handle Analytics support check errors" time="0.002530791">
        </testcase>
        <testcase classname="src/lib/__tests__/firebase.test.ts" name="Firebase Configuration &gt; Firebase Analytics &gt; should have initAnalytics function available" time="0.0016775">
        </testcase>
        <testcase classname="src/lib/__tests__/firebase.test.ts" name="Firebase Configuration &gt; Firebase Analytics &gt; should return null from initAnalytics when not supported" time="0.000860208">
        </testcase>
        <testcase classname="src/lib/__tests__/firebase.test.ts" name="Firebase Configuration &gt; Firebase Analytics &gt; should return null from initAnalytics when config is invalid" time="0.001399542">
        </testcase>
        <testcase classname="src/lib/__tests__/firebase.test.ts" name="Firebase Configuration &gt; Firebase exports with Analytics &gt; should export Analytics-related objects" time="0.001604291">
        </testcase>
    </testsuite>
    <testsuite name="src/lib/__tests__/sentry.test.ts" timestamp="2025-07-07T23:06:21.621Z" hostname="MasakinoMacBook-Pro.local" tests="21" failures="0" errors="0" skipped="0" time="0.037288208">
        <testcase classname="src/lib/__tests__/sentry.test.ts" name="Sentry Utilities &gt; captureAPIError &gt; should capture API error with context" time="0.006737834">
        </testcase>
        <testcase classname="src/lib/__tests__/sentry.test.ts" name="Sentry Utilities &gt; captureAPIError &gt; should capture API error without context" time="0.003205916">
        </testcase>
        <testcase classname="src/lib/__tests__/sentry.test.ts" name="Sentry Utilities &gt; captureAPIError &gt; should not capture error on server side" time="0.000320875">
        </testcase>
        <testcase classname="src/lib/__tests__/sentry.test.ts" name="Sentry Utilities &gt; captureUserAction &gt; should record user action with data" time="0.001723958">
        </testcase>
        <testcase classname="src/lib/__tests__/sentry.test.ts" name="Sentry Utilities &gt; captureUserAction &gt; should record user action without data" time="0.002026083">
        </testcase>
        <testcase classname="src/lib/__tests__/sentry.test.ts" name="Sentry Utilities &gt; startPerformanceTransaction &gt; should start performance transaction" time="0.000532958">
        </testcase>
        <testcase classname="src/lib/__tests__/sentry.test.ts" name="Sentry Utilities &gt; startPerformanceTransaction &gt; should return null on server side" time="0.000111625">
        </testcase>
        <testcase classname="src/lib/__tests__/sentry.test.ts" name="Sentry Utilities &gt; withPerformanceSpan &gt; should execute function with performance span" time="0.000384833">
        </testcase>
        <testcase classname="src/lib/__tests__/sentry.test.ts" name="Sentry Utilities &gt; withPerformanceSpan &gt; should execute function without span on server side" time="0.000247333">
        </testcase>
        <testcase classname="src/lib/__tests__/sentry.test.ts" name="Sentry Utilities &gt; setSentryUser &gt; should set user information" time="0.001773667">
        </testcase>
        <testcase classname="src/lib/__tests__/sentry.test.ts" name="Sentry Utilities &gt; captureMessage &gt; should capture message with default level" time="0.000452458">
        </testcase>
        <testcase classname="src/lib/__tests__/sentry.test.ts" name="Sentry Utilities &gt; captureMessage &gt; should capture message with custom level" time="0.00157325">
        </testcase>
        <testcase classname="src/lib/__tests__/sentry.test.ts" name="Sentry Utilities &gt; setSentryTag &gt; should set tag" time="0.001508167">
        </testcase>
        <testcase classname="src/lib/__tests__/sentry.test.ts" name="Sentry Utilities &gt; setSentryContext &gt; should set context" time="0.000739167">
        </testcase>
        <testcase classname="src/lib/__tests__/sentry.test.ts" name="Sentry Utilities &gt; testProductionMonitoring &gt; should run monitoring tests in development environment" time="0.002405958">
        </testcase>
        <testcase classname="src/lib/__tests__/sentry.test.ts" name="Sentry Utilities &gt; testProductionMonitoring &gt; should not run monitoring tests in production environment" time="0.000108625">
        </testcase>
        <testcase classname="src/lib/__tests__/sentry.test.ts" name="Sentry Utilities &gt; captureProductionError &gt; should capture production error with default severity" time="0.002161208">
        </testcase>
        <testcase classname="src/lib/__tests__/sentry.test.ts" name="Sentry Utilities &gt; captureProductionError &gt; should capture critical error with fatal level" time="0.002424833">
        </testcase>
        <testcase classname="src/lib/__tests__/sentry.test.ts" name="Sentry Utilities &gt; captureProductionError &gt; should capture high severity error with error level" time="0.002509208">
        </testcase>
        <testcase classname="src/lib/__tests__/sentry.test.ts" name="Sentry Utilities &gt; recordBusinessMetric &gt; should record business metric with default unit" time="0.002153625">
        </testcase>
        <testcase classname="src/lib/__tests__/sentry.test.ts" name="Sentry Utilities &gt; recordBusinessMetric &gt; should record business metric with custom unit and tags" time="0.001701166">
        </testcase>
    </testsuite>
    <testsuite name="src/lib/__tests__/structured-data.test.ts" timestamp="2025-07-07T23:06:21.624Z" hostname="MasakinoMacBook-Pro.local" tests="6" failures="0" errors="0" skipped="0" time="0.002990083">
        <testcase classname="src/lib/__tests__/structured-data.test.ts" name="structured-data utils &gt; generateWebAppStructuredData: 正常系" time="0.00082125">
        </testcase>
        <testcase classname="src/lib/__tests__/structured-data.test.ts" name="structured-data utils &gt; generateBreadcrumbStructuredData: 正常系" time="0.000264792">
        </testcase>
        <testcase classname="src/lib/__tests__/structured-data.test.ts" name="structured-data utils &gt; generateBreadcrumbStructuredData: 境界値（空配列）" time="0.000293833">
        </testcase>
        <testcase classname="src/lib/__tests__/structured-data.test.ts" name="structured-data utils &gt; generateFAQStructuredData: 正常系" time="0.000176208">
        </testcase>
        <testcase classname="src/lib/__tests__/structured-data.test.ts" name="structured-data utils &gt; generateFAQStructuredData: 境界値（空配列）" time="0.000057708">
        </testcase>
        <testcase classname="src/lib/__tests__/structured-data.test.ts" name="structured-data utils &gt; 型安全性: 型不正な引数でTypeScriptエラー（実行時はthrowしない）" time="0.0004875">
        </testcase>
    </testsuite>
    <testsuite name="src/lib/__tests__/utils.test.ts" timestamp="2025-07-07T23:06:21.624Z" hostname="MasakinoMacBook-Pro.local" tests="4" failures="0" errors="0" skipped="0" time="0.005836667">
        <testcase classname="src/lib/__tests__/utils.test.ts" name="utils.ts: cn &gt; clsxとtailwind-mergeでクラス名を正規化する（正常系）" time="0.004082292">
        </testcase>
        <testcase classname="src/lib/__tests__/utils.test.ts" name="utils.ts: cn &gt; 空やfalsy値は除外される" time="0.000235291">
        </testcase>
        <testcase classname="src/lib/__tests__/utils.test.ts" name="utils.ts: cn &gt; 型安全性: ClassValue以外はTypeScriptエラー（実行時はthrowしない）" time="0.000074666">
        </testcase>
        <testcase classname="src/lib/__tests__/utils.test.ts" name="utils.ts: cn &gt; 副作用なし: 入力配列を破壊しない" time="0.000313041">
        </testcase>
    </testsuite>
    <testsuite name="src/components/__tests__/app-sidebar.test.tsx" timestamp="2025-07-07T23:06:21.625Z" hostname="MasakinoMacBook-Pro.local" tests="23" failures="0" errors="0" skipped="0" time="0.310304916">
        <testcase classname="src/components/__tests__/app-sidebar.test.tsx" name="AppSidebar &gt; レンダリング &gt; 基本的な構造が正しく表示される" time="0.024340583">
        </testcase>
        <testcase classname="src/components/__tests__/app-sidebar.test.tsx" name="AppSidebar &gt; レンダリング &gt; アプリケーションタイトルが表示される" time="0.0058785">
        </testcase>
        <testcase classname="src/components/__tests__/app-sidebar.test.tsx" name="AppSidebar &gt; レンダリング &gt; ナビゲーションメニューが表示される" time="0.004936875">
        </testcase>
        <testcase classname="src/components/__tests__/app-sidebar.test.tsx" name="AppSidebar &gt; レンダリング &gt; GitHubリンクが表示される" time="0.00628575">
        </testcase>
        <testcase classname="src/components/__tests__/app-sidebar.test.tsx" name="AppSidebar &gt; アイコン &gt; MessagesSquareアイコンが表示される" time="0.00649025">
        </testcase>
        <testcase classname="src/components/__tests__/app-sidebar.test.tsx" name="AppSidebar &gt; アイコン &gt; GitHubアイコンが表示される" time="0.002619542">
        </testcase>
        <testcase classname="src/components/__tests__/app-sidebar.test.tsx" name="AppSidebar &gt; アイコン &gt; アイコンに適切なクラスが設定される" time="0.002345625">
        </testcase>
        <testcase classname="src/components/__tests__/app-sidebar.test.tsx" name="AppSidebar &gt; リンク &gt; ヘッダーのリンクが正しいhrefを持つ" time="0.044924708">
        </testcase>
        <testcase classname="src/components/__tests__/app-sidebar.test.tsx" name="AppSidebar &gt; リンク &gt; チャットリンクが正しいhrefを持つ" time="0.007098083">
        </testcase>
        <testcase classname="src/components/__tests__/app-sidebar.test.tsx" name="AppSidebar &gt; リンク &gt; GitHubリンクが正しいhrefを持つ" time="0.021826708">
        </testcase>
        <testcase classname="src/components/__tests__/app-sidebar.test.tsx" name="AppSidebar &gt; メニューボタン &gt; 適切なサイズのメニューボタンが表示される" time="0.003244458">
        </testcase>
        <testcase classname="src/components/__tests__/app-sidebar.test.tsx" name="AppSidebar &gt; メニューボタン &gt; 通常サイズのメニューボタンが表示される" time="0.075216958">
        </testcase>
        <testcase classname="src/components/__tests__/app-sidebar.test.tsx" name="AppSidebar &gt; プロパティ &gt; Sidebarコンポーネントにpropsが渡される" time="0.002951375">
        </testcase>
        <testcase classname="src/components/__tests__/app-sidebar.test.tsx" name="AppSidebar &gt; プロパティ &gt; その他のpropsが正しく渡される" time="0.004894667">
        </testcase>
        <testcase classname="src/components/__tests__/app-sidebar.test.tsx" name="AppSidebar &gt; アクセシビリティ &gt; セマンティックな構造を持つ" time="0.027023917">
        </testcase>
        <testcase classname="src/components/__tests__/app-sidebar.test.tsx" name="AppSidebar &gt; アクセシビリティ &gt; リンクが適切にアクセシブル" time="0.030400458">
        </testcase>
        <testcase classname="src/components/__tests__/app-sidebar.test.tsx" name="AppSidebar &gt; アクセシビリティ &gt; 適切なテキストコンテンツを持つ" time="0.003950833">
        </testcase>
        <testcase classname="src/components/__tests__/app-sidebar.test.tsx" name="AppSidebar &gt; レスポンシブ &gt; モバイルでの表示に対応" time="0.002078958">
        </testcase>
        <testcase classname="src/components/__tests__/app-sidebar.test.tsx" name="AppSidebar &gt; エラーハンドリング &gt; 無効なpropsでもレンダリングされる" time="0.003060041">
        </testcase>
        <testcase classname="src/components/__tests__/app-sidebar.test.tsx" name="AppSidebar &gt; エラーハンドリング &gt; 空のpropsでもレンダリングされる" time="0.003483">
        </testcase>
        <testcase classname="src/components/__tests__/app-sidebar.test.tsx" name="AppSidebar &gt; コンポーネント統合 &gt; すべてのサブコンポーネントが正しく統合される" time="0.002382125">
        </testcase>
        <testcase classname="src/components/__tests__/app-sidebar.test.tsx" name="AppSidebar &gt; スタイリング &gt; 適切なCSSクラスが適用される" time="0.001809417">
        </testcase>
        <testcase classname="src/components/__tests__/app-sidebar.test.tsx" name="AppSidebar &gt; パフォーマンス &gt; 複数回レンダリングしても問題ない" time="0.01430325">
        </testcase>
    </testsuite>
    <testsuite name="src/components/__tests__/error-boundary-simple.test.tsx" timestamp="2025-07-07T23:06:21.627Z" hostname="MasakinoMacBook-Pro.local" tests="5" failures="0" errors="0" skipped="0" time="0.062370208">
        <testcase classname="src/components/__tests__/error-boundary-simple.test.tsx" name="ErrorBoundary &gt; should render children when no error occurs" time="0.02564875">
        </testcase>
        <testcase classname="src/components/__tests__/error-boundary-simple.test.tsx" name="ErrorBoundary &gt; should render error UI when child throws error" time="0.017200125">
        </testcase>
        <testcase classname="src/components/__tests__/error-boundary-simple.test.tsx" name="ErrorBoundary &gt; should call console.error when error occurs" time="0.004778917">
        </testcase>
        <testcase classname="src/components/__tests__/error-boundary-simple.test.tsx" name="ErrorBoundary &gt; should reset error state when reset button is clicked" time="0.009659042">
        </testcase>
        <testcase classname="src/components/__tests__/error-boundary-simple.test.tsx" name="ErrorBoundary &gt; should have reload button in error UI" time="0.004070459">
        </testcase>
    </testsuite>
    <testsuite name="src/components/__tests__/error-boundary.test.tsx" timestamp="2025-07-07T23:06:21.627Z" hostname="MasakinoMacBook-Pro.local" tests="24" failures="0" errors="0" skipped="0" time="0.312168167">
        <testcase classname="src/components/__tests__/error-boundary.test.tsx" name="ErrorBoundary &gt; should render children when no error occurs" time="0.01551225">
        </testcase>
        <testcase classname="src/components/__tests__/error-boundary.test.tsx" name="ErrorBoundary &gt; should render error UI when child throws error" time="0.0150485">
        </testcase>
        <testcase classname="src/components/__tests__/error-boundary.test.tsx" name="ErrorBoundary &gt; should call console.error when error occurs" time="0.004226916">
        </testcase>
        <testcase classname="src/components/__tests__/error-boundary.test.tsx" name="ErrorBoundary &gt; should reset error state when reset button is clicked" time="0.0133995">
        </testcase>
        <testcase classname="src/components/__tests__/error-boundary.test.tsx" name="ErrorBoundary &gt; should have reload button in error UI" time="0.00320325">
        </testcase>
        <testcase classname="src/components/__tests__/error-boundary.test.tsx" name="Custom Fallback Component &gt; should render custom fallback when provided" time="0.008925375">
            <system-err>
Error: Test error
    at ErrorThrowingComponent [90m(/Users/masaki/Documents/gamechat-ai/frontend/[39msrc/components/__tests__/error-boundary.test.tsx:9:11[90m)[39m
    at Object.react-stack-bottom-frame [90m(/Users/masaki/Documents/gamechat-ai/frontend/[39mnode_modules/[4mreact-dom[24m/cjs/react-dom-client.development.js:23863:20[90m)[39m
    at renderWithHooks [90m(/Users/masaki/Documents/gamechat-ai/frontend/[39mnode_modules/[4mreact-dom[24m/cjs/react-dom-client.development.js:5529:22[90m)[39m
    at updateFunctionComponent [90m(/Users/masaki/Documents/gamechat-ai/frontend/[39mnode_modules/[4mreact-dom[24m/cjs/react-dom-client.development.js:8897:19[90m)[39m
    at beginWork [90m(/Users/masaki/Documents/gamechat-ai/frontend/[39mnode_modules/[4mreact-dom[24m/cjs/react-dom-client.development.js:10522:18[90m)[39m
    at runWithFiberInDEV [90m(/Users/masaki/Documents/gamechat-ai/frontend/[39mnode_modules/[4mreact-dom[24m/cjs/react-dom-client.development.js:1522:13[90m)[39m
    at performUnitOfWork [90m(/Users/masaki/Documents/gamechat-ai/frontend/[39mnode_modules/[4mreact-dom[24m/cjs/react-dom-client.development.js:15140:22[90m)[39m
    at workLoopSync [90m(/Users/masaki/Documents/gamechat-ai/frontend/[39mnode_modules/[4mreact-dom[24m/cjs/react-dom-client.development.js:14956:41[90m)[39m
    at renderRootSync [90m(/Users/masaki/Documents/gamechat-ai/frontend/[39mnode_modules/[4mreact-dom[24m/cjs/react-dom-client.development.js:14936:11[90m)[39m
    at performWorkOnRoot [90m(/Users/masaki/Documents/gamechat-ai/frontend/[39mnode_modules/[4mreact-dom[24m/cjs/react-dom-client.development.js:14462:44[90m)[39m {
  [stack]: [36m[Getter/Setter][39m,
  [message]: [32m&apos;Test error&apos;[39m
}

The above error occurred in the &lt;ErrorThrowingComponent&gt; component.

React will try to recreate this component tree from scratch using the error boundary you provided, ErrorBoundary.

ErrorBoundary caught an error: Error: Test error
    at ErrorThrowingComponent [90m(/Users/masaki/Documents/gamechat-ai/frontend/[39msrc/components/__tests__/error-boundary.test.tsx:9:11[90m)[39m
    at Object.react-stack-bottom-frame [90m(/Users/masaki/Documents/gamechat-ai/frontend/[39mnode_modules/[4mreact-dom[24m/cjs/react-dom-client.development.js:23863:20[90m)[39m
    at renderWithHooks [90m(/Users/masaki/Documents/gamechat-ai/frontend/[39mnode_modules/[4mreact-dom[24m/cjs/react-dom-client.development.js:5529:22[90m)[39m
    at updateFunctionComponent [90m(/Users/masaki/Documents/gamechat-ai/frontend/[39mnode_modules/[4mreact-dom[24m/cjs/react-dom-client.development.js:8897:19[90m)[39m
    at beginWork [90m(/Users/masaki/Documents/gamechat-ai/frontend/[39mnode_modules/[4mreact-dom[24m/cjs/react-dom-client.development.js:10522:18[90m)[39m
    at runWithFiberInDEV [90m(/Users/masaki/Documents/gamechat-ai/frontend/[39mnode_modules/[4mreact-dom[24m/cjs/react-dom-client.development.js:1522:13[90m)[39m
    at performUnitOfWork [90m(/Users/masaki/Documents/gamechat-ai/frontend/[39mnode_modules/[4mreact-dom[24m/cjs/react-dom-client.development.js:15140:22[90m)[39m
    at workLoopSync [90m(/Users/masaki/Documents/gamechat-ai/frontend/[39mnode_modules/[4mreact-dom[24m/cjs/react-dom-client.development.js:14956:41[90m)[39m
    at renderRootSync [90m(/Users/masaki/Documents/gamechat-ai/frontend/[39mnode_modules/[4mreact-dom[24m/cjs/react-dom-client.development.js:14936:11[90m)[39m
    at performWorkOnRoot [90m(/Users/masaki/Documents/gamechat-ai/frontend/[39mnode_modules/[4mreact-dom[24m/cjs/react-dom-client.development.js:14462:44[90m)[39m
Error Info: {
  componentStack: [32m&apos;\n&apos;[39m +
    [32m&apos;    at ErrorThrowingComponent (/Users/masaki/Documents/gamechat-ai/frontend/src/components/__tests__/error-boundary.test.tsx:11:35)\n&apos;[39m +
    [32m&apos;    at ErrorBoundary (/Users/masaki/Documents/gamechat-ai/frontend/src/components/error-boundary.tsx:11:5)&apos;[39m
}

            </system-err>
        </testcase>
        <testcase classname="src/components/__tests__/error-boundary.test.tsx" name="Custom Fallback Component &gt; should call custom reset function" time="0.010316334">
            <system-err>
Error: Test error
    at ErrorThrowingComponent [90m(/Users/masaki/Documents/gamechat-ai/frontend/[39msrc/components/__tests__/error-boundary.test.tsx:9:11[90m)[39m
    at Object.react-stack-bottom-frame [90m(/Users/masaki/Documents/gamechat-ai/frontend/[39mnode_modules/[4mreact-dom[24m/cjs/react-dom-client.development.js:23863:20[90m)[39m
    at renderWithHooks [90m(/Users/masaki/Documents/gamechat-ai/frontend/[39mnode_modules/[4mreact-dom[24m/cjs/react-dom-client.development.js:5529:22[90m)[39m
    at updateFunctionComponent [90m(/Users/masaki/Documents/gamechat-ai/frontend/[39mnode_modules/[4mreact-dom[24m/cjs/react-dom-client.development.js:8897:19[90m)[39m
    at beginWork [90m(/Users/masaki/Documents/gamechat-ai/frontend/[39mnode_modules/[4mreact-dom[24m/cjs/react-dom-client.development.js:10522:18[90m)[39m
    at runWithFiberInDEV [90m(/Users/masaki/Documents/gamechat-ai/frontend/[39mnode_modules/[4mreact-dom[24m/cjs/react-dom-client.development.js:1522:13[90m)[39m
    at performUnitOfWork [90m(/Users/masaki/Documents/gamechat-ai/frontend/[39mnode_modules/[4mreact-dom[24m/cjs/react-dom-client.development.js:15140:22[90m)[39m
    at workLoopSync [90m(/Users/masaki/Documents/gamechat-ai/frontend/[39mnode_modules/[4mreact-dom[24m/cjs/react-dom-client.development.js:14956:41[90m)[39m
    at renderRootSync [90m(/Users/masaki/Documents/gamechat-ai/frontend/[39mnode_modules/[4mreact-dom[24m/cjs/react-dom-client.development.js:14936:11[90m)[39m
    at performWorkOnRoot [90m(/Users/masaki/Documents/gamechat-ai/frontend/[39mnode_modules/[4mreact-dom[24m/cjs/react-dom-client.development.js:14462:44[90m)[39m {
  [stack]: [36m[Getter/Setter][39m,
  [message]: [32m&apos;Test error&apos;[39m
}

The above error occurred in the &lt;ErrorThrowingComponent&gt; component.

React will try to recreate this component tree from scratch using the error boundary you provided, ErrorBoundary.

ErrorBoundary caught an error: Error: Test error
    at ErrorThrowingComponent [90m(/Users/masaki/Documents/gamechat-ai/frontend/[39msrc/components/__tests__/error-boundary.test.tsx:9:11[90m)[39m
    at Object.react-stack-bottom-frame [90m(/Users/masaki/Documents/gamechat-ai/frontend/[39mnode_modules/[4mreact-dom[24m/cjs/react-dom-client.development.js:23863:20[90m)[39m
    at renderWithHooks [90m(/Users/masaki/Documents/gamechat-ai/frontend/[39mnode_modules/[4mreact-dom[24m/cjs/react-dom-client.development.js:5529:22[90m)[39m
    at updateFunctionComponent [90m(/Users/masaki/Documents/gamechat-ai/frontend/[39mnode_modules/[4mreact-dom[24m/cjs/react-dom-client.development.js:8897:19[90m)[39m
    at beginWork [90m(/Users/masaki/Documents/gamechat-ai/frontend/[39mnode_modules/[4mreact-dom[24m/cjs/react-dom-client.development.js:10522:18[90m)[39m
    at runWithFiberInDEV [90m(/Users/masaki/Documents/gamechat-ai/frontend/[39mnode_modules/[4mreact-dom[24m/cjs/react-dom-client.development.js:1522:13[90m)[39m
    at performUnitOfWork [90m(/Users/masaki/Documents/gamechat-ai/frontend/[39mnode_modules/[4mreact-dom[24m/cjs/react-dom-client.development.js:15140:22[90m)[39m
    at workLoopSync [90m(/Users/masaki/Documents/gamechat-ai/frontend/[39mnode_modules/[4mreact-dom[24m/cjs/react-dom-client.development.js:14956:41[90m)[39m
    at renderRootSync [90m(/Users/masaki/Documents/gamechat-ai/frontend/[39mnode_modules/[4mreact-dom[24m/cjs/react-dom-client.development.js:14936:11[90m)[39m
    at performWorkOnRoot [90m(/Users/masaki/Documents/gamechat-ai/frontend/[39mnode_modules/[4mreact-dom[24m/cjs/react-dom-client.development.js:14462:44[90m)[39m
Error Info: {
  componentStack: [32m&apos;\n&apos;[39m +
    [32m&apos;    at ErrorThrowingComponent (/Users/masaki/Documents/gamechat-ai/frontend/src/components/__tests__/error-boundary.test.tsx:11:35)\n&apos;[39m +
    [32m&apos;    at ErrorBoundary (/Users/masaki/Documents/gamechat-ai/frontend/src/components/error-boundary.tsx:11:5)&apos;[39m
}
Error: Test error
    at ErrorThrowingComponent [90m(/Users/masaki/Documents/gamechat-ai/frontend/[39msrc/components/__tests__/error-boundary.test.tsx:9:11[90m)[39m
    at Object.react-stack-bottom-frame [90m(/Users/masaki/Documents/gamechat-ai/frontend/[39mnode_modules/[4mreact-dom[24m/cjs/react-dom-client.development.js:23863:20[90m)[39m
    at renderWithHooks [90m(/Users/masaki/Documents/gamechat-ai/frontend/[39mnode_modules/[4mreact-dom[24m/cjs/react-dom-client.development.js:5529:22[90m)[39m
    at updateFunctionComponent [90m(/Users/masaki/Documents/gamechat-ai/frontend/[39mnode_modules/[4mreact-dom[24m/cjs/react-dom-client.development.js:8897:19[90m)[39m
    at beginWork [90m(/Users/masaki/Documents/gamechat-ai/frontend/[39mnode_modules/[4mreact-dom[24m/cjs/react-dom-client.development.js:10522:18[90m)[39m
    at runWithFiberInDEV [90m(/Users/masaki/Documents/gamechat-ai/frontend/[39mnode_modules/[4mreact-dom[24m/cjs/react-dom-client.development.js:1522:13[90m)[39m
    at performUnitOfWork [90m(/Users/masaki/Documents/gamechat-ai/frontend/[39mnode_modules/[4mreact-dom[24m/cjs/react-dom-client.development.js:15140:22[90m)[39m
    at workLoopSync [90m(/Users/masaki/Documents/gamechat-ai/frontend/[39mnode_modules/[4mreact-dom[24m/cjs/react-dom-client.development.js:14956:41[90m)[39m
    at renderRootSync [90m(/Users/masaki/Documents/gamechat-ai/frontend/[39mnode_modules/[4mreact-dom[24m/cjs/react-dom-client.development.js:14936:11[90m)[39m
    at performWorkOnRoot [90m(/Users/masaki/Documents/gamechat-ai/frontend/[39mnode_modules/[4mreact-dom[24m/cjs/react-dom-client.development.js:14462:44[90m)[39m {
  [stack]: [36m[Getter/Setter][39m,
  [message]: [32m&apos;Test error&apos;[39m
}

The above error occurred in the &lt;ErrorThrowingComponent&gt; component.

React will try to recreate this component tree from scratch using the error boundary you provided, ErrorBoundary.

ErrorBoundary caught an error: Error: Test error
    at ErrorThrowingComponent [90m(/Users/masaki/Documents/gamechat-ai/frontend/[39msrc/components/__tests__/error-boundary.test.tsx:9:11[90m)[39m
    at Object.react-stack-bottom-frame [90m(/Users/masaki/Documents/gamechat-ai/frontend/[39mnode_modules/[4mreact-dom[24m/cjs/react-dom-client.development.js:23863:20[90m)[39m
    at renderWithHooks [90m(/Users/masaki/Documents/gamechat-ai/frontend/[39mnode_modules/[4mreact-dom[24m/cjs/react-dom-client.development.js:5529:22[90m)[39m
    at updateFunctionComponent [90m(/Users/masaki/Documents/gamechat-ai/frontend/[39mnode_modules/[4mreact-dom[24m/cjs/react-dom-client.development.js:8897:19[90m)[39m
    at beginWork [90m(/Users/masaki/Documents/gamechat-ai/frontend/[39mnode_modules/[4mreact-dom[24m/cjs/react-dom-client.development.js:10522:18[90m)[39m
    at runWithFiberInDEV [90m(/Users/masaki/Documents/gamechat-ai/frontend/[39mnode_modules/[4mreact-dom[24m/cjs/react-dom-client.development.js:1522:13[90m)[39m
    at performUnitOfWork [90m(/Users/masaki/Documents/gamechat-ai/frontend/[39mnode_modules/[4mreact-dom[24m/cjs/react-dom-client.development.js:15140:22[90m)[39m
    at workLoopSync [90m(/Users/masaki/Documents/gamechat-ai/frontend/[39mnode_modules/[4mreact-dom[24m/cjs/react-dom-client.development.js:14956:41[90m)[39m
    at renderRootSync [90m(/Users/masaki/Documents/gamechat-ai/frontend/[39mnode_modules/[4mreact-dom[24m/cjs/react-dom-client.development.js:14936:11[90m)[39m
    at performWorkOnRoot [90m(/Users/masaki/Documents/gamechat-ai/frontend/[39mnode_modules/[4mreact-dom[24m/cjs/react-dom-client.development.js:14462:44[90m)[39m
Error Info: {
  componentStack: [32m&apos;\n&apos;[39m +
    [32m&apos;    at ErrorThrowingComponent (/Users/masaki/Documents/gamechat-ai/frontend/src/components/__tests__/error-boundary.test.tsx:11:35)\n&apos;[39m +
    [32m&apos;    at ErrorBoundary (/Users/masaki/Documents/gamechat-ai/frontend/src/components/error-boundary.tsx:11:5)&apos;[39m
}

            </system-err>
        </testcase>
        <testcase classname="src/components/__tests__/error-boundary.test.tsx" name="Error Callback &gt; should call onError callback when provided" time="0.004130958">
            <system-err>
Error: Test error
    at ErrorThrowingComponent [90m(/Users/masaki/Documents/gamechat-ai/frontend/[39msrc/components/__tests__/error-boundary.test.tsx:9:11[90m)[39m
    at Object.react-stack-bottom-frame [90m(/Users/masaki/Documents/gamechat-ai/frontend/[39mnode_modules/[4mreact-dom[24m/cjs/react-dom-client.development.js:23863:20[90m)[39m
    at renderWithHooks [90m(/Users/masaki/Documents/gamechat-ai/frontend/[39mnode_modules/[4mreact-dom[24m/cjs/react-dom-client.development.js:5529:22[90m)[39m
    at updateFunctionComponent [90m(/Users/masaki/Documents/gamechat-ai/frontend/[39mnode_modules/[4mreact-dom[24m/cjs/react-dom-client.development.js:8897:19[90m)[39m
    at beginWork [90m(/Users/masaki/Documents/gamechat-ai/frontend/[39mnode_modules/[4mreact-dom[24m/cjs/react-dom-client.development.js:10522:18[90m)[39m
    at runWithFiberInDEV [90m(/Users/masaki/Documents/gamechat-ai/frontend/[39mnode_modules/[4mreact-dom[24m/cjs/react-dom-client.development.js:1522:13[90m)[39m
    at performUnitOfWork [90m(/Users/masaki/Documents/gamechat-ai/frontend/[39mnode_modules/[4mreact-dom[24m/cjs/react-dom-client.development.js:15140:22[90m)[39m
    at workLoopSync [90m(/Users/masaki/Documents/gamechat-ai/frontend/[39mnode_modules/[4mreact-dom[24m/cjs/react-dom-client.development.js:14956:41[90m)[39m
    at renderRootSync [90m(/Users/masaki/Documents/gamechat-ai/frontend/[39mnode_modules/[4mreact-dom[24m/cjs/react-dom-client.development.js:14936:11[90m)[39m
    at performWorkOnRoot [90m(/Users/masaki/Documents/gamechat-ai/frontend/[39mnode_modules/[4mreact-dom[24m/cjs/react-dom-client.development.js:14462:44[90m)[39m {
  [stack]: [36m[Getter/Setter][39m,
  [message]: [32m&apos;Test error&apos;[39m
}

The above error occurred in the &lt;ErrorThrowingComponent&gt; component.

React will try to recreate this component tree from scratch using the error boundary you provided, ErrorBoundary.

ErrorBoundary caught an error: Error: Test error
    at ErrorThrowingComponent [90m(/Users/masaki/Documents/gamechat-ai/frontend/[39msrc/components/__tests__/error-boundary.test.tsx:9:11[90m)[39m
    at Object.react-stack-bottom-frame [90m(/Users/masaki/Documents/gamechat-ai/frontend/[39mnode_modules/[4mreact-dom[24m/cjs/react-dom-client.development.js:23863:20[90m)[39m
    at renderWithHooks [90m(/Users/masaki/Documents/gamechat-ai/frontend/[39mnode_modules/[4mreact-dom[24m/cjs/react-dom-client.development.js:5529:22[90m)[39m
    at updateFunctionComponent [90m(/Users/masaki/Documents/gamechat-ai/frontend/[39mnode_modules/[4mreact-dom[24m/cjs/react-dom-client.development.js:8897:19[90m)[39m
    at beginWork [90m(/Users/masaki/Documents/gamechat-ai/frontend/[39mnode_modules/[4mreact-dom[24m/cjs/react-dom-client.development.js:10522:18[90m)[39m
    at runWithFiberInDEV [90m(/Users/masaki/Documents/gamechat-ai/frontend/[39mnode_modules/[4mreact-dom[24m/cjs/react-dom-client.development.js:1522:13[90m)[39m
    at performUnitOfWork [90m(/Users/masaki/Documents/gamechat-ai/frontend/[39mnode_modules/[4mreact-dom[24m/cjs/react-dom-client.development.js:15140:22[90m)[39m
    at workLoopSync [90m(/Users/masaki/Documents/gamechat-ai/frontend/[39mnode_modules/[4mreact-dom[24m/cjs/react-dom-client.development.js:14956:41[90m)[39m
    at renderRootSync [90m(/Users/masaki/Documents/gamechat-ai/frontend/[39mnode_modules/[4mreact-dom[24m/cjs/react-dom-client.development.js:14936:11[90m)[39m
    at performWorkOnRoot [90m(/Users/masaki/Documents/gamechat-ai/frontend/[39mnode_modules/[4mreact-dom[24m/cjs/react-dom-client.development.js:14462:44[90m)[39m
Error Info: {
  componentStack: [32m&apos;\n&apos;[39m +
    [32m&apos;    at ErrorThrowingComponent (/Users/masaki/Documents/gamechat-ai/frontend/src/components/__tests__/error-boundary.test.tsx:11:35)\n&apos;[39m +
    [32m&apos;    at ErrorBoundary (/Users/masaki/Documents/gamechat-ai/frontend/src/components/error-boundary.tsx:11:5)&apos;[39m
}

            </system-err>
        </testcase>
        <testcase classname="src/components/__tests__/error-boundary.test.tsx" name="Error Callback &gt; should not call onError when no error occurs" time="0.00161525">
        </testcase>
        <testcase classname="src/components/__tests__/error-boundary.test.tsx" name="Error Types &gt; should handle different error types" time="0.0060485">
            <system-err>
TypeError: Type error occurred
    at ThrowTypeError [90m(/Users/masaki/Documents/gamechat-ai/frontend/[39msrc/components/__tests__/error-boundary.test.tsx:166:13[90m)[39m
    at Object.react-stack-bottom-frame [90m(/Users/masaki/Documents/gamechat-ai/frontend/[39mnode_modules/[4mreact-dom[24m/cjs/react-dom-client.development.js:23863:20[90m)[39m
    at renderWithHooks [90m(/Users/masaki/Documents/gamechat-ai/frontend/[39mnode_modules/[4mreact-dom[24m/cjs/react-dom-client.development.js:5529:22[90m)[39m
    at updateFunctionComponent [90m(/Users/masaki/Documents/gamechat-ai/frontend/[39mnode_modules/[4mreact-dom[24m/cjs/react-dom-client.development.js:8897:19[90m)[39m
    at beginWork [90m(/Users/masaki/Documents/gamechat-ai/frontend/[39mnode_modules/[4mreact-dom[24m/cjs/react-dom-client.development.js:10522:18[90m)[39m
    at runWithFiberInDEV [90m(/Users/masaki/Documents/gamechat-ai/frontend/[39mnode_modules/[4mreact-dom[24m/cjs/react-dom-client.development.js:1522:13[90m)[39m
    at performUnitOfWork [90m(/Users/masaki/Documents/gamechat-ai/frontend/[39mnode_modules/[4mreact-dom[24m/cjs/react-dom-client.development.js:15140:22[90m)[39m
    at workLoopSync [90m(/Users/masaki/Documents/gamechat-ai/frontend/[39mnode_modules/[4mreact-dom[24m/cjs/react-dom-client.development.js:14956:41[90m)[39m
    at renderRootSync [90m(/Users/masaki/Documents/gamechat-ai/frontend/[39mnode_modules/[4mreact-dom[24m/cjs/react-dom-client.development.js:14936:11[90m)[39m
    at performWorkOnRoot [90m(/Users/masaki/Documents/gamechat-ai/frontend/[39mnode_modules/[4mreact-dom[24m/cjs/react-dom-client.development.js:14462:44[90m)[39m {
  [stack]: [36m[Getter/Setter][39m,
  [message]: [32m&apos;Type error occurred&apos;[39m
}

The above error occurred in the &lt;ThrowTypeError&gt; component.

React will try to recreate this component tree from scratch using the error boundary you provided, ErrorBoundary.

ErrorBoundary caught an error: TypeError: Type error occurred
    at ThrowTypeError [90m(/Users/masaki/Documents/gamechat-ai/frontend/[39msrc/components/__tests__/error-boundary.test.tsx:166:13[90m)[39m
    at Object.react-stack-bottom-frame [90m(/Users/masaki/Documents/gamechat-ai/frontend/[39mnode_modules/[4mreact-dom[24m/cjs/react-dom-client.development.js:23863:20[90m)[39m
    at renderWithHooks [90m(/Users/masaki/Documents/gamechat-ai/frontend/[39mnode_modules/[4mreact-dom[24m/cjs/react-dom-client.development.js:5529:22[90m)[39m
    at updateFunctionComponent [90m(/Users/masaki/Documents/gamechat-ai/frontend/[39mnode_modules/[4mreact-dom[24m/cjs/react-dom-client.development.js:8897:19[90m)[39m
    at beginWork [90m(/Users/masaki/Documents/gamechat-ai/frontend/[39mnode_modules/[4mreact-dom[24m/cjs/react-dom-client.development.js:10522:18[90m)[39m
    at runWithFiberInDEV [90m(/Users/masaki/Documents/gamechat-ai/frontend/[39mnode_modules/[4mreact-dom[24m/cjs/react-dom-client.development.js:1522:13[90m)[39m
    at performUnitOfWork [90m(/Users/masaki/Documents/gamechat-ai/frontend/[39mnode_modules/[4mreact-dom[24m/cjs/react-dom-client.development.js:15140:22[90m)[39m
    at workLoopSync [90m(/Users/masaki/Documents/gamechat-ai/frontend/[39mnode_modules/[4mreact-dom[24m/cjs/react-dom-client.development.js:14956:41[90m)[39m
    at renderRootSync [90m(/Users/masaki/Documents/gamechat-ai/frontend/[39mnode_modules/[4mreact-dom[24m/cjs/react-dom-client.development.js:14936:11[90m)[39m
    at performWorkOnRoot [90m(/Users/masaki/Documents/gamechat-ai/frontend/[39mnode_modules/[4mreact-dom[24m/cjs/react-dom-client.development.js:14462:44[90m)[39m
Error Info: {
  componentStack: [32m&apos;\n&apos;[39m +
    [32m&apos;    at ThrowTypeError (/Users/masaki/Documents/gamechat-ai/frontend/src/components/__tests__/error-boundary.test.tsx:215:13)\n&apos;[39m +
    [32m&apos;    at ErrorBoundary (/Users/masaki/Documents/gamechat-ai/frontend/src/components/error-boundary.tsx:11:5)&apos;[39m
}

            </system-err>
        </testcase>
        <testcase classname="src/components/__tests__/error-boundary.test.tsx" name="Error Types &gt; should handle errors with empty messages" time="0.002731292">
            <system-err>
Error: 
    at EmptyErrorComponent [90m(/Users/masaki/Documents/gamechat-ai/frontend/[39msrc/components/__tests__/error-boundary.test.tsx:180:13[90m)[39m
    at Object.react-stack-bottom-frame [90m(/Users/masaki/Documents/gamechat-ai/frontend/[39mnode_modules/[4mreact-dom[24m/cjs/react-dom-client.development.js:23863:20[90m)[39m
    at renderWithHooks [90m(/Users/masaki/Documents/gamechat-ai/frontend/[39mnode_modules/[4mreact-dom[24m/cjs/react-dom-client.development.js:5529:22[90m)[39m
    at updateFunctionComponent [90m(/Users/masaki/Documents/gamechat-ai/frontend/[39mnode_modules/[4mreact-dom[24m/cjs/react-dom-client.development.js:8897:19[90m)[39m
    at beginWork [90m(/Users/masaki/Documents/gamechat-ai/frontend/[39mnode_modules/[4mreact-dom[24m/cjs/react-dom-client.development.js:10522:18[90m)[39m
    at runWithFiberInDEV [90m(/Users/masaki/Documents/gamechat-ai/frontend/[39mnode_modules/[4mreact-dom[24m/cjs/react-dom-client.development.js:1522:13[90m)[39m
    at performUnitOfWork [90m(/Users/masaki/Documents/gamechat-ai/frontend/[39mnode_modules/[4mreact-dom[24m/cjs/react-dom-client.development.js:15140:22[90m)[39m
    at workLoopSync [90m(/Users/masaki/Documents/gamechat-ai/frontend/[39mnode_modules/[4mreact-dom[24m/cjs/react-dom-client.development.js:14956:41[90m)[39m
    at renderRootSync [90m(/Users/masaki/Documents/gamechat-ai/frontend/[39mnode_modules/[4mreact-dom[24m/cjs/react-dom-client.development.js:14936:11[90m)[39m
    at performWorkOnRoot [90m(/Users/masaki/Documents/gamechat-ai/frontend/[39mnode_modules/[4mreact-dom[24m/cjs/react-dom-client.development.js:14462:44[90m)[39m {
  [stack]: [36m[Getter/Setter][39m,
  [message]: [32m&apos;&apos;[39m
}

The above error occurred in the &lt;EmptyErrorComponent&gt; component.

React will try to recreate this component tree from scratch using the error boundary you provided, ErrorBoundary.

ErrorBoundary caught an error: Error: 
    at EmptyErrorComponent [90m(/Users/masaki/Documents/gamechat-ai/frontend/[39msrc/components/__tests__/error-boundary.test.tsx:180:13[90m)[39m
    at Object.react-stack-bottom-frame [90m(/Users/masaki/Documents/gamechat-ai/frontend/[39mnode_modules/[4mreact-dom[24m/cjs/react-dom-client.development.js:23863:20[90m)[39m
    at renderWithHooks [90m(/Users/masaki/Documents/gamechat-ai/frontend/[39mnode_modules/[4mreact-dom[24m/cjs/react-dom-client.development.js:5529:22[90m)[39m
    at updateFunctionComponent [90m(/Users/masaki/Documents/gamechat-ai/frontend/[39mnode_modules/[4mreact-dom[24m/cjs/react-dom-client.development.js:8897:19[90m)[39m
    at beginWork [90m(/Users/masaki/Documents/gamechat-ai/frontend/[39mnode_modules/[4mreact-dom[24m/cjs/react-dom-client.development.js:10522:18[90m)[39m
    at runWithFiberInDEV [90m(/Users/masaki/Documents/gamechat-ai/frontend/[39mnode_modules/[4mreact-dom[24m/cjs/react-dom-client.development.js:1522:13[90m)[39m
    at performUnitOfWork [90m(/Users/masaki/Documents/gamechat-ai/frontend/[39mnode_modules/[4mreact-dom[24m/cjs/react-dom-client.development.js:15140:22[90m)[39m
    at workLoopSync [90m(/Users/masaki/Documents/gamechat-ai/frontend/[39mnode_modules/[4mreact-dom[24m/cjs/react-dom-client.development.js:14956:41[90m)[39m
    at renderRootSync [90m(/Users/masaki/Documents/gamechat-ai/frontend/[39mnode_modules/[4mreact-dom[24m/cjs/react-dom-client.development.js:14936:11[90m)[39m
    at performWorkOnRoot [90m(/Users/masaki/Documents/gamechat-ai/frontend/[39mnode_modules/[4mreact-dom[24m/cjs/react-dom-client.development.js:14462:44[90m)[39m
Error Info: {
  componentStack: [32m&apos;\n&apos;[39m +
    [32m&apos;    at EmptyErrorComponent (/Users/masaki/Documents/gamechat-ai/frontend/src/components/__tests__/error-boundary.test.tsx:232:13)\n&apos;[39m +
    [32m&apos;    at ErrorBoundary (/Users/masaki/Documents/gamechat-ai/frontend/src/components/error-boundary.tsx:11:5)&apos;[39m
}

            </system-err>
        </testcase>
        <testcase classname="src/components/__tests__/error-boundary.test.tsx" name="Error Types &gt; should handle null/undefined errors gracefully" time="0.010747833">
            <system-err>
[1mnull[22m

The above error occurred in the &lt;NullErrorComponent&gt; component.

React will try to recreate this component tree from scratch using the error boundary you provided, ErrorBoundary.

ErrorBoundary caught an error: [1mnull[22m
Error Info: {
  componentStack: [32m&apos;\n&apos;[39m +
    [32m&apos;    at NullErrorComponent (&lt;anonymous&gt;)\n&apos;[39m +
    [32m&apos;    at ErrorBoundary (/Users/masaki/Documents/gamechat-ai/frontend/src/components/error-boundary.tsx:11:5)&apos;[39m
}

            </system-err>
        </testcase>
        <testcase classname="src/components/__tests__/error-boundary.test.tsx" name="Environment-based Error Details &gt; should display error details in development mode" time="0.005198292">
            <system-err>
Error: Development error
    at CustomErrorComponent [90m(/Users/masaki/Documents/gamechat-ai/frontend/[39msrc/components/__tests__/error-boundary.test.tsx:212:13[90m)[39m
    at Object.react-stack-bottom-frame [90m(/Users/masaki/Documents/gamechat-ai/frontend/[39mnode_modules/[4mreact-dom[24m/cjs/react-dom-client.development.js:23863:20[90m)[39m
    at renderWithHooks [90m(/Users/masaki/Documents/gamechat-ai/frontend/[39mnode_modules/[4mreact-dom[24m/cjs/react-dom-client.development.js:5529:22[90m)[39m
    at updateFunctionComponent [90m(/Users/masaki/Documents/gamechat-ai/frontend/[39mnode_modules/[4mreact-dom[24m/cjs/react-dom-client.development.js:8897:19[90m)[39m
    at beginWork [90m(/Users/masaki/Documents/gamechat-ai/frontend/[39mnode_modules/[4mreact-dom[24m/cjs/react-dom-client.development.js:10522:18[90m)[39m
    at runWithFiberInDEV [90m(/Users/masaki/Documents/gamechat-ai/frontend/[39mnode_modules/[4mreact-dom[24m/cjs/react-dom-client.development.js:1522:13[90m)[39m
    at performUnitOfWork [90m(/Users/masaki/Documents/gamechat-ai/frontend/[39mnode_modules/[4mreact-dom[24m/cjs/react-dom-client.development.js:15140:22[90m)[39m
    at workLoopSync [90m(/Users/masaki/Documents/gamechat-ai/frontend/[39mnode_modules/[4mreact-dom[24m/cjs/react-dom-client.development.js:14956:41[90m)[39m
    at renderRootSync [90m(/Users/masaki/Documents/gamechat-ai/frontend/[39mnode_modules/[4mreact-dom[24m/cjs/react-dom-client.development.js:14936:11[90m)[39m
    at performWorkOnRoot [90m(/Users/masaki/Documents/gamechat-ai/frontend/[39mnode_modules/[4mreact-dom[24m/cjs/react-dom-client.development.js:14462:44[90m)[39m {
  [stack]: [36m[Getter/Setter][39m,
  [message]: [32m&apos;Development error&apos;[39m
}

The above error occurred in the &lt;CustomErrorComponent&gt; component.

React will try to recreate this component tree from scratch using the error boundary you provided, ErrorBoundary.

ErrorBoundary caught an error: Error: Development error
    at CustomErrorComponent [90m(/Users/masaki/Documents/gamechat-ai/frontend/[39msrc/components/__tests__/error-boundary.test.tsx:212:13[90m)[39m
    at Object.react-stack-bottom-frame [90m(/Users/masaki/Documents/gamechat-ai/frontend/[39mnode_modules/[4mreact-dom[24m/cjs/react-dom-client.development.js:23863:20[90m)[39m
    at renderWithHooks [90m(/Users/masaki/Documents/gamechat-ai/frontend/[39mnode_modules/[4mreact-dom[24m/cjs/react-dom-client.development.js:5529:22[90m)[39m
    at updateFunctionComponent [90m(/Users/masaki/Documents/gamechat-ai/frontend/[39mnode_modules/[4mreact-dom[24m/cjs/react-dom-client.development.js:8897:19[90m)[39m
    at beginWork [90m(/Users/masaki/Documents/gamechat-ai/frontend/[39mnode_modules/[4mreact-dom[24m/cjs/react-dom-client.development.js:10522:18[90m)[39m
    at runWithFiberInDEV [90m(/Users/masaki/Documents/gamechat-ai/frontend/[39mnode_modules/[4mreact-dom[24m/cjs/react-dom-client.development.js:1522:13[90m)[39m
    at performUnitOfWork [90m(/Users/masaki/Documents/gamechat-ai/frontend/[39mnode_modules/[4mreact-dom[24m/cjs/react-dom-client.development.js:15140:22[90m)[39m
    at workLoopSync [90m(/Users/masaki/Documents/gamechat-ai/frontend/[39mnode_modules/[4mreact-dom[24m/cjs/react-dom-client.development.js:14956:41[90m)[39m
    at renderRootSync [90m(/Users/masaki/Documents/gamechat-ai/frontend/[39mnode_modules/[4mreact-dom[24m/cjs/react-dom-client.development.js:14936:11[90m)[39m
    at performWorkOnRoot [90m(/Users/masaki/Documents/gamechat-ai/frontend/[39mnode_modules/[4mreact-dom[24m/cjs/react-dom-client.development.js:14462:44[90m)[39m
Error Info: {
  componentStack: [32m&apos;\n&apos;[39m +
    [32m&apos;    at CustomErrorComponent (/Users/masaki/Documents/gamechat-ai/frontend/src/components/__tests__/error-boundary.test.tsx:269:13)\n&apos;[39m +
    [32m&apos;    at ErrorBoundary (/Users/masaki/Documents/gamechat-ai/frontend/src/components/error-boundary.tsx:11:5)&apos;[39m
}

            </system-err>
        </testcase>
        <testcase classname="src/components/__tests__/error-boundary.test.tsx" name="Environment-based Error Details &gt; should not display error details in production mode" time="0.003546">
            <system-err>
Error: Production error
    at CustomErrorComponent [90m(/Users/masaki/Documents/gamechat-ai/frontend/[39msrc/components/__tests__/error-boundary.test.tsx:234:13[90m)[39m
    at Object.react-stack-bottom-frame [90m(/Users/masaki/Documents/gamechat-ai/frontend/[39mnode_modules/[4mreact-dom[24m/cjs/react-dom-client.development.js:23863:20[90m)[39m
    at renderWithHooks [90m(/Users/masaki/Documents/gamechat-ai/frontend/[39mnode_modules/[4mreact-dom[24m/cjs/react-dom-client.development.js:5529:22[90m)[39m
    at updateFunctionComponent [90m(/Users/masaki/Documents/gamechat-ai/frontend/[39mnode_modules/[4mreact-dom[24m/cjs/react-dom-client.development.js:8897:19[90m)[39m
    at beginWork [90m(/Users/masaki/Documents/gamechat-ai/frontend/[39mnode_modules/[4mreact-dom[24m/cjs/react-dom-client.development.js:10522:18[90m)[39m
    at runWithFiberInDEV [90m(/Users/masaki/Documents/gamechat-ai/frontend/[39mnode_modules/[4mreact-dom[24m/cjs/react-dom-client.development.js:1522:13[90m)[39m
    at performUnitOfWork [90m(/Users/masaki/Documents/gamechat-ai/frontend/[39mnode_modules/[4mreact-dom[24m/cjs/react-dom-client.development.js:15140:22[90m)[39m
    at workLoopSync [90m(/Users/masaki/Documents/gamechat-ai/frontend/[39mnode_modules/[4mreact-dom[24m/cjs/react-dom-client.development.js:14956:41[90m)[39m
    at renderRootSync [90m(/Users/masaki/Documents/gamechat-ai/frontend/[39mnode_modules/[4mreact-dom[24m/cjs/react-dom-client.development.js:14936:11[90m)[39m
    at performWorkOnRoot [90m(/Users/masaki/Documents/gamechat-ai/frontend/[39mnode_modules/[4mreact-dom[24m/cjs/react-dom-client.development.js:14462:44[90m)[39m {
  [stack]: [36m[Getter/Setter][39m,
  [message]: [32m&apos;Production error&apos;[39m
}

The above error occurred in the &lt;CustomErrorComponent&gt; component.

React will try to recreate this component tree from scratch using the error boundary you provided, ErrorBoundary.

ErrorBoundary caught an error: Error: Production error
    at CustomErrorComponent [90m(/Users/masaki/Documents/gamechat-ai/frontend/[39msrc/components/__tests__/error-boundary.test.tsx:234:13[90m)[39m
    at Object.react-stack-bottom-frame [90m(/Users/masaki/Documents/gamechat-ai/frontend/[39mnode_modules/[4mreact-dom[24m/cjs/react-dom-client.development.js:23863:20[90m)[39m
    at renderWithHooks [90m(/Users/masaki/Documents/gamechat-ai/frontend/[39mnode_modules/[4mreact-dom[24m/cjs/react-dom-client.development.js:5529:22[90m)[39m
    at updateFunctionComponent [90m(/Users/masaki/Documents/gamechat-ai/frontend/[39mnode_modules/[4mreact-dom[24m/cjs/react-dom-client.development.js:8897:19[90m)[39m
    at beginWork [90m(/Users/masaki/Documents/gamechat-ai/frontend/[39mnode_modules/[4mreact-dom[24m/cjs/react-dom-client.development.js:10522:18[90m)[39m
    at runWithFiberInDEV [90m(/Users/masaki/Documents/gamechat-ai/frontend/[39mnode_modules/[4mreact-dom[24m/cjs/react-dom-client.development.js:1522:13[90m)[39m
    at performUnitOfWork [90m(/Users/masaki/Documents/gamechat-ai/frontend/[39mnode_modules/[4mreact-dom[24m/cjs/react-dom-client.development.js:15140:22[90m)[39m
    at workLoopSync [90m(/Users/masaki/Documents/gamechat-ai/frontend/[39mnode_modules/[4mreact-dom[24m/cjs/react-dom-client.development.js:14956:41[90m)[39m
    at renderRootSync [90m(/Users/masaki/Documents/gamechat-ai/frontend/[39mnode_modules/[4mreact-dom[24m/cjs/react-dom-client.development.js:14936:11[90m)[39m
    at performWorkOnRoot [90m(/Users/masaki/Documents/gamechat-ai/frontend/[39mnode_modules/[4mreact-dom[24m/cjs/react-dom-client.development.js:14462:44[90m)[39m
Error Info: {
  componentStack: [32m&apos;\n&apos;[39m +
    [32m&apos;    at CustomErrorComponent (/Users/masaki/Documents/gamechat-ai/frontend/src/components/__tests__/error-boundary.test.tsx:290:13)\n&apos;[39m +
    [32m&apos;    at ErrorBoundary (/Users/masaki/Documents/gamechat-ai/frontend/src/components/error-boundary.tsx:11:5)&apos;[39m
}

            </system-err>
        </testcase>
        <testcase classname="src/components/__tests__/error-boundary.test.tsx" name="withErrorBoundary HOC &gt; should wrap component with error boundary" time="0.000898292">
        </testcase>
        <testcase classname="src/components/__tests__/error-boundary.test.tsx" name="withErrorBoundary HOC &gt; should handle errors in wrapped component" time="0.002473333">
            <system-err>
Error: HOC Error
    at ErrorComponent [90m(/Users/masaki/Documents/gamechat-ai/frontend/[39msrc/components/__tests__/error-boundary.test.tsx:259:13[90m)[39m
    at Object.react-stack-bottom-frame [90m(/Users/masaki/Documents/gamechat-ai/frontend/[39mnode_modules/[4mreact-dom[24m/cjs/react-dom-client.development.js:23863:20[90m)[39m
    at renderWithHooks [90m(/Users/masaki/Documents/gamechat-ai/frontend/[39mnode_modules/[4mreact-dom[24m/cjs/react-dom-client.development.js:5529:22[90m)[39m
    at updateFunctionComponent [90m(/Users/masaki/Documents/gamechat-ai/frontend/[39mnode_modules/[4mreact-dom[24m/cjs/react-dom-client.development.js:8897:19[90m)[39m
    at beginWork [90m(/Users/masaki/Documents/gamechat-ai/frontend/[39mnode_modules/[4mreact-dom[24m/cjs/react-dom-client.development.js:10522:18[90m)[39m
    at runWithFiberInDEV [90m(/Users/masaki/Documents/gamechat-ai/frontend/[39mnode_modules/[4mreact-dom[24m/cjs/react-dom-client.development.js:1522:13[90m)[39m
    at performUnitOfWork [90m(/Users/masaki/Documents/gamechat-ai/frontend/[39mnode_modules/[4mreact-dom[24m/cjs/react-dom-client.development.js:15140:22[90m)[39m
    at workLoopSync [90m(/Users/masaki/Documents/gamechat-ai/frontend/[39mnode_modules/[4mreact-dom[24m/cjs/react-dom-client.development.js:14956:41[90m)[39m
    at renderRootSync [90m(/Users/masaki/Documents/gamechat-ai/frontend/[39mnode_modules/[4mreact-dom[24m/cjs/react-dom-client.development.js:14936:11[90m)[39m
    at performWorkOnRoot [90m(/Users/masaki/Documents/gamechat-ai/frontend/[39mnode_modules/[4mreact-dom[24m/cjs/react-dom-client.development.js:14462:44[90m)[39m {
  [stack]: [36m[Getter/Setter][39m,
  [message]: [32m&apos;HOC Error&apos;[39m
}

The above error occurred in the &lt;ErrorComponent&gt; component.

React will try to recreate this component tree from scratch using the error boundary you provided, ErrorBoundary.

ErrorBoundary caught an error: Error: HOC Error
    at ErrorComponent [90m(/Users/masaki/Documents/gamechat-ai/frontend/[39msrc/components/__tests__/error-boundary.test.tsx:259:13[90m)[39m
    at Object.react-stack-bottom-frame [90m(/Users/masaki/Documents/gamechat-ai/frontend/[39mnode_modules/[4mreact-dom[24m/cjs/react-dom-client.development.js:23863:20[90m)[39m
    at renderWithHooks [90m(/Users/masaki/Documents/gamechat-ai/frontend/[39mnode_modules/[4mreact-dom[24m/cjs/react-dom-client.development.js:5529:22[90m)[39m
    at updateFunctionComponent [90m(/Users/masaki/Documents/gamechat-ai/frontend/[39mnode_modules/[4mreact-dom[24m/cjs/react-dom-client.development.js:8897:19[90m)[39m
    at beginWork [90m(/Users/masaki/Documents/gamechat-ai/frontend/[39mnode_modules/[4mreact-dom[24m/cjs/react-dom-client.development.js:10522:18[90m)[39m
    at runWithFiberInDEV [90m(/Users/masaki/Documents/gamechat-ai/frontend/[39mnode_modules/[4mreact-dom[24m/cjs/react-dom-client.development.js:1522:13[90m)[39m
    at performUnitOfWork [90m(/Users/masaki/Documents/gamechat-ai/frontend/[39mnode_modules/[4mreact-dom[24m/cjs/react-dom-client.development.js:15140:22[90m)[39m
    at workLoopSync [90m(/Users/masaki/Documents/gamechat-ai/frontend/[39mnode_modules/[4mreact-dom[24m/cjs/react-dom-client.development.js:14956:41[90m)[39m
    at renderRootSync [90m(/Users/masaki/Documents/gamechat-ai/frontend/[39mnode_modules/[4mreact-dom[24m/cjs/react-dom-client.development.js:14936:11[90m)[39m
    at performWorkOnRoot [90m(/Users/masaki/Documents/gamechat-ai/frontend/[39mnode_modules/[4mreact-dom[24m/cjs/react-dom-client.development.js:14462:44[90m)[39m
Error Info: {
  componentStack: [32m&apos;\n&apos;[39m +
    [32m&apos;    at ErrorComponent (/Users/masaki/Documents/gamechat-ai/frontend/src/components/__tests__/error-boundary.test.tsx:323:13)\n&apos;[39m +
    [32m&apos;    at ErrorBoundary (/Users/masaki/Documents/gamechat-ai/frontend/src/components/error-boundary.tsx:11:5)\n&apos;[39m +
    [32m&apos;    at withErrorBoundary(ErrorComponent) (&lt;anonymous&gt;)&apos;[39m
}

            </system-err>
        </testcase>
        <testcase classname="src/components/__tests__/error-boundary.test.tsx" name="withErrorBoundary HOC &gt; should accept custom error boundary props" time="0.001460541">
            <system-err>
Error: Custom HOC Error
    at CustomErrorComponent [90m(/Users/masaki/Documents/gamechat-ai/frontend/[39msrc/components/__tests__/error-boundary.test.tsx:270:13[90m)[39m
    at Object.react-stack-bottom-frame [90m(/Users/masaki/Documents/gamechat-ai/frontend/[39mnode_modules/[4mreact-dom[24m/cjs/react-dom-client.development.js:23863:20[90m)[39m
    at renderWithHooks [90m(/Users/masaki/Documents/gamechat-ai/frontend/[39mnode_modules/[4mreact-dom[24m/cjs/react-dom-client.development.js:5529:22[90m)[39m
    at updateFunctionComponent [90m(/Users/masaki/Documents/gamechat-ai/frontend/[39mnode_modules/[4mreact-dom[24m/cjs/react-dom-client.development.js:8897:19[90m)[39m
    at beginWork [90m(/Users/masaki/Documents/gamechat-ai/frontend/[39mnode_modules/[4mreact-dom[24m/cjs/react-dom-client.development.js:10522:18[90m)[39m
    at runWithFiberInDEV [90m(/Users/masaki/Documents/gamechat-ai/frontend/[39mnode_modules/[4mreact-dom[24m/cjs/react-dom-client.development.js:1522:13[90m)[39m
    at performUnitOfWork [90m(/Users/masaki/Documents/gamechat-ai/frontend/[39mnode_modules/[4mreact-dom[24m/cjs/react-dom-client.development.js:15140:22[90m)[39m
    at workLoopSync [90m(/Users/masaki/Documents/gamechat-ai/frontend/[39mnode_modules/[4mreact-dom[24m/cjs/react-dom-client.development.js:14956:41[90m)[39m
    at renderRootSync [90m(/Users/masaki/Documents/gamechat-ai/frontend/[39mnode_modules/[4mreact-dom[24m/cjs/react-dom-client.development.js:14936:11[90m)[39m
    at performWorkOnRoot [90m(/Users/masaki/Documents/gamechat-ai/frontend/[39mnode_modules/[4mreact-dom[24m/cjs/react-dom-client.development.js:14462:44[90m)[39m {
  [stack]: [36m[Getter/Setter][39m,
  [message]: [32m&apos;Custom HOC Error&apos;[39m
}

The above error occurred in the &lt;CustomErrorComponent&gt; component.

React will try to recreate this component tree from scratch using the error boundary you provided, ErrorBoundary.

ErrorBoundary caught an error: Error: Custom HOC Error
    at CustomErrorComponent [90m(/Users/masaki/Documents/gamechat-ai/frontend/[39msrc/components/__tests__/error-boundary.test.tsx:270:13[90m)[39m
    at Object.react-stack-bottom-frame [90m(/Users/masaki/Documents/gamechat-ai/frontend/[39mnode_modules/[4mreact-dom[24m/cjs/react-dom-client.development.js:23863:20[90m)[39m
    at renderWithHooks [90m(/Users/masaki/Documents/gamechat-ai/frontend/[39mnode_modules/[4mreact-dom[24m/cjs/react-dom-client.development.js:5529:22[90m)[39m
    at updateFunctionComponent [90m(/Users/masaki/Documents/gamechat-ai/frontend/[39mnode_modules/[4mreact-dom[24m/cjs/react-dom-client.development.js:8897:19[90m)[39m
    at beginWork [90m(/Users/masaki/Documents/gamechat-ai/frontend/[39mnode_modules/[4mreact-dom[24m/cjs/react-dom-client.development.js:10522:18[90m)[39m
    at runWithFiberInDEV [90m(/Users/masaki/Documents/gamechat-ai/frontend/[39mnode_modules/[4mreact-dom[24m/cjs/react-dom-client.development.js:1522:13[90m)[39m
    at performUnitOfWork [90m(/Users/masaki/Documents/gamechat-ai/frontend/[39mnode_modules/[4mreact-dom[24m/cjs/react-dom-client.development.js:15140:22[90m)[39m
    at workLoopSync [90m(/Users/masaki/Documents/gamechat-ai/frontend/[39mnode_modules/[4mreact-dom[24m/cjs/react-dom-client.development.js:14956:41[90m)[39m
    at renderRootSync [90m(/Users/masaki/Documents/gamechat-ai/frontend/[39mnode_modules/[4mreact-dom[24m/cjs/react-dom-client.development.js:14936:11[90m)[39m
    at performWorkOnRoot [90m(/Users/masaki/Documents/gamechat-ai/frontend/[39mnode_modules/[4mreact-dom[24m/cjs/react-dom-client.development.js:14462:44[90m)[39m
Error Info: {
  componentStack: [32m&apos;\n&apos;[39m +
    [32m&apos;    at CustomErrorComponent (/Users/masaki/Documents/gamechat-ai/frontend/src/components/__tests__/error-boundary.test.tsx:335:13)\n&apos;[39m +
    [32m&apos;    at ErrorBoundary (/Users/masaki/Documents/gamechat-ai/frontend/src/components/error-boundary.tsx:11:5)\n&apos;[39m +
    [32m&apos;    at withErrorBoundary(CustomErrorComponent) (&lt;anonymous&gt;)&apos;[39m
}

            </system-err>
        </testcase>
        <testcase classname="src/components/__tests__/error-boundary.test.tsx" name="withErrorBoundary HOC &gt; should pass props to wrapped component" time="0.000528125">
        </testcase>
        <testcase classname="src/components/__tests__/error-boundary.test.tsx" name="withErrorBoundary HOC &gt; should set correct displayName" time="0.000109416">
        </testcase>
        <testcase classname="src/components/__tests__/error-boundary.test.tsx" name="Accessibility &gt; should have proper ARIA attributes" time="0.170718541">
            <system-err>
Error: Test error
    at ErrorThrowingComponent [90m(/Users/masaki/Documents/gamechat-ai/frontend/[39msrc/components/__tests__/error-boundary.test.tsx:9:11[90m)[39m
    at Object.react-stack-bottom-frame [90m(/Users/masaki/Documents/gamechat-ai/frontend/[39mnode_modules/[4mreact-dom[24m/cjs/react-dom-client.development.js:23863:20[90m)[39m
    at renderWithHooks [90m(/Users/masaki/Documents/gamechat-ai/frontend/[39mnode_modules/[4mreact-dom[24m/cjs/react-dom-client.development.js:5529:22[90m)[39m
    at updateFunctionComponent [90m(/Users/masaki/Documents/gamechat-ai/frontend/[39mnode_modules/[4mreact-dom[24m/cjs/react-dom-client.development.js:8897:19[90m)[39m
    at beginWork [90m(/Users/masaki/Documents/gamechat-ai/frontend/[39mnode_modules/[4mreact-dom[24m/cjs/react-dom-client.development.js:10522:18[90m)[39m
    at runWithFiberInDEV [90m(/Users/masaki/Documents/gamechat-ai/frontend/[39mnode_modules/[4mreact-dom[24m/cjs/react-dom-client.development.js:1522:13[90m)[39m
    at performUnitOfWork [90m(/Users/masaki/Documents/gamechat-ai/frontend/[39mnode_modules/[4mreact-dom[24m/cjs/react-dom-client.development.js:15140:22[90m)[39m
    at workLoopSync [90m(/Users/masaki/Documents/gamechat-ai/frontend/[39mnode_modules/[4mreact-dom[24m/cjs/react-dom-client.development.js:14956:41[90m)[39m
    at renderRootSync [90m(/Users/masaki/Documents/gamechat-ai/frontend/[39mnode_modules/[4mreact-dom[24m/cjs/react-dom-client.development.js:14936:11[90m)[39m
    at performWorkOnRoot [90m(/Users/masaki/Documents/gamechat-ai/frontend/[39mnode_modules/[4mreact-dom[24m/cjs/react-dom-client.development.js:14462:44[90m)[39m {
  [stack]: [36m[Getter/Setter][39m,
  [message]: [32m&apos;Test error&apos;[39m
}

The above error occurred in the &lt;ErrorThrowingComponent&gt; component.

React will try to recreate this component tree from scratch using the error boundary you provided, ErrorBoundary.

ErrorBoundary caught an error: Error: Test error
    at ErrorThrowingComponent [90m(/Users/masaki/Documents/gamechat-ai/frontend/[39msrc/components/__tests__/error-boundary.test.tsx:9:11[90m)[39m
    at Object.react-stack-bottom-frame [90m(/Users/masaki/Documents/gamechat-ai/frontend/[39mnode_modules/[4mreact-dom[24m/cjs/react-dom-client.development.js:23863:20[90m)[39m
    at renderWithHooks [90m(/Users/masaki/Documents/gamechat-ai/frontend/[39mnode_modules/[4mreact-dom[24m/cjs/react-dom-client.development.js:5529:22[90m)[39m
    at updateFunctionComponent [90m(/Users/masaki/Documents/gamechat-ai/frontend/[39mnode_modules/[4mreact-dom[24m/cjs/react-dom-client.development.js:8897:19[90m)[39m
    at beginWork [90m(/Users/masaki/Documents/gamechat-ai/frontend/[39mnode_modules/[4mreact-dom[24m/cjs/react-dom-client.development.js:10522:18[90m)[39m
    at runWithFiberInDEV [90m(/Users/masaki/Documents/gamechat-ai/frontend/[39mnode_modules/[4mreact-dom[24m/cjs/react-dom-client.development.js:1522:13[90m)[39m
    at performUnitOfWork [90m(/Users/masaki/Documents/gamechat-ai/frontend/[39mnode_modules/[4mreact-dom[24m/cjs/react-dom-client.development.js:15140:22[90m)[39m
    at workLoopSync [90m(/Users/masaki/Documents/gamechat-ai/frontend/[39mnode_modules/[4mreact-dom[24m/cjs/react-dom-client.development.js:14956:41[90m)[39m
    at renderRootSync [90m(/Users/masaki/Documents/gamechat-ai/frontend/[39mnode_modules/[4mreact-dom[24m/cjs/react-dom-client.development.js:14936:11[90m)[39m
    at performWorkOnRoot [90m(/Users/masaki/Documents/gamechat-ai/frontend/[39mnode_modules/[4mreact-dom[24m/cjs/react-dom-client.development.js:14462:44[90m)[39m
Error Info: {
  componentStack: [32m&apos;\n&apos;[39m +
    [32m&apos;    at ErrorThrowingComponent (/Users/masaki/Documents/gamechat-ai/frontend/src/components/__tests__/error-boundary.test.tsx:11:35)\n&apos;[39m +
    [32m&apos;    at ErrorBoundary (/Users/masaki/Documents/gamechat-ai/frontend/src/components/error-boundary.tsx:11:5)&apos;[39m
}

            </system-err>
        </testcase>
        <testcase classname="src/components/__tests__/error-boundary.test.tsx" name="Accessibility &gt; should be keyboard accessible" time="0.011909375">
            <system-err>
Error: Test error
    at ErrorThrowingComponent [90m(/Users/masaki/Documents/gamechat-ai/frontend/[39msrc/components/__tests__/error-boundary.test.tsx:9:11[90m)[39m
    at Object.react-stack-bottom-frame [90m(/Users/masaki/Documents/gamechat-ai/frontend/[39mnode_modules/[4mreact-dom[24m/cjs/react-dom-client.development.js:23863:20[90m)[39m
    at renderWithHooks [90m(/Users/masaki/Documents/gamechat-ai/frontend/[39mnode_modules/[4mreact-dom[24m/cjs/react-dom-client.development.js:5529:22[90m)[39m
    at updateFunctionComponent [90m(/Users/masaki/Documents/gamechat-ai/frontend/[39mnode_modules/[4mreact-dom[24m/cjs/react-dom-client.development.js:8897:19[90m)[39m
    at beginWork [90m(/Users/masaki/Documents/gamechat-ai/frontend/[39mnode_modules/[4mreact-dom[24m/cjs/react-dom-client.development.js:10522:18[90m)[39m
    at runWithFiberInDEV [90m(/Users/masaki/Documents/gamechat-ai/frontend/[39mnode_modules/[4mreact-dom[24m/cjs/react-dom-client.development.js:1522:13[90m)[39m
    at performUnitOfWork [90m(/Users/masaki/Documents/gamechat-ai/frontend/[39mnode_modules/[4mreact-dom[24m/cjs/react-dom-client.development.js:15140:22[90m)[39m
    at workLoopSync [90m(/Users/masaki/Documents/gamechat-ai/frontend/[39mnode_modules/[4mreact-dom[24m/cjs/react-dom-client.development.js:14956:41[90m)[39m
    at renderRootSync [90m(/Users/masaki/Documents/gamechat-ai/frontend/[39mnode_modules/[4mreact-dom[24m/cjs/react-dom-client.development.js:14936:11[90m)[39m
    at performWorkOnRoot [90m(/Users/masaki/Documents/gamechat-ai/frontend/[39mnode_modules/[4mreact-dom[24m/cjs/react-dom-client.development.js:14462:44[90m)[39m {
  [stack]: [36m[Getter/Setter][39m,
  [message]: [32m&apos;Test error&apos;[39m
}

The above error occurred in the &lt;ErrorThrowingComponent&gt; component.

React will try to recreate this component tree from scratch using the error boundary you provided, ErrorBoundary.

ErrorBoundary caught an error: Error: Test error
    at ErrorThrowingComponent [90m(/Users/masaki/Documents/gamechat-ai/frontend/[39msrc/components/__tests__/error-boundary.test.tsx:9:11[90m)[39m
    at Object.react-stack-bottom-frame [90m(/Users/masaki/Documents/gamechat-ai/frontend/[39mnode_modules/[4mreact-dom[24m/cjs/react-dom-client.development.js:23863:20[90m)[39m
    at renderWithHooks [90m(/Users/masaki/Documents/gamechat-ai/frontend/[39mnode_modules/[4mreact-dom[24m/cjs/react-dom-client.development.js:5529:22[90m)[39m
    at updateFunctionComponent [90m(/Users/masaki/Documents/gamechat-ai/frontend/[39mnode_modules/[4mreact-dom[24m/cjs/react-dom-client.development.js:8897:19[90m)[39m
    at beginWork [90m(/Users/masaki/Documents/gamechat-ai/frontend/[39mnode_modules/[4mreact-dom[24m/cjs/react-dom-client.development.js:10522:18[90m)[39m
    at runWithFiberInDEV [90m(/Users/masaki/Documents/gamechat-ai/frontend/[39mnode_modules/[4mreact-dom[24m/cjs/react-dom-client.development.js:1522:13[90m)[39m
    at performUnitOfWork [90m(/Users/masaki/Documents/gamechat-ai/frontend/[39mnode_modules/[4mreact-dom[24m/cjs/react-dom-client.development.js:15140:22[90m)[39m
    at workLoopSync [90m(/Users/masaki/Documents/gamechat-ai/frontend/[39mnode_modules/[4mreact-dom[24m/cjs/react-dom-client.development.js:14956:41[90m)[39m
    at renderRootSync [90m(/Users/masaki/Documents/gamechat-ai/frontend/[39mnode_modules/[4mreact-dom[24m/cjs/react-dom-client.development.js:14936:11[90m)[39m
    at performWorkOnRoot [90m(/Users/masaki/Documents/gamechat-ai/frontend/[39mnode_modules/[4mreact-dom[24m/cjs/react-dom-client.development.js:14462:44[90m)[39m
Error Info: {
  componentStack: [32m&apos;\n&apos;[39m +
    [32m&apos;    at ErrorThrowingComponent (/Users/masaki/Documents/gamechat-ai/frontend/src/components/__tests__/error-boundary.test.tsx:11:35)\n&apos;[39m +
    [32m&apos;    at ErrorBoundary (/Users/masaki/Documents/gamechat-ai/frontend/src/components/error-boundary.tsx:11:5)&apos;[39m
}

            </system-err>
        </testcase>
        <testcase classname="src/components/__tests__/error-boundary.test.tsx" name="Edge Cases &gt; should handle errors in nested components" time="0.003364042">
            <system-err>
Error: Test error
    at ErrorThrowingComponent [90m(/Users/masaki/Documents/gamechat-ai/frontend/[39msrc/components/__tests__/error-boundary.test.tsx:9:11[90m)[39m
    at Object.react-stack-bottom-frame [90m(/Users/masaki/Documents/gamechat-ai/frontend/[39mnode_modules/[4mreact-dom[24m/cjs/react-dom-client.development.js:23863:20[90m)[39m
    at renderWithHooks [90m(/Users/masaki/Documents/gamechat-ai/frontend/[39mnode_modules/[4mreact-dom[24m/cjs/react-dom-client.development.js:5529:22[90m)[39m
    at updateFunctionComponent [90m(/Users/masaki/Documents/gamechat-ai/frontend/[39mnode_modules/[4mreact-dom[24m/cjs/react-dom-client.development.js:8897:19[90m)[39m
    at beginWork [90m(/Users/masaki/Documents/gamechat-ai/frontend/[39mnode_modules/[4mreact-dom[24m/cjs/react-dom-client.development.js:10522:18[90m)[39m
    at runWithFiberInDEV [90m(/Users/masaki/Documents/gamechat-ai/frontend/[39mnode_modules/[4mreact-dom[24m/cjs/react-dom-client.development.js:1522:13[90m)[39m
    at performUnitOfWork [90m(/Users/masaki/Documents/gamechat-ai/frontend/[39mnode_modules/[4mreact-dom[24m/cjs/react-dom-client.development.js:15140:22[90m)[39m
    at workLoopSync [90m(/Users/masaki/Documents/gamechat-ai/frontend/[39mnode_modules/[4mreact-dom[24m/cjs/react-dom-client.development.js:14956:41[90m)[39m
    at renderRootSync [90m(/Users/masaki/Documents/gamechat-ai/frontend/[39mnode_modules/[4mreact-dom[24m/cjs/react-dom-client.development.js:14936:11[90m)[39m
    at performWorkOnRoot [90m(/Users/masaki/Documents/gamechat-ai/frontend/[39mnode_modules/[4mreact-dom[24m/cjs/react-dom-client.development.js:14462:44[90m)[39m {
  [stack]: [36m[Getter/Setter][39m,
  [message]: [32m&apos;Test error&apos;[39m
}

The above error occurred in the &lt;ErrorThrowingComponent&gt; component.

React will try to recreate this component tree from scratch using the error boundary you provided, ErrorBoundary.

ErrorBoundary caught an error: Error: Test error
    at ErrorThrowingComponent [90m(/Users/masaki/Documents/gamechat-ai/frontend/[39msrc/components/__tests__/error-boundary.test.tsx:9:11[90m)[39m
    at Object.react-stack-bottom-frame [90m(/Users/masaki/Documents/gamechat-ai/frontend/[39mnode_modules/[4mreact-dom[24m/cjs/react-dom-client.development.js:23863:20[90m)[39m
    at renderWithHooks [90m(/Users/masaki/Documents/gamechat-ai/frontend/[39mnode_modules/[4mreact-dom[24m/cjs/react-dom-client.development.js:5529:22[90m)[39m
    at updateFunctionComponent [90m(/Users/masaki/Documents/gamechat-ai/frontend/[39mnode_modules/[4mreact-dom[24m/cjs/react-dom-client.development.js:8897:19[90m)[39m
    at beginWork [90m(/Users/masaki/Documents/gamechat-ai/frontend/[39mnode_modules/[4mreact-dom[24m/cjs/react-dom-client.development.js:10522:18[90m)[39m
    at runWithFiberInDEV [90m(/Users/masaki/Documents/gamechat-ai/frontend/[39mnode_modules/[4mreact-dom[24m/cjs/react-dom-client.development.js:1522:13[90m)[39m
    at performUnitOfWork [90m(/Users/masaki/Documents/gamechat-ai/frontend/[39mnode_modules/[4mreact-dom[24m/cjs/react-dom-client.development.js:15140:22[90m)[39m
    at workLoopSync [90m(/Users/masaki/Documents/gamechat-ai/frontend/[39mnode_modules/[4mreact-dom[24m/cjs/react-dom-client.development.js:14956:41[90m)[39m
    at renderRootSync [90m(/Users/masaki/Documents/gamechat-ai/frontend/[39mnode_modules/[4mreact-dom[24m/cjs/react-dom-client.development.js:14936:11[90m)[39m
    at performWorkOnRoot [90m(/Users/masaki/Documents/gamechat-ai/frontend/[39mnode_modules/[4mreact-dom[24m/cjs/react-dom-client.development.js:14462:44[90m)[39m
Error Info: {
  componentStack: [32m&apos;\n&apos;[39m +
    [32m&apos;    at ErrorThrowingComponent (/Users/masaki/Documents/gamechat-ai/frontend/src/components/__tests__/error-boundary.test.tsx:11:35)\n&apos;[39m +
    [32m&apos;    at div (&lt;anonymous&gt;)\n&apos;[39m +
    [32m&apos;    at div (&lt;anonymous&gt;)\n&apos;[39m +
    [32m&apos;    at NestedErrorComponent (&lt;anonymous&gt;)\n&apos;[39m +
    [32m&apos;    at ErrorBoundary (/Users/masaki/Documents/gamechat-ai/frontend/src/components/error-boundary.tsx:11:5)&apos;[39m
}

            </system-err>
        </testcase>
        <testcase classname="src/components/__tests__/error-boundary.test.tsx" name="Edge Cases &gt; should handle errors in conditional rendering" time="0.006422208">
            <system-err>
Error: Test error
    at ErrorThrowingComponent [90m(/Users/masaki/Documents/gamechat-ai/frontend/[39msrc/components/__tests__/error-boundary.test.tsx:9:11[90m)[39m
    at Object.react-stack-bottom-frame [90m(/Users/masaki/Documents/gamechat-ai/frontend/[39mnode_modules/[4mreact-dom[24m/cjs/react-dom-client.development.js:23863:20[90m)[39m
    at renderWithHooks [90m(/Users/masaki/Documents/gamechat-ai/frontend/[39mnode_modules/[4mreact-dom[24m/cjs/react-dom-client.development.js:5529:22[90m)[39m
    at updateFunctionComponent [90m(/Users/masaki/Documents/gamechat-ai/frontend/[39mnode_modules/[4mreact-dom[24m/cjs/react-dom-client.development.js:8897:19[90m)[39m
    at beginWork [90m(/Users/masaki/Documents/gamechat-ai/frontend/[39mnode_modules/[4mreact-dom[24m/cjs/react-dom-client.development.js:10522:18[90m)[39m
    at runWithFiberInDEV [90m(/Users/masaki/Documents/gamechat-ai/frontend/[39mnode_modules/[4mreact-dom[24m/cjs/react-dom-client.development.js:1522:13[90m)[39m
    at performUnitOfWork [90m(/Users/masaki/Documents/gamechat-ai/frontend/[39mnode_modules/[4mreact-dom[24m/cjs/react-dom-client.development.js:15140:22[90m)[39m
    at workLoopSync [90m(/Users/masaki/Documents/gamechat-ai/frontend/[39mnode_modules/[4mreact-dom[24m/cjs/react-dom-client.development.js:14956:41[90m)[39m
    at renderRootSync [90m(/Users/masaki/Documents/gamechat-ai/frontend/[39mnode_modules/[4mreact-dom[24m/cjs/react-dom-client.development.js:14936:11[90m)[39m
    at performWorkOnRoot [90m(/Users/masaki/Documents/gamechat-ai/frontend/[39mnode_modules/[4mreact-dom[24m/cjs/react-dom-client.development.js:14462:44[90m)[39m {
  [stack]: [36m[Getter/Setter][39m,
  [message]: [32m&apos;Test error&apos;[39m
}

The above error occurred in the &lt;ErrorThrowingComponent&gt; component.

React will try to recreate this component tree from scratch using the error boundary you provided, ErrorBoundary.

ErrorBoundary caught an error: Error: Test error
    at ErrorThrowingComponent [90m(/Users/masaki/Documents/gamechat-ai/frontend/[39msrc/components/__tests__/error-boundary.test.tsx:9:11[90m)[39m
    at Object.react-stack-bottom-frame [90m(/Users/masaki/Documents/gamechat-ai/frontend/[39mnode_modules/[4mreact-dom[24m/cjs/react-dom-client.development.js:23863:20[90m)[39m
    at renderWithHooks [90m(/Users/masaki/Documents/gamechat-ai/frontend/[39mnode_modules/[4mreact-dom[24m/cjs/react-dom-client.development.js:5529:22[90m)[39m
    at updateFunctionComponent [90m(/Users/masaki/Documents/gamechat-ai/frontend/[39mnode_modules/[4mreact-dom[24m/cjs/react-dom-client.development.js:8897:19[90m)[39m
    at beginWork [90m(/Users/masaki/Documents/gamechat-ai/frontend/[39mnode_modules/[4mreact-dom[24m/cjs/react-dom-client.development.js:10522:18[90m)[39m
    at runWithFiberInDEV [90m(/Users/masaki/Documents/gamechat-ai/frontend/[39mnode_modules/[4mreact-dom[24m/cjs/react-dom-client.development.js:1522:13[90m)[39m
    at performUnitOfWork [90m(/Users/masaki/Documents/gamechat-ai/frontend/[39mnode_modules/[4mreact-dom[24m/cjs/react-dom-client.development.js:15140:22[90m)[39m
    at workLoopSync [90m(/Users/masaki/Documents/gamechat-ai/frontend/[39mnode_modules/[4mreact-dom[24m/cjs/react-dom-client.development.js:14956:41[90m)[39m
    at renderRootSync [90m(/Users/masaki/Documents/gamechat-ai/frontend/[39mnode_modules/[4mreact-dom[24m/cjs/react-dom-client.development.js:14936:11[90m)[39m
    at performWorkOnRoot [90m(/Users/masaki/Documents/gamechat-ai/frontend/[39mnode_modules/[4mreact-dom[24m/cjs/react-dom-client.development.js:14462:44[90m)[39m
Error Info: {
  componentStack: [32m&apos;\n&apos;[39m +
    [32m&apos;    at ErrorThrowingComponent (/Users/masaki/Documents/gamechat-ai/frontend/src/components/__tests__/error-boundary.test.tsx:11:35)\n&apos;[39m +
    [32m&apos;    at div (&lt;anonymous&gt;)\n&apos;[39m +
    [32m&apos;    at ConditionalErrorComponent (/Users/masaki/Documents/gamechat-ai/frontend/src/components/__tests__/error-boundary.test.tsx:443:42)\n&apos;[39m +
    [32m&apos;    at ErrorBoundary (/Users/masaki/Documents/gamechat-ai/frontend/src/components/error-boundary.tsx:11:5)&apos;[39m
}

            </system-err>
        </testcase>
        <testcase classname="src/components/__tests__/error-boundary.test.tsx" name="Edge Cases &gt; should maintain error state across re-renders" time="0.007661709">
            <system-err>
Error: Test error
    at ErrorThrowingComponent [90m(/Users/masaki/Documents/gamechat-ai/frontend/[39msrc/components/__tests__/error-boundary.test.tsx:9:11[90m)[39m
[...]
    at AssistantPage [90m(/Users/masaki/Documents/gamechat-ai/frontend/[39msrc/app/assistant/index.tsx:15:7[90m)[39m
    at Object.react-stack-bottom-frame [90m(/Users/masaki/Documents/gamechat-ai/frontend/[39mnode_modules/[4mreact-dom[24m/cjs/react-dom-client.development.js:23863:20[90m)[39m
    at renderWithHooks [90m(/Users/masaki/Documents/gamechat-ai/frontend/[39mnode_modules/[4mreact-dom[24m/cjs/react-dom-client.development.js:5529:22[90m)[39m
    at updateFunctionComponent [90m(/Users/masaki/Documents/gamechat-ai/frontend/[39mnode_modules/[4mreact-dom[24m/cjs/react-dom-client.development.js:8897:19[90m)[39m
    at beginWork [90m(/Users/masaki/Documents/gamechat-ai/frontend/[39mnode_modules/[4mreact-dom[24m/cjs/react-dom-client.development.js:10522:18[90m)[39m
    at runWithFiberInDEV [90m(/Users/masaki/Documents/gamechat-ai/frontend/[39mnode_modules/[4mreact-dom[24m/cjs/react-dom-client.development.js:1522:13[90m)[39m
    at performUnitOfWork [90m(/Users/masaki/Documents/gamechat-ai/frontend/[39mnode_modules/[4mreact-dom[24m/cjs/react-dom-client.development.js:15140:22[90m)[39m
    at workLoopSync [90m(/Users/masaki/Documents/gamechat-ai/frontend/[39mnode_modules/[4mreact-dom[24m/cjs/react-dom-client.development.js:14956:41[90m)[39m
    at renderRootSync [90m(/Users/masaki/Documents/gamechat-ai/frontend/[39mnode_modules/[4mreact-dom[24m/cjs/react-dom-client.development.js:14936:11[90m)[39m {
  [stack]: [36m[Getter/Setter][39m,
  [message]: [32m&apos;useChat error!&apos;[39m
}

The above error occurred in the &lt;AssistantPage&gt; component.

React will try to recreate this component tree from scratch using the error boundary you provided, TestErrorBoundary.


            </system-err>
        </testcase>
    </testsuite>
    <testsuite name="src/app/assistant/__tests__/AssistantPage.test.tsx" timestamp="2025-07-07T23:06:21.634Z" hostname="MasakinoMacBook-Pro.local" tests="2" failures="0" errors="0" skipped="0" time="0.023631333">
        <testcase classname="src/app/assistant/__tests__/AssistantPage.test.tsx" name="AssistantPage &gt; ChatMessagesとChatInputが正しく表示される" time="0.015733875">
        </testcase>
        <testcase classname="src/app/assistant/__tests__/AssistantPage.test.tsx" name="AssistantPage &gt; useChatの返り値が空オブジェクトでもエラーにならず描画される" time="0.007002875">
        </testcase>
    </testsuite>
    <testsuite name="src/app/assistant/__tests__/ChatInput.branch.test.tsx" timestamp="2025-07-07T23:06:21.634Z" hostname="MasakinoMacBook-Pro.local" tests="3" failures="0" errors="0" skipped="0" time="0.069477375">
        <testcase classname="src/app/assistant/__tests__/ChatInput.branch.test.tsx" name="ChatInput 分岐テスト &gt; loading時はinputもdisabled" time="0.049745208">
        </testcase>
        <testcase classname="src/app/assistant/__tests__/ChatInput.branch.test.tsx" name="ChatInput 分岐テスト &gt; inputが空白のみの場合は送信ボタンがdisabled" time="0.010925417">
        </testcase>
        <testcase classname="src/app/assistant/__tests__/ChatInput.branch.test.tsx" name="ChatInput 分岐テスト &gt; 送信モード切替UIが正しく動作する" time="0.007929625">
        </testcase>
    </testsuite>
    <testsuite name="src/app/assistant/__tests__/ChatInput.test.tsx" timestamp="2025-07-07T23:06:21.635Z" hostname="MasakinoMacBook-Pro.local" tests="11" failures="0" errors="0" skipped="0" time="0.129844">
        <testcase classname="src/app/assistant/__tests__/ChatInput.test.tsx" name="ChatInput &gt; 入力値が反映される" time="0.054831125">
        </testcase>
        <testcase classname="src/app/assistant/__tests__/ChatInput.test.tsx" name="ChatInput &gt; 送信ボタンが押せる" time="0.010726917">
        </testcase>
        <testcase classname="src/app/assistant/__tests__/ChatInput.test.tsx" name="ChatInput &gt; loading時はボタンがdisabled" time="0.006908541">
        </testcase>
        <testcase classname="src/app/assistant/__tests__/ChatInput.test.tsx" name="ChatInput &gt; ユーザーがメッセージを入力し送信できる" time="0.006556375">
        </testcase>
        <testcase classname="src/app/assistant/__tests__/ChatInput.test.tsx" name="ChatInput &gt; 送信モード（Enter/Mod+Enter）の切替挙動" time="0.013471208">
        </testcase>
        <testcase classname="src/app/assistant/__tests__/ChatInput.test.tsx" name="ChatInput &gt; ラジオボタンによる送信モード切替" time="0.005667458">
        </testcase>
        <testcase classname="src/app/assistant/__tests__/ChatInput.test.tsx" name="ChatInput &gt; 空メッセージ送信時は送信ボタンがdisabledかつonSendが呼ばれない" time="0.005063791">
        </testcase>
        <testcase classname="src/app/assistant/__tests__/ChatInput.test.tsx" name="ChatInput &gt; Enterキーで送信（sendMode: enter）" time="0.002726792">
        </testcase>
        <testcase classname="src/app/assistant/__tests__/ChatInput.test.tsx" name="ChatInput &gt; Cmd+Enterで送信（sendMode: mod+enter）" time="0.006633708">
        </testcase>
        <testcase classname="src/app/assistant/__tests__/ChatInput.test.tsx" name="ChatInput &gt; 送信ボタンの活性/非活性" time="0.013558334">
        </testcase>
        <testcase classname="src/app/assistant/__tests__/ChatInput.test.tsx" name="ChatInput &gt; loading=true時にChatInputの送信ボタンがdisabledになる" time="0.002519083">
        </testcase>
    </testsuite>
    <testsuite name="src/app/assistant/__tests__/ChatMessages.test.tsx" timestamp="2025-07-07T23:06:21.636Z" hostname="MasakinoMacBook-Pro.local" tests="5" failures="0" errors="0" skipped="0" time="0.0276455">
        <testcase classname="src/app/assistant/__tests__/ChatMessages.test.tsx" name="ChatMessages &gt; メッセージがない場合は案内文を表示する" time="0.016548833">
        </testcase>
        <testcase classname="src/app/assistant/__tests__/ChatMessages.test.tsx" name="ChatMessages &gt; ユーザーメッセージとアシスタントメッセージを正しく表示する" time="0.003423708">
        </testcase>
        <testcase classname="src/app/assistant/__tests__/ChatMessages.test.tsx" name="ChatMessages &gt; loading時は送信中...を表示する" time="0.002896833">
        </testcase>
        <testcase classname="src/app/assistant/__tests__/ChatMessages.test.tsx" name="ChatMessages &gt; loading=true時にChatMessagesのローディングUI（送信中...）が表示される" time="0.001824042">
        </testcase>
        <testcase classname="src/app/assistant/__tests__/ChatMessages.test.tsx" name="ChatMessages &gt; messagesが空配列のときChatMessagesが空状態を表示する" time="0.001978667">
        </testcase>
    </testsuite>
    <testsuite name="src/app/assistant/__tests__/useChat.error.test.ts" timestamp="2025-07-07T23:06:21.637Z" hostname="MasakinoMacBook-Pro.local" tests="2" failures="0" errors="0" skipped="0" time="0.018615792">
        <testcase classname="src/app/assistant/__tests__/useChat.error.test.ts" name="useChat error handling &gt; APIエラー時にエラーメッセージがmessagesに追加される" time="0.014030584">
        </testcase>
        <testcase classname="src/app/assistant/__tests__/useChat.error.test.ts" name="useChat error handling &gt; 認証エラー時は認証エラー文言が表示される" time="0.002975334">
        </testcase>
    </testsuite>
    <testsuite name="src/app/assistant/__tests__/useChat.test.ts" timestamp="2025-07-07T23:06:21.637Z" hostname="MasakinoMacBook-Pro.local" tests="9" failures="0" errors="0" skipped="0" time="0.042317875">
        <testcase classname="src/app/assistant/__tests__/useChat.test.ts" name="useChat &gt; 初期状態は空" time="0.015129417">
        </testcase>
        <testcase classname="src/app/assistant/__tests__/useChat.test.ts" name="useChat &gt; メッセージ送信でmessagesが増える" time="0.0036125">
        </testcase>
        <testcase classname="src/app/assistant/__tests__/useChat.test.ts" name="useChat &gt; APIエラー時はassistantロールのエラーメッセージが追加される" time="0.006015625">
        </testcase>
        <testcase classname="src/app/assistant/__tests__/useChat.test.ts" name="useChat &gt; 認証失敗時はassistantロールの認証エラーメッセージが追加される" time="0.002890292">
        </testcase>
        <testcase classname="src/app/assistant/__tests__/useChat.test.ts" name="useChat &gt; reCAPTCHA失敗時はassistantロールのエラーメッセージが追加される" time="0.004097291">
        </testcase>
        <testcase classname="src/app/assistant/__tests__/useChat.test.ts" name="useChat &gt; APIリクエストの内容とレスポンスを正しく処理する" time="0.00242325">
        </testcase>
        <testcase classname="src/app/assistant/__tests__/useChat.test.ts" name="useChat &gt; API失敗時にリトライで成功した場合、エラーメッセージの後に正常応答が追加される" time="0.00248825">
        </testcase>
        <testcase classname="src/app/assistant/__tests__/useChat.test.ts" name="useChat &gt; reCAPTCHA無効時はreCAPTCHAトークンが&quot;test&quot;でAPIリクエストされる" time="0.00199575">
        </testcase>
        <testcase classname="src/app/assistant/__tests__/useChat.test.ts" name="useChat &gt; firebase認証トークンが取得できた場合はAuthorizationヘッダーに付与される" time="0.002489167">
        </testcase>
    </testsuite>
    <testsuite name="src/components/ui/__tests__/Sample.test.tsx" timestamp="2025-07-07T23:06:21.640Z" hostname="MasakinoMacBook-Pro.local" tests="1" failures="0" errors="0" skipped="0" time="0.018092791">
        <testcase classname="src/components/ui/__tests__/Sample.test.tsx" name="Sample &gt; renders text" time="0.017113041">
        </testcase>
    </testsuite>
    <testsuite name="src/components/ui/__tests__/input.test.tsx" timestamp="2025-07-07T23:06:21.640Z" hostname="MasakinoMacBook-Pro.local" tests="37" failures="0" errors="0" skipped="0" time="0.160715416">
        <testcase classname="src/components/ui/__tests__/input.test.tsx" name="Input Component &gt; Basic Rendering &gt; should render an input element" time="0.049581917">
        </testcase>
        <testcase classname="src/components/ui/__tests__/input.test.tsx" name="Input Component &gt; Basic Rendering &gt; should have default type as text" time="0.003608875">
        </testcase>
        <testcase classname="src/components/ui/__tests__/input.test.tsx" name="Input Component &gt; Basic Rendering &gt; should have data-slot attribute" time="0.005897875">
        </testcase>
        <testcase classname="src/components/ui/__tests__/input.test.tsx" name="Input Component &gt; Basic Rendering &gt; should apply default CSS classes" time="0.003890083">
        </testcase>
        <testcase classname="src/components/ui/__tests__/input.test.tsx" name="Input Component &gt; Props Handling &gt; should accept and apply type prop" time="0.003007458">
        </testcase>
        <testcase classname="src/components/ui/__tests__/input.test.tsx" name="Input Component &gt; Props Handling &gt; should accept and apply value prop" time="0.0016305">
        </testcase>
        <testcase classname="src/components/ui/__tests__/input.test.tsx" name="Input Component &gt; Props Handling &gt; should accept and apply placeholder prop" time="0.001552958">
        </testcase>
        <testcase classname="src/components/ui/__tests__/input.test.tsx" name="Input Component &gt; Props Handling &gt; should accept and apply disabled prop" time="0.002204333">
        </testcase>
        <testcase classname="src/components/ui/__tests__/input.test.tsx" name="Input Component &gt; Props Handling &gt; should accept and apply name prop" time="0.003343584">
        </testcase>
        <testcase classname="src/components/ui/__tests__/input.test.tsx" name="Input Component &gt; Props Handling &gt; should accept and apply id prop" time="0.002177792">
        </testcase>
        <testcase classname="src/components/ui/__tests__/input.test.tsx" name="Input Component &gt; Props Handling &gt; should accept and apply aria-label prop" time="0.001221834">
        </testcase>
        <testcase classname="src/components/ui/__tests__/input.test.tsx" name="Input Component &gt; Props Handling &gt; should accept and apply aria-invalid prop" time="0.003439333">
        </testcase>
        <testcase classname="src/components/ui/__tests__/input.test.tsx" name="Input Component &gt; Styling and CSS Classes &gt; should merge custom className with default classes" time="0.002509666">
        </testcase>
        <testcase classname="src/components/ui/__tests__/input.test.tsx" name="Input Component &gt; Styling and CSS Classes &gt; should handle className prop as undefined" time="0.001384125">
        </testcase>
        <testcase classname="src/components/ui/__tests__/input.test.tsx" name="Input Component &gt; Styling and CSS Classes &gt; should apply focus-visible styles" time="0.004791833">
        </testcase>
        <testcase classname="src/components/ui/__tests__/input.test.tsx" name="Input Component &gt; Styling and CSS Classes &gt; should apply aria-invalid styles when aria-invalid is true" time="0.001441417">
        </testcase>
        <testcase classname="src/components/ui/__tests__/input.test.tsx" name="Input Component &gt; Event Handling &gt; should call onChange when input value changes" time="0.004463542">
        </testcase>
        <testcase classname="src/components/ui/__tests__/input.test.tsx" name="Input Component &gt; Event Handling &gt; should call onFocus when input is focused" time="0.002484209">
        </testcase>
        <testcase classname="src/components/ui/__tests__/input.test.tsx" name="Input Component &gt; Event Handling &gt; should call onBlur when input loses focus" time="0.007441084">
        </testcase>
        <testcase classname="src/components/ui/__tests__/input.test.tsx" name="Input Component &gt; Event Handling &gt; should call onKeyDown when key is pressed" time="0.015901541">
        </testcase>
        <testcase classname="src/components/ui/__tests__/input.test.tsx" name="Input Component &gt; Event Handling &gt; should not call onChange when disabled" time="0.0055335">
        </testcase>
        <testcase classname="src/components/ui/__tests__/input.test.tsx" name="Input Component &gt; Input Types &gt; should render email input correctly" time="0.004505042">
        </testcase>
        <testcase classname="src/components/ui/__tests__/input.test.tsx" name="Input Component &gt; Input Types &gt; should render number input correctly" time="0.004189208">
        </testcase>
        <testcase classname="src/components/ui/__tests__/input.test.tsx" name="Input Component &gt; Input Types &gt; should render password input correctly" time="0.001085583">
        </testcase>
        <testcase classname="src/components/ui/__tests__/input.test.tsx" name="Input Component &gt; Input Types &gt; should render search input correctly" time="0.001506792">
        </testcase>
        <testcase classname="src/components/ui/__tests__/input.test.tsx" name="Input Component &gt; Input Types &gt; should render file input correctly" time="0.000866625">
        </testcase>
        <testcase classname="src/components/ui/__tests__/input.test.tsx" name="Input Component &gt; Controlled vs Uncontrolled &gt; should work as uncontrolled component" time="0.001358459">
        </testcase>
        <testcase classname="src/components/ui/__tests__/input.test.tsx" name="Input Component &gt; Controlled vs Uncontrolled &gt; should work as controlled component" time="0.003462292">
        </testcase>
        <testcase classname="src/components/ui/__tests__/input.test.tsx" name="Input Component &gt; Accessibility &gt; should be focusable when not disabled" time="0.0027725">
        </testcase>
        <testcase classname="src/components/ui/__tests__/input.test.tsx" name="Input Component &gt; Accessibility &gt; should not be focusable when disabled" time="0.00173475">
        </testcase>
        <testcase classname="src/components/ui/__tests__/input.test.tsx" name="Input Component &gt; Accessibility &gt; should support aria-describedby" time="0.001888417">
        </testcase>
        <testcase classname="src/components/ui/__tests__/input.test.tsx" name="Input Component &gt; Accessibility &gt; should support aria-required" time="0.001691208">
        </testcase>
        <testcase classname="src/components/ui/__tests__/input.test.tsx" name="Input Component &gt; Accessibility &gt; should support required attribute" time="0.00214675">
        </testcase>
        <testcase classname="src/components/ui/__tests__/input.test.tsx" name="Input Component &gt; Edge Cases &gt; should handle empty string value" time="0.001362417">
        </testcase>
        <testcase classname="src/components/ui/__tests__/input.test.tsx" name="Input Component &gt; Edge Cases &gt; should handle null className" time="0.001249083">
        </testcase>
        <testcase classname="src/components/ui/__tests__/input.test.tsx" name="Input Component &gt; Edge Cases &gt; should handle very long values" time="0.000593208">
        </testcase>
        <testcase classname="src/components/ui/__tests__/input.test.tsx" name="Input Component &gt; Edge Cases &gt; should handle special characters in value" time="0.0009825">
        </testcase>
    </testsuite>
    <testsuite name="src/components/ui/__tests__/skeleton.test.tsx" timestamp="2025-07-07T23:06:21.644Z" hostname="MasakinoMacBook-Pro.local" tests="3" failures="0" errors="0" skipped="0" time="0.026825958">
        <testcase classname="src/components/ui/__tests__/skeleton.test.tsx" name="Skeleton &gt; ローディング時にスケルトンが表示される（デフォルトクラス）" time="0.020621292">
        </testcase>
        <testcase classname="src/components/ui/__tests__/skeleton.test.tsx" name="Skeleton &gt; className propsで追加クラスが反映される" time="0.001874916">
        </testcase>
        <testcase classname="src/components/ui/__tests__/skeleton.test.tsx" name="Skeleton &gt; propsの型安全性：div属性が渡せる" time="0.003259334">
        </testcase>
    </testsuite>
    <testsuite name="src/app/api/rag/query/__tests__/route.test.ts" timestamp="2025-07-07T23:06:21.644Z" hostname="MasakinoMacBook-Pro.local" tests="6" failures="0" errors="0" skipped="0" time="1.5296055">
        <testcase classname="src/app/api/rag/query/__tests__/route.test.ts" name="app/api/rag/query/route.ts API &gt; 正常系: テスト環境で正しいレスポンスが返る" time="0.507353291">
        </testcase>
        <testcase classname="src/app/api/rag/query/__tests__/route.test.ts" name="app/api/rag/query/route.ts API &gt; 正常系: 本番環境で外部APIが200ならそのまま返す" time="0.001883292">
        </testcase>
        <testcase classname="src/app/api/rag/query/__tests__/route.test.ts" name="app/api/rag/query/route.ts API &gt; バリデーション: queryが未指定の場合は400エラー" time="0.502374583">
        </testcase>
        <testcase classname="src/app/api/rag/query/__tests__/route.test.ts" name="app/api/rag/query/route.ts API &gt; 異常系: 外部APIがエラー時は500エラー" time="0.003333042">
            <system-err>
API route error: Error: API request failed: 502
    at POST [90m(/Users/masaki/Documents/gamechat-ai/frontend/[39msrc/app/api/rag/query/route.ts:33:13[90m)[39m
    at [90m/Users/masaki/Documents/gamechat-ai/frontend/[39msrc/app/api/rag/query/__tests__/route.test.ts:65:17
    at [90mfile:///Users/masaki/Documents/gamechat-ai/frontend/[39mnode_modules/[4m@vitest[24m/runner/dist/chunk-hooks.js:752:20

            </system-err>
        </testcase>
        <testcase classname="src/app/api/rag/query/__tests__/route.test.ts" name="app/api/rag/query/route.ts API &gt; 外部API/DBアクセスのモック: fetch例外時も500エラー" time="0.001644833">
            <system-err>
API route error: Error: fetch失敗
    at [90m/Users/masaki/Documents/gamechat-ai/frontend/[39msrc/app/api/rag/query/__tests__/route.test.ts:73:40
    at mockCall [90m(file:///Users/masaki/Documents/gamechat-ai/frontend/[39mnode_modules/[4m@vitest[24m/spy/dist/index.js:96:15[90m)[39m
    at spy [90m(file:///Users/masaki/Documents/gamechat-ai/frontend/[39mnode_modules/[4mtinyspy[24m/dist/index.js:47:103[90m)[39m
    at POST [90m(/Users/masaki/Documents/gamechat-ai/frontend/[39msrc/app/api/rag/query/route.ts:23:28[90m)[39m
    at [90m/Users/masaki/Documents/gamechat-ai/frontend/[39msrc/app/api/rag/query/__tests__/route.test.ts:75:17
    at [90mfile:///Users/masaki/Documents/gamechat-ai/frontend/[39mnode_modules/[4m@vitest[24m/runner/dist/chunk-hooks.js:752:20

            </system-err>
        </testcase>
        <testcase classname="src/app/api/rag/query/__tests__/route.test.ts" name="app/api/rag/query/route.ts API &gt; 戻り値の型安全性: answer/context/confidence型を検証" time="0.511101833">
        </testcase>
    </testsuite>
</testsuites>
