<?xml version="1.0" encoding="UTF-8" ?>
<testsuites name="vitest tests" tests="201" failures="6" errors="0" time="2.896733625">
    <testsuite name="src/__tests__/instrumentation-client.test.ts" timestamp="2025-07-13T11:58:03.534Z" hostname="MasakinoMacBook-Pro.local" tests="1" failures="0" errors="0" skipped="0" time="0.001142416">
        <testcase classname="src/__tests__/instrumentation-client.test.ts" name="instrumentation-client.ts &gt; onRouterTransitionStartがSentry.captureRouterTransitionStartを参照している" time="0.000604834">
        </testcase>
    </testsuite>
    <testsuite name="src/__tests__/instrumentation.test.ts" timestamp="2025-07-13T11:58:03.535Z" hostname="MasakinoMacBook-Pro.local" tests="4" failures="0" errors="0" skipped="0" time="0.001971083">
        <testcase classname="src/__tests__/instrumentation.test.ts" name="instrumentation.ts &gt; register関数がエクスポートされている" time="0.000630625">
        </testcase>
        <testcase classname="src/__tests__/instrumentation.test.ts" name="instrumentation.ts &gt; onRequestErrorがSentry.captureRequestErrorを参照している" time="0.000187208">
        </testcase>
        <testcase classname="src/__tests__/instrumentation.test.ts" name="instrumentation.ts &gt; register: NEXT_RUNTIME=nodejsでsentry.server.configをimportする" time="0.000163333">
        </testcase>
        <testcase classname="src/__tests__/instrumentation.test.ts" name="instrumentation.ts &gt; register: NEXT_RUNTIME=edgeでsentry.edge.configをimportする" time="0.000206125">
        </testcase>
    </testsuite>
    <testsuite name="src/hooks/__tests__/use-mobile.test.ts" timestamp="2025-07-13T11:58:03.535Z" hostname="MasakinoMacBook-Pro.local" tests="6" failures="0" errors="0" skipped="0" time="0.017507625">
        <testcase classname="src/hooks/__tests__/use-mobile.test.ts" name="useIsMobile &gt; モバイル判定: 767px以下でtrue" time="0.008611667">
        </testcase>
        <testcase classname="src/hooks/__tests__/use-mobile.test.ts" name="useIsMobile &gt; PC判定: 768px以上でfalse" time="0.002327291">
        </testcase>
        <testcase classname="src/hooks/__tests__/use-mobile.test.ts" name="useIsMobile &gt; ウィンドウ幅変更時に値が変わる" time="0.00231225">
        </testcase>
        <testcase classname="src/hooks/__tests__/use-mobile.test.ts" name="useIsMobile &gt; matchMedia未定義時でも例外を投げずfalse" time="0.000896709">
        </testcase>
        <testcase classname="src/hooks/__tests__/use-mobile.test.ts" name="useIsMobile &gt; addEventListenerが例外を投げても例外伝播しない" time="0.001661916">
        </testcase>
        <testcase classname="src/hooks/__tests__/use-mobile.test.ts" name="useIsMobile &gt; 返り値はboolean型である" time="0.000793709">
        </testcase>
    </testsuite>
    <testsuite name="src/hooks/__tests__/use-pwa.test.ts" timestamp="2025-07-13T11:58:03.537Z" hostname="MasakinoMacBook-Pro.local" tests="3" failures="0" errors="0" skipped="0" time="0.014685167">
        <testcase classname="src/hooks/__tests__/use-pwa.test.ts" name="usePWA &gt; 初期状態でisInstallable, isInstalledがbooleanで返る" time="0.00790425">
        </testcase>
        <testcase classname="src/hooks/__tests__/use-pwa.test.ts" name="usePWA &gt; beforeinstallpromptイベントでisInstallableがtrueになる" time="0.003638667">
        </testcase>
        <testcase classname="src/hooks/__tests__/use-pwa.test.ts" name="usePWA &gt; showInstallPromptがwindowに定義される（PWA環境のみ）" time="0.002366458">
        </testcase>
    </testsuite>
    <testsuite name="src/hooks/__tests__/use-web-vitals.test.ts" timestamp="2025-07-13T11:58:03.537Z" hostname="MasakinoMacBook-Pro.local" tests="2" failures="0" errors="0" skipped="0" time="0.0423925">
        <testcase classname="src/hooks/__tests__/use-web-vitals.test.ts" name="useWebVitals &gt; should register web-vitals metrics and call callback (development)" time="0.037561334">
        </testcase>
        <testcase classname="src/hooks/__tests__/use-web-vitals.test.ts" name="useWebVitals &gt; should call fetch in production" time="0.003755459">
        </testcase>
    </testsuite>
    <testsuite name="src/components/__tests__/app-sidebar.test.tsx" timestamp="2025-07-13T11:58:03.539Z" hostname="MasakinoMacBook-Pro.local" tests="19" failures="0" errors="0" skipped="0" time="0.116285709">
        <testcase classname="src/components/__tests__/app-sidebar.test.tsx" name="AppSidebar &gt; レンダリング &gt; 基本的な構造が正しく表示される" time="0.025166083">
        </testcase>
        <testcase classname="src/components/__tests__/app-sidebar.test.tsx" name="AppSidebar &gt; レンダリング &gt; アプリケーションタイトルが表示される" time="0.007598208">
        </testcase>
        <testcase classname="src/components/__tests__/app-sidebar.test.tsx" name="AppSidebar &gt; レンダリング &gt; ナビゲーションメニューが表示される" time="0.003080041">
        </testcase>
        <testcase classname="src/components/__tests__/app-sidebar.test.tsx" name="AppSidebar &gt; アイコン &gt; MessagesSquareアイコンが表示される" time="0.004320583">
        </testcase>
        <testcase classname="src/components/__tests__/app-sidebar.test.tsx" name="AppSidebar &gt; アイコン &gt; アイコンに適切なクラスが設定される" time="0.002891666">
        </testcase>
        <testcase classname="src/components/__tests__/app-sidebar.test.tsx" name="AppSidebar &gt; リンク &gt; ヘッダーとチャットリンクが正しいhrefを持つ" time="0.038417667">
        </testcase>
        <testcase classname="src/components/__tests__/app-sidebar.test.tsx" name="AppSidebar &gt; メニューボタン &gt; 適切なサイズのメニューボタンが表示される" time="0.002266583">
        </testcase>
        <testcase classname="src/components/__tests__/app-sidebar.test.tsx" name="AppSidebar &gt; メニューボタン &gt; 通常サイズのメニューボタンが表示される" time="0.004429083">
        </testcase>
        <testcase classname="src/components/__tests__/app-sidebar.test.tsx" name="AppSidebar &gt; プロパティ &gt; Sidebarコンポーネントにpropsが渡される" time="0.002493125">
        </testcase>
        <testcase classname="src/components/__tests__/app-sidebar.test.tsx" name="AppSidebar &gt; プロパティ &gt; その他のpropsが正しく渡される" time="0.001786041">
        </testcase>
        <testcase classname="src/components/__tests__/app-sidebar.test.tsx" name="AppSidebar &gt; アクセシビリティ &gt; セマンティックな構造を持つ" time="0.001945875">
        </testcase>
        <testcase classname="src/components/__tests__/app-sidebar.test.tsx" name="AppSidebar &gt; アクセシビリティ &gt; リンクが適切にアクセシブル" time="0.005300833">
        </testcase>
        <testcase classname="src/components/__tests__/app-sidebar.test.tsx" name="AppSidebar &gt; アクセシビリティ &gt; 適切なテキストコンテンツを持つ" time="0.003251416">
        </testcase>
        <testcase classname="src/components/__tests__/app-sidebar.test.tsx" name="AppSidebar &gt; レスポンシブ &gt; モバイルでの表示に対応" time="0.001490083">
        </testcase>
        <testcase classname="src/components/__tests__/app-sidebar.test.tsx" name="AppSidebar &gt; エラーハンドリング &gt; 無効なpropsでもレンダリングされる" time="0.001578">
        </testcase>
        <testcase classname="src/components/__tests__/app-sidebar.test.tsx" name="AppSidebar &gt; エラーハンドリング &gt; 空のpropsでもレンダリングされる" time="0.001252125">
        </testcase>
        <testcase classname="src/components/__tests__/app-sidebar.test.tsx" name="AppSidebar &gt; コンポーネント統合 &gt; すべてのサブコンポーネントが正しく統合される" time="0.002955667">
        </testcase>
        <testcase classname="src/components/__tests__/app-sidebar.test.tsx" name="AppSidebar &gt; スタイリング &gt; 適切なCSSクラスが適用される" time="0.00145">
        </testcase>
        <testcase classname="src/components/__tests__/app-sidebar.test.tsx" name="AppSidebar &gt; パフォーマンス &gt; 複数回レンダリングしても問題ない" time="0.003188875">
        </testcase>
    </testsuite>
    <testsuite name="src/components/__tests__/error-boundary-simple.test.tsx" timestamp="2025-07-13T11:58:03.542Z" hostname="MasakinoMacBook-Pro.local" tests="5" failures="0" errors="0" skipped="0" time="0.048194958">
        <testcase classname="src/components/__tests__/error-boundary-simple.test.tsx" name="ErrorBoundary &gt; should render children when no error occurs" time="0.014999167">
        </testcase>
        <testcase classname="src/components/__tests__/error-boundary-simple.test.tsx" name="ErrorBoundary &gt; should render error UI when child throws error" time="0.014878167">
        </testcase>
        <testcase classname="src/components/__tests__/error-boundary-simple.test.tsx" name="ErrorBoundary &gt; should call console.error when error occurs" time="0.00479825">
        </testcase>
        <testcase classname="src/components/__tests__/error-boundary-simple.test.tsx" name="ErrorBoundary &gt; should reset error state when reset button is clicked" time="0.008930542">
        </testcase>
        <testcase classname="src/components/__tests__/error-boundary-simple.test.tsx" name="ErrorBoundary &gt; should have reload button in error UI" time="0.003242334">
        </testcase>
    </testsuite>
    <testsuite name="src/components/__tests__/error-boundary.test.tsx" timestamp="2025-07-13T11:58:03.543Z" hostname="MasakinoMacBook-Pro.local" tests="24" failures="0" errors="0" skipped="0" time="0.164488125">
        <testcase classname="src/components/__tests__/error-boundary.test.tsx" name="ErrorBoundary &gt; should render children when no error occurs" time="0.018816209">
        </testcase>
        <testcase classname="src/components/__tests__/error-boundary.test.tsx" name="ErrorBoundary &gt; should render error UI when child throws error" time="0.015017458">
        </testcase>
        <testcase classname="src/components/__tests__/error-boundary.test.tsx" name="ErrorBoundary &gt; should call console.error when error occurs" time="0.00527725">
        </testcase>
        <testcase classname="src/components/__tests__/error-boundary.test.tsx" name="ErrorBoundary &gt; should reset error state when reset button is clicked" time="0.010265292">
        </testcase>
        <testcase classname="src/components/__tests__/error-boundary.test.tsx" name="ErrorBoundary &gt; should have reload button in error UI" time="0.003064583">
        </testcase>
        <testcase classname="src/components/__tests__/error-boundary.test.tsx" name="Custom Fallback Component &gt; should render custom fallback when provided" time="0.008036417">
            <system-err>
Error: Test error
    at ErrorThrowingComponent [90m(/Users/masaki/Documents/gamechat-ai/frontend/[39msrc/components/__tests__/error-boundary.test.tsx:9:11[90m)[39m
    at Object.react-stack-bottom-frame [90m(/Users/masaki/Documents/gamechat-ai/frontend/[39mnode_modules/[4mreact-dom[24m/cjs/react-dom-client.development.js:23863:20[90m)[39m
    at renderWithHooks [90m(/Users/masaki/Documents/gamechat-ai/frontend/[39mnode_modules/[4mreact-dom[24m/cjs/react-dom-client.development.js:5529:22[90m)[39m
    at updateFunctionComponent [90m(/Users/masaki/Documents/gamechat-ai/frontend/[39mnode_modules/[4mreact-dom[24m/cjs/react-dom-client.development.js:8897:19[90m)[39m
    at beginWork [90m(/Users/masaki/Documents/gamechat-ai/frontend/[39mnode_modules/[4mreact-dom[24m/cjs/react-dom-client.development.js:10522:18[90m)[39m
    at runWithFiberInDEV [90m(/Users/masaki/Documents/gamechat-ai/frontend/[39mnode_modules/[4mreact-dom[24m/cjs/react-dom-client.development.js:1522:13[90m)[39m
    at performUnitOfWork [90m(/Users/masaki/Documents/gamechat-ai/frontend/[39mnode_modules/[4mreact-dom[24m/cjs/react-dom-client.development.js:15140:22[90m)[39m
    at workLoopSync [90m(/Users/masaki/Documents/gamechat-ai/frontend/[39mnode_modules/[4mreact-dom[24m/cjs/react-dom-client.development.js:14956:41[90m)[39m
    at renderRootSync [90m(/Users/masaki/Documents/gamechat-ai/frontend/[39mnode_modules/[4mreact-dom[24m/cjs/react-dom-client.development.js:14936:11[90m)[39m
    at performWorkOnRoot [90m(/Users/masaki/Documents/gamechat-ai/frontend/[39mnode_modules/[4mreact-dom[24m/cjs/react-dom-client.development.js:14462:44[90m)[39m {
  [stack]: [36m[Getter/Setter][39m,
  [message]: [32m&apos;Test error&apos;[39m
}

The above error occurred in the &lt;ErrorThrowingComponent&gt; component.

React will try to recreate this component tree from scratch using the error boundary you provided, ErrorBoundary.

ErrorBoundary caught an error: Error: Test error
    at ErrorThrowingComponent [90m(/Users/masaki/Documents/gamechat-ai/frontend/[39msrc/components/__tests__/error-boundary.test.tsx:9:11[90m)[39m
    at Object.react-stack-bottom-frame [90m(/Users/masaki/Documents/gamechat-ai/frontend/[39mnode_modules/[4mreact-dom[24m/cjs/react-dom-client.development.js:23863:20[90m)[39m
    at renderWithHooks [90m(/Users/masaki/Documents/gamechat-ai/frontend/[39mnode_modules/[4mreact-dom[24m/cjs/react-dom-client.development.js:5529:22[90m)[39m
    at updateFunctionComponent [90m(/Users/masaki/Documents/gamechat-ai/frontend/[39mnode_modules/[4mreact-dom[24m/cjs/react-dom-client.development.js:8897:19[90m)[39m
    at beginWork [90m(/Users/masaki/Documents/gamechat-ai/frontend/[39mnode_modules/[4mreact-dom[24m/cjs/react-dom-client.development.js:10522:18[90m)[39m
    at runWithFiberInDEV [90m(/Users/masaki/Documents/gamechat-ai/frontend/[39mnode_modules/[4mreact-dom[24m/cjs/react-dom-client.development.js:1522:13[90m)[39m
    at performUnitOfWork [90m(/Users/masaki/Documents/gamechat-ai/frontend/[39mnode_modules/[4mreact-dom[24m/cjs/react-dom-client.development.js:15140:22[90m)[39m
    at workLoopSync [90m(/Users/masaki/Documents/gamechat-ai/frontend/[39mnode_modules/[4mreact-dom[24m/cjs/react-dom-client.development.js:14956:41[90m)[39m
    at renderRootSync [90m(/Users/masaki/Documents/gamechat-ai/frontend/[39mnode_modules/[4mreact-dom[24m/cjs/react-dom-client.development.js:14936:11[90m)[39m
    at performWorkOnRoot [90m(/Users/masaki/Documents/gamechat-ai/frontend/[39mnode_modules/[4mreact-dom[24m/cjs/react-dom-client.development.js:14462:44[90m)[39m
Error Info: {
  componentStack: [32m&apos;\n&apos;[39m +
    [32m&apos;    at ErrorThrowingComponent (/Users/masaki/Documents/gamechat-ai/frontend/src/components/__tests__/error-boundary.test.tsx:11:35)\n&apos;[39m +
    [32m&apos;    at ErrorBoundary (/Users/masaki/Documents/gamechat-ai/frontend/src/components/error-boundary.tsx:11:5)&apos;[39m
}

            </system-err>
        </testcase>
        <testcase classname="src/components/__tests__/error-boundary.test.tsx" name="Custom Fallback Component &gt; should call custom reset function" time="0.006537792">
            <system-err>
Error: Test error
    at ErrorThrowingComponent [90m(/Users/masaki/Documents/gamechat-ai/frontend/[39msrc/components/__tests__/error-boundary.test.tsx:9:11[90m)[39m
    at Object.react-stack-bottom-frame [90m(/Users/masaki/Documents/gamechat-ai/frontend/[39mnode_modules/[4mreact-dom[24m/cjs/react-dom-client.development.js:23863:20[90m)[39m
    at renderWithHooks [90m(/Users/masaki/Documents/gamechat-ai/frontend/[39mnode_modules/[4mreact-dom[24m/cjs/react-dom-client.development.js:5529:22[90m)[39m
    at updateFunctionComponent [90m(/Users/masaki/Documents/gamechat-ai/frontend/[39mnode_modules/[4mreact-dom[24m/cjs/react-dom-client.development.js:8897:19[90m)[39m
    at beginWork [90m(/Users/masaki/Documents/gamechat-ai/frontend/[39mnode_modules/[4mreact-dom[24m/cjs/react-dom-client.development.js:10522:18[90m)[39m
    at runWithFiberInDEV [90m(/Users/masaki/Documents/gamechat-ai/frontend/[39mnode_modules/[4mreact-dom[24m/cjs/react-dom-client.development.js:1522:13[90m)[39m
    at performUnitOfWork [90m(/Users/masaki/Documents/gamechat-ai/frontend/[39mnode_modules/[4mreact-dom[24m/cjs/react-dom-client.development.js:15140:22[90m)[39m
    at workLoopSync [90m(/Users/masaki/Documents/gamechat-ai/frontend/[39mnode_modules/[4mreact-dom[24m/cjs/react-dom-client.development.js:14956:41[90m)[39m
    at renderRootSync [90m(/Users/masaki/Documents/gamechat-ai/frontend/[39mnode_modules/[4mreact-dom[24m/cjs/react-dom-client.development.js:14936:11[90m)[39m
    at performWorkOnRoot [90m(/Users/masaki/Documents/gamechat-ai/frontend/[39mnode_modules/[4mreact-dom[24m/cjs/react-dom-client.development.js:14462:44[90m)[39m {
  [stack]: [36m[Getter/Setter][39m,
  [message]: [32m&apos;Test error&apos;[39m
}

The above error occurred in the &lt;ErrorThrowingComponent&gt; component.

React will try to recreate this component tree from scratch using the error boundary you provided, ErrorBoundary.

ErrorBoundary caught an error: Error: Test error
    at ErrorThrowingComponent [90m(/Users/masaki/Documents/gamechat-ai/frontend/[39msrc/components/__tests__/error-boundary.test.tsx:9:11[90m)[39m
    at Object.react-stack-bottom-frame [90m(/Users/masaki/Documents/gamechat-ai/frontend/[39mnode_modules/[4mreact-dom[24m/cjs/react-dom-client.development.js:23863:20[90m)[39m
    at renderWithHooks [90m(/Users/masaki/Documents/gamechat-ai/frontend/[39mnode_modules/[4mreact-dom[24m/cjs/react-dom-client.development.js:5529:22[90m)[39m
    at updateFunctionComponent [90m(/Users/masaki/Documents/gamechat-ai/frontend/[39mnode_modules/[4mreact-dom[24m/cjs/react-dom-client.development.js:8897:19[90m)[39m
    at beginWork [90m(/Users/masaki/Documents/gamechat-ai/frontend/[39mnode_modules/[4mreact-dom[24m/cjs/react-dom-client.development.js:10522:18[90m)[39m
    at runWithFiberInDEV [90m(/Users/masaki/Documents/gamechat-ai/frontend/[39mnode_modules/[4mreact-dom[24m/cjs/react-dom-client.development.js:1522:13[90m)[39m
    at performUnitOfWork [90m(/Users/masaki/Documents/gamechat-ai/frontend/[39mnode_modules/[4mreact-dom[24m/cjs/react-dom-client.development.js:15140:22[90m)[39m
    at workLoopSync [90m(/Users/masaki/Documents/gamechat-ai/frontend/[39mnode_modules/[4mreact-dom[24m/cjs/react-dom-client.development.js:14956:41[90m)[39m
    at renderRootSync [90m(/Users/masaki/Documents/gamechat-ai/frontend/[39mnode_modules/[4mreact-dom[24m/cjs/react-dom-client.development.js:14936:11[90m)[39m
    at performWorkOnRoot [90m(/Users/masaki/Documents/gamechat-ai/frontend/[39mnode_modules/[4mreact-dom[24m/cjs/react-dom-client.development.js:14462:44[90m)[39m
Error Info: {
  componentStack: [32m&apos;\n&apos;[39m +
    [32m&apos;    at ErrorThrowingComponent (/Users/masaki/Documents/gamechat-ai/frontend/src/components/__tests__/error-boundary.test.tsx:11:35)\n&apos;[39m +
    [32m&apos;    at ErrorBoundary (/Users/masaki/Documents/gamechat-ai/frontend/src/components/error-boundary.tsx:11:5)&apos;[39m
}
Error: Test error
    at ErrorThrowingComponent [90m(/Users/masaki/Documents/gamechat-ai/frontend/[39msrc/components/__tests__/error-boundary.test.tsx:9:11[90m)[39m
    at Object.react-stack-bottom-frame [90m(/Users/masaki/Documents/gamechat-ai/frontend/[39mnode_modules/[4mreact-dom[24m/cjs/react-dom-client.development.js:23863:20[90m)[39m
    at renderWithHooks [90m(/Users/masaki/Documents/gamechat-ai/frontend/[39mnode_modules/[4mreact-dom[24m/cjs/react-dom-client.development.js:5529:22[90m)[39m
    at updateFunctionComponent [90m(/Users/masaki/Documents/gamechat-ai/frontend/[39mnode_modules/[4mreact-dom[24m/cjs/react-dom-client.development.js:8897:19[90m)[39m
    at beginWork [90m(/Users/masaki/Documents/gamechat-ai/frontend/[39mnode_modules/[4mreact-dom[24m/cjs/react-dom-client.development.js:10522:18[90m)[39m
    at runWithFiberInDEV [90m(/Users/masaki/Documents/gamechat-ai/frontend/[39mnode_modules/[4mreact-dom[24m/cjs/react-dom-client.development.js:1522:13[90m)[39m
    at performUnitOfWork [90m(/Users/masaki/Documents/gamechat-ai/frontend/[39mnode_modules/[4mreact-dom[24m/cjs/react-dom-client.development.js:15140:22[90m)[39m
    at workLoopSync [90m(/Users/masaki/Documents/gamechat-ai/frontend/[39mnode_modules/[4mreact-dom[24m/cjs/react-dom-client.development.js:14956:41[90m)[39m
    at renderRootSync [90m(/Users/masaki/Documents/gamechat-ai/frontend/[39mnode_modules/[4mreact-dom[24m/cjs/react-dom-client.development.js:14936:11[90m)[39m
    at performWorkOnRoot [90m(/Users/masaki/Documents/gamechat-ai/frontend/[39mnode_modules/[4mreact-dom[24m/cjs/react-dom-client.development.js:14462:44[90m)[39m {
  [stack]: [36m[Getter/Setter][39m,
  [message]: [32m&apos;Test error&apos;[39m
}

The above error occurred in the &lt;ErrorThrowingComponent&gt; component.

React will try to recreate this component tree from scratch using the error boundary you provided, ErrorBoundary.

ErrorBoundary caught an error: Error: Test error
    at ErrorThrowingComponent [90m(/Users/masaki/Documents/gamechat-ai/frontend/[39msrc/components/__tests__/error-boundary.test.tsx:9:11[90m)[39m
    at Object.react-stack-bottom-frame [90m(/Users/masaki/Documents/gamechat-ai/frontend/[39mnode_modules/[4mreact-dom[24m/cjs/react-dom-client.development.js:23863:20[90m)[39m
    at renderWithHooks [90m(/Users/masaki/Documents/gamechat-ai/frontend/[39mnode_modules/[4mreact-dom[24m/cjs/react-dom-client.development.js:5529:22[90m)[39m
    at updateFunctionComponent [90m(/Users/masaki/Documents/gamechat-ai/frontend/[39mnode_modules/[4mreact-dom[24m/cjs/react-dom-client.development.js:8897:19[90m)[39m
    at beginWork [90m(/Users/masaki/Documents/gamechat-ai/frontend/[39mnode_modules/[4mreact-dom[24m/cjs/react-dom-client.development.js:10522:18[90m)[39m
    at runWithFiberInDEV [90m(/Users/masaki/Documents/gamechat-ai/frontend/[39mnode_modules/[4mreact-dom[24m/cjs/react-dom-client.development.js:1522:13[90m)[39m
    at performUnitOfWork [90m(/Users/masaki/Documents/gamechat-ai/frontend/[39mnode_modules/[4mreact-dom[24m/cjs/react-dom-client.development.js:15140:22[90m)[39m
    at workLoopSync [90m(/Users/masaki/Documents/gamechat-ai/frontend/[39mnode_modules/[4mreact-dom[24m/cjs/react-dom-client.development.js:14956:41[90m)[39m
    at renderRootSync [90m(/Users/masaki/Documents/gamechat-ai/frontend/[39mnode_modules/[4mreact-dom[24m/cjs/react-dom-client.development.js:14936:11[90m)[39m
    at performWorkOnRoot [90m(/Users/masaki/Documents/gamechat-ai/frontend/[39mnode_modules/[4mreact-dom[24m/cjs/react-dom-client.development.js:14462:44[90m)[39m
Error Info: {
  componentStack: [32m&apos;\n&apos;[39m +
    [32m&apos;    at ErrorThrowingComponent (/Users/masaki/Documents/gamechat-ai/frontend/src/components/__tests__/error-boundary.test.tsx:11:35)\n&apos;[39m +
    [32m&apos;    at ErrorBoundary (/Users/masaki/Documents/gamechat-ai/frontend/src/components/error-boundary.tsx:11:5)&apos;[39m
}

            </system-err>
        </testcase>
        <testcase classname="src/components/__tests__/error-boundary.test.tsx" name="Error Callback &gt; should call onError callback when provided" time="0.002888667">
            <system-err>
Error: Test error
    at ErrorThrowingComponent [90m(/Users/masaki/Documents/gamechat-ai/frontend/[39msrc/components/__tests__/error-boundary.test.tsx:9:11[90m)[39m
    at Object.react-stack-bottom-frame [90m(/Users/masaki/Documents/gamechat-ai/frontend/[39mnode_modules/[4mreact-dom[24m/cjs/react-dom-client.development.js:23863:20[90m)[39m
    at renderWithHooks [90m(/Users/masaki/Documents/gamechat-ai/frontend/[39mnode_modules/[4mreact-dom[24m/cjs/react-dom-client.development.js:5529:22[90m)[39m
    at updateFunctionComponent [90m(/Users/masaki/Documents/gamechat-ai/frontend/[39mnode_modules/[4mreact-dom[24m/cjs/react-dom-client.development.js:8897:19[90m)[39m
    at beginWork [90m(/Users/masaki/Documents/gamechat-ai/frontend/[39mnode_modules/[4mreact-dom[24m/cjs/react-dom-client.development.js:10522:18[90m)[39m
    at runWithFiberInDEV [90m(/Users/masaki/Documents/gamechat-ai/frontend/[39mnode_modules/[4mreact-dom[24m/cjs/react-dom-client.development.js:1522:13[90m)[39m
    at performUnitOfWork [90m(/Users/masaki/Documents/gamechat-ai/frontend/[39mnode_modules/[4mreact-dom[24m/cjs/react-dom-client.development.js:15140:22[90m)[39m
    at workLoopSync [90m(/Users/masaki/Documents/gamechat-ai/frontend/[39mnode_modules/[4mreact-dom[24m/cjs/react-dom-client.development.js:14956:41[90m)[39m
    at renderRootSync [90m(/Users/masaki/Documents/gamechat-ai/frontend/[39mnode_modules/[4mreact-dom[24m/cjs/react-dom-client.development.js:14936:11[90m)[39m
    at performWorkOnRoot [90m(/Users/masaki/Documents/gamechat-ai/frontend/[39mnode_modules/[4mreact-dom[24m/cjs/react-dom-client.development.js:14462:44[90m)[39m {
  [stack]: [36m[Getter/Setter][39m,
  [message]: [32m&apos;Test error&apos;[39m
}

The above error occurred in the &lt;ErrorThrowingComponent&gt; component.

React will try to recreate this component tree from scratch using the error boundary you provided, ErrorBoundary.

ErrorBoundary caught an error: Error: Test error
    at ErrorThrowingComponent [90m(/Users/masaki/Documents/gamechat-ai/frontend/[39msrc/components/__tests__/error-boundary.test.tsx:9:11[90m)[39m
    at Object.react-stack-bottom-frame [90m(/Users/masaki/Documents/gamechat-ai/frontend/[39mnode_modules/[4mreact-dom[24m/cjs/react-dom-client.development.js:23863:20[90m)[39m
    at renderWithHooks [90m(/Users/masaki/Documents/gamechat-ai/frontend/[39mnode_modules/[4mreact-dom[24m/cjs/react-dom-client.development.js:5529:22[90m)[39m
    at updateFunctionComponent [90m(/Users/masaki/Documents/gamechat-ai/frontend/[39mnode_modules/[4mreact-dom[24m/cjs/react-dom-client.development.js:8897:19[90m)[39m
    at beginWork [90m(/Users/masaki/Documents/gamechat-ai/frontend/[39mnode_modules/[4mreact-dom[24m/cjs/react-dom-client.development.js:10522:18[90m)[39m
    at runWithFiberInDEV [90m(/Users/masaki/Documents/gamechat-ai/frontend/[39mnode_modules/[4mreact-dom[24m/cjs/react-dom-client.development.js:1522:13[90m)[39m
    at performUnitOfWork [90m(/Users/masaki/Documents/gamechat-ai/frontend/[39mnode_modules/[4mreact-dom[24m/cjs/react-dom-client.development.js:15140:22[90m)[39m
    at workLoopSync [90m(/Users/masaki/Documents/gamechat-ai/frontend/[39mnode_modules/[4mreact-dom[24m/cjs/react-dom-client.development.js:14956:41[90m)[39m
    at renderRootSync [90m(/Users/masaki/Documents/gamechat-ai/frontend/[39mnode_modules/[4mreact-dom[24m/cjs/react-dom-client.development.js:14936:11[90m)[39m
    at performWorkOnRoot [90m(/Users/masaki/Documents/gamechat-ai/frontend/[39mnode_modules/[4mreact-dom[24m/cjs/react-dom-client.development.js:14462:44[90m)[39m
Error Info: {
  componentStack: [32m&apos;\n&apos;[39m +
    [32m&apos;    at ErrorThrowingComponent (/Users/masaki/Documents/gamechat-ai/frontend/src/components/__tests__/error-boundary.test.tsx:11:35)\n&apos;[39m +
    [32m&apos;    at ErrorBoundary (/Users/masaki/Documents/gamechat-ai/frontend/src/components/error-boundary.tsx:11:5)&apos;[39m
}

            </system-err>
        </testcase>
        <testcase classname="src/components/__tests__/error-boundary.test.tsx" name="Error Callback &gt; should not call onError when no error occurs" time="0.00115575">
        </testcase>
        <testcase classname="src/components/__tests__/error-boundary.test.tsx" name="Error Types &gt; should handle different error types" time="0.00289525">
            <system-err>
TypeError: Type error occurred
    at ThrowTypeError [90m(/Users/masaki/Documents/gamechat-ai/frontend/[39msrc/components/__tests__/error-boundary.test.tsx:166:13[90m)[39m
    at Object.react-stack-bottom-frame [90m(/Users/masaki/Documents/gamechat-ai/frontend/[39mnode_modules/[4mreact-dom[24m/cjs/react-dom-client.development.js:23863:20[90m)[39m
    at renderWithHooks [90m(/Users/masaki/Documents/gamechat-ai/frontend/[39mnode_modules/[4mreact-dom[24m/cjs/react-dom-client.development.js:5529:22[90m)[39m
    at updateFunctionComponent [90m(/Users/masaki/Documents/gamechat-ai/frontend/[39mnode_modules/[4mreact-dom[24m/cjs/react-dom-client.development.js:8897:19[90m)[39m
    at beginWork [90m(/Users/masaki/Documents/gamechat-ai/frontend/[39mnode_modules/[4mreact-dom[24m/cjs/react-dom-client.development.js:10522:18[90m)[39m
    at runWithFiberInDEV [90m(/Users/masaki/Documents/gamechat-ai/frontend/[39mnode_modules/[4mreact-dom[24m/cjs/react-dom-client.development.js:1522:13[90m)[39m
    at performUnitOfWork [90m(/Users/masaki/Documents/gamechat-ai/frontend/[39mnode_modules/[4mreact-dom[24m/cjs/react-dom-client.development.js:15140:22[90m)[39m
    at workLoopSync [90m(/Users/masaki/Documents/gamechat-ai/frontend/[39mnode_modules/[4mreact-dom[24m/cjs/react-dom-client.development.js:14956:41[90m)[39m
    at renderRootSync [90m(/Users/masaki/Documents/gamechat-ai/frontend/[39mnode_modules/[4mreact-dom[24m/cjs/react-dom-client.development.js:14936:11[90m)[39m
    at performWorkOnRoot [90m(/Users/masaki/Documents/gamechat-ai/frontend/[39mnode_modules/[4mreact-dom[24m/cjs/react-dom-client.development.js:14462:44[90m)[39m {
  [stack]: [36m[Getter/Setter][39m,
  [message]: [32m&apos;Type error occurred&apos;[39m
}

The above error occurred in the &lt;ThrowTypeError&gt; component.

React will try to recreate this component tree from scratch using the error boundary you provided, ErrorBoundary.

ErrorBoundary caught an error: TypeError: Type error occurred
    at ThrowTypeError [90m(/Users/masaki/Documents/gamechat-ai/frontend/[39msrc/components/__tests__/error-boundary.test.tsx:166:13[90m)[39m
    at Object.react-stack-bottom-frame [90m(/Users/masaki/Documents/gamechat-ai/frontend/[39mnode_modules/[4mreact-dom[24m/cjs/react-dom-client.development.js:23863:20[90m)[39m
    at renderWithHooks [90m(/Users/masaki/Documents/gamechat-ai/frontend/[39mnode_modules/[4mreact-dom[24m/cjs/react-dom-client.development.js:5529:22[90m)[39m
    at updateFunctionComponent [90m(/Users/masaki/Documents/gamechat-ai/frontend/[39mnode_modules/[4mreact-dom[24m/cjs/react-dom-client.development.js:8897:19[90m)[39m
    at beginWork [90m(/Users/masaki/Documents/gamechat-ai/frontend/[39mnode_modules/[4mreact-dom[24m/cjs/react-dom-client.development.js:10522:18[90m)[39m
    at runWithFiberInDEV [90m(/Users/masaki/Documents/gamechat-ai/frontend/[39mnode_modules/[4mreact-dom[24m/cjs/react-dom-client.development.js:1522:13[90m)[39m
    at performUnitOfWork [90m(/Users/masaki/Documents/gamechat-ai/frontend/[39mnode_modules/[4mreact-dom[24m/cjs/react-dom-client.development.js:15140:22[90m)[39m
    at workLoopSync [90m(/Users/masaki/Documents/gamechat-ai/frontend/[39mnode_modules/[4mreact-dom[24m/cjs/react-dom-client.development.js:14956:41[90m)[39m
    at renderRootSync [90m(/Users/masaki/Documents/gamechat-ai/frontend/[39mnode_modules/[4mreact-dom[24m/cjs/react-dom-client.development.js:14936:11[90m)[39m
    at performWorkOnRoot [90m(/Users/masaki/Documents/gamechat-ai/frontend/[39mnode_modules/[4mreact-dom[24m/cjs/react-dom-client.development.js:14462:44[90m)[39m
Error Info: {
  componentStack: [32m&apos;\n&apos;[39m +
    [32m&apos;    at ThrowTypeError (/Users/masaki/Documents/gamechat-ai/frontend/src/components/__tests__/error-boundary.test.tsx:215:13)\n&apos;[39m +
    [32m&apos;    at ErrorBoundary (/Users/masaki/Documents/gamechat-ai/frontend/src/components/error-boundary.tsx:11:5)&apos;[39m
}

            </system-err>
        </testcase>
        <testcase classname="src/components/__tests__/error-boundary.test.tsx" name="Error Types &gt; should handle errors with empty messages" time="0.002994709">
            <system-err>
Error: 
    at EmptyErrorComponent [90m(/Users/masaki/Documents/gamechat-ai/frontend/[39msrc/components/__tests__/error-boundary.test.tsx:180:13[90m)[39m
    at Object.react-stack-bottom-frame [90m(/Users/masaki/Documents/gamechat-ai/frontend/[39mnode_modules/[4mreact-dom[24m/cjs/react-dom-client.development.js:23863:20[90m)[39m
    at renderWithHooks [90m(/Users/masaki/Documents/gamechat-ai/frontend/[39mnode_modules/[4mreact-dom[24m/cjs/react-dom-client.development.js:5529:22[90m)[39m
    at updateFunctionComponent [90m(/Users/masaki/Documents/gamechat-ai/frontend/[39mnode_modules/[4mreact-dom[24m/cjs/react-dom-client.development.js:8897:19[90m)[39m
    at beginWork [90m(/Users/masaki/Documents/gamechat-ai/frontend/[39mnode_modules/[4mreact-dom[24m/cjs/react-dom-client.development.js:10522:18[90m)[39m
    at runWithFiberInDEV [90m(/Users/masaki/Documents/gamechat-ai/frontend/[39mnode_modules/[4mreact-dom[24m/cjs/react-dom-client.development.js:1522:13[90m)[39m
    at performUnitOfWork [90m(/Users/masaki/Documents/gamechat-ai/frontend/[39mnode_modules/[4mreact-dom[24m/cjs/react-dom-client.development.js:15140:22[90m)[39m
    at workLoopSync [90m(/Users/masaki/Documents/gamechat-ai/frontend/[39mnode_modules/[4mreact-dom[24m/cjs/react-dom-client.development.js:14956:41[90m)[39m
    at renderRootSync [90m(/Users/masaki/Documents/gamechat-ai/frontend/[39mnode_modules/[4mreact-dom[24m/cjs/react-dom-client.development.js:14936:11[90m)[39m
    at performWorkOnRoot [90m(/Users/masaki/Documents/gamechat-ai/frontend/[39mnode_modules/[4mreact-dom[24m/cjs/react-dom-client.development.js:14462:44[90m)[39m {
  [stack]: [36m[Getter/Setter][39m,
  [message]: [32m&apos;&apos;[39m
}

The above error occurred in the &lt;EmptyErrorComponent&gt; component.

React will try to recreate this component tree from scratch using the error boundary you provided, ErrorBoundary.

ErrorBoundary caught an error: Error: 
    at EmptyErrorComponent [90m(/Users/masaki/Documents/gamechat-ai/frontend/[39msrc/components/__tests__/error-boundary.test.tsx:180:13[90m)[39m
    at Object.react-stack-bottom-frame [90m(/Users/masaki/Documents/gamechat-ai/frontend/[39mnode_modules/[4mreact-dom[24m/cjs/react-dom-client.development.js:23863:20[90m)[39m
    at renderWithHooks [90m(/Users/masaki/Documents/gamechat-ai/frontend/[39mnode_modules/[4mreact-dom[24m/cjs/react-dom-client.development.js:5529:22[90m)[39m
    at updateFunctionComponent [90m(/Users/masaki/Documents/gamechat-ai/frontend/[39mnode_modules/[4mreact-dom[24m/cjs/react-dom-client.development.js:8897:19[90m)[39m
    at beginWork [90m(/Users/masaki/Documents/gamechat-ai/frontend/[39mnode_modules/[4mreact-dom[24m/cjs/react-dom-client.development.js:10522:18[90m)[39m
    at runWithFiberInDEV [90m(/Users/masaki/Documents/gamechat-ai/frontend/[39mnode_modules/[4mreact-dom[24m/cjs/react-dom-client.development.js:1522:13[90m)[39m
    at performUnitOfWork [90m(/Users/masaki/Documents/gamechat-ai/frontend/[39mnode_modules/[4mreact-dom[24m/cjs/react-dom-client.development.js:15140:22[90m)[39m
    at workLoopSync [90m(/Users/masaki/Documents/gamechat-ai/frontend/[39mnode_modules/[4mreact-dom[24m/cjs/react-dom-client.development.js:14956:41[90m)[39m
    at renderRootSync [90m(/Users/masaki/Documents/gamechat-ai/frontend/[39mnode_modules/[4mreact-dom[24m/cjs/react-dom-client.development.js:14936:11[90m)[39m
    at performWorkOnRoot [90m(/Users/masaki/Documents/gamechat-ai/frontend/[39mnode_modules/[4mreact-dom[24m/cjs/react-dom-client.development.js:14462:44[90m)[39m
Error Info: {
  componentStack: [32m&apos;\n&apos;[39m +
    [32m&apos;    at EmptyErrorComponent (/Users/masaki/Documents/gamechat-ai/frontend/src/components/__tests__/error-boundary.test.tsx:232:13)\n&apos;[39m +
    [32m&apos;    at ErrorBoundary (/Users/masaki/Documents/gamechat-ai/frontend/src/components/error-boundary.tsx:11:5)&apos;[39m
}

            </system-err>
        </testcase>
        <testcase classname="src/components/__tests__/error-boundary.test.tsx" name="Error Types &gt; should handle null/undefined errors gracefully" time="0.005858209">
            <system-err>
[1mnull[22m

The above error occurred in the &lt;NullErrorComponent&gt; component.

React will try to recreate this component tree from scratch using the error boundary you provided, ErrorBoundary.

ErrorBoundary caught an error: [1mnull[22m
Error Info: {
  componentStack: [32m&apos;\n&apos;[39m +
    [32m&apos;    at NullErrorComponent (&lt;anonymous&gt;)\n&apos;[39m +
    [32m&apos;    at ErrorBoundary (/Users/masaki/Documents/gamechat-ai/frontend/src/components/error-boundary.tsx:11:5)&apos;[39m
}

            </system-err>
        </testcase>
        <testcase classname="src/components/__tests__/error-boundary.test.tsx" name="Environment-based Error Details &gt; should display error details in development mode" time="0.007923917">
            <system-err>
Error: Development error
    at CustomErrorComponent [90m(/Users/masaki/Documents/gamechat-ai/frontend/[39msrc/components/__tests__/error-boundary.test.tsx:212:13[90m)[39m
    at Object.react-stack-bottom-frame [90m(/Users/masaki/Documents/gamechat-ai/frontend/[39mnode_modules/[4mreact-dom[24m/cjs/react-dom-client.development.js:23863:20[90m)[39m
    at renderWithHooks [90m(/Users/masaki/Documents/gamechat-ai/frontend/[39mnode_modules/[4mreact-dom[24m/cjs/react-dom-client.development.js:5529:22[90m)[39m
    at updateFunctionComponent [90m(/Users/masaki/Documents/gamechat-ai/frontend/[39mnode_modules/[4mreact-dom[24m/cjs/react-dom-client.development.js:8897:19[90m)[39m
    at beginWork [90m(/Users/masaki/Documents/gamechat-ai/frontend/[39mnode_modules/[4mreact-dom[24m/cjs/react-dom-client.development.js:10522:18[90m)[39m
    at runWithFiberInDEV [90m(/Users/masaki/Documents/gamechat-ai/frontend/[39mnode_modules/[4mreact-dom[24m/cjs/react-dom-client.development.js:1522:13[90m)[39m
    at performUnitOfWork [90m(/Users/masaki/Documents/gamechat-ai/frontend/[39mnode_modules/[4mreact-dom[24m/cjs/react-dom-client.development.js:15140:22[90m)[39m
    at workLoopSync [90m(/Users/masaki/Documents/gamechat-ai/frontend/[39mnode_modules/[4mreact-dom[24m/cjs/react-dom-client.development.js:14956:41[90m)[39m
    at renderRootSync [90m(/Users/masaki/Documents/gamechat-ai/frontend/[39mnode_modules/[4mreact-dom[24m/cjs/react-dom-client.development.js:14936:11[90m)[39m
    at performWorkOnRoot [90m(/Users/masaki/Documents/gamechat-ai/frontend/[39mnode_modules/[4mreact-dom[24m/cjs/react-dom-client.development.js:14462:44[90m)[39m {
  [stack]: [36m[Getter/Setter][39m,
  [message]: [32m&apos;Development error&apos;[39m
}

The above error occurred in the &lt;CustomErrorComponent&gt; component.

React will try to recreate this component tree from scratch using the error boundary you provided, ErrorBoundary.

ErrorBoundary caught an error: Error: Development error
    at CustomErrorComponent [90m(/Users/masaki/Documents/gamechat-ai/frontend/[39msrc/components/__tests__/error-boundary.test.tsx:212:13[90m)[39m
    at Object.react-stack-bottom-frame [90m(/Users/masaki/Documents/gamechat-ai/frontend/[39mnode_modules/[4mreact-dom[24m/cjs/react-dom-client.development.js:23863:20[90m)[39m
    at renderWithHooks [90m(/Users/masaki/Documents/gamechat-ai/frontend/[39mnode_modules/[4mreact-dom[24m/cjs/react-dom-client.development.js:5529:22[90m)[39m
    at updateFunctionComponent [90m(/Users/masaki/Documents/gamechat-ai/frontend/[39mnode_modules/[4mreact-dom[24m/cjs/react-dom-client.development.js:8897:19[90m)[39m
    at beginWork [90m(/Users/masaki/Documents/gamechat-ai/frontend/[39mnode_modules/[4mreact-dom[24m/cjs/react-dom-client.development.js:10522:18[90m)[39m
    at runWithFiberInDEV [90m(/Users/masaki/Documents/gamechat-ai/frontend/[39mnode_modules/[4mreact-dom[24m/cjs/react-dom-client.development.js:1522:13[90m)[39m
    at performUnitOfWork [90m(/Users/masaki/Documents/gamechat-ai/frontend/[39mnode_modules/[4mreact-dom[24m/cjs/react-dom-client.development.js:15140:22[90m)[39m
    at workLoopSync [90m(/Users/masaki/Documents/gamechat-ai/frontend/[39mnode_modules/[4mreact-dom[24m/cjs/react-dom-client.development.js:14956:41[90m)[39m
    at renderRootSync [90m(/Users/masaki/Documents/gamechat-ai/frontend/[39mnode_modules/[4mreact-dom[24m/cjs/react-dom-client.development.js:14936:11[90m)[39m
    at performWorkOnRoot [90m(/Users/masaki/Documents/gamechat-ai/frontend/[39mnode_modules/[4mreact-dom[24m/cjs/react-dom-client.development.js:14462:44[90m)[39m
Error Info: {
  componentStack: [32m&apos;\n&apos;[39m +
    [32m&apos;    at CustomErrorComponent (/Users/masaki/Documents/gamechat-ai/frontend/src/components/__tests__/error-boundary.test.tsx:269:13)\n&apos;[39m +
    [32m&apos;    at ErrorBoundary (/Users/masaki/Documents/gamechat-ai/frontend/src/components/error-boundary.tsx:11:5)&apos;[39m
}

            </system-err>
        </testcase>
        <testcase classname="src/components/__tests__/error-boundary.test.tsx" name="Environment-based Error Details &gt; should not display error details in production mode" time="0.005265042">
            <system-err>
Error: Production error
    at CustomErrorComponent [90m(/Users/masaki/Documents/gamechat-ai/frontend/[39msrc/components/__tests__/error-boundary.test.tsx:234:13[90m)[39m
    at Object.react-stack-bottom-frame [90m(/Users/masaki/Documents/gamechat-ai/frontend/[39mnode_modules/[4mreact-dom[24m/cjs/react-dom-client.development.js:23863:20[90m)[39m
    at renderWithHooks [90m(/Users/masaki/Documents/gamechat-ai/frontend/[39mnode_modules/[4mreact-dom[24m/cjs/react-dom-client.development.js:5529:22[90m)[39m
    at updateFunctionComponent [90m(/Users/masaki/Documents/gamechat-ai/frontend/[39mnode_modules/[4mreact-dom[24m/cjs/react-dom-client.development.js:8897:19[90m)[39m
    at beginWork [90m(/Users/masaki/Documents/gamechat-ai/frontend/[39mnode_modules/[4mreact-dom[24m/cjs/react-dom-client.development.js:10522:18[90m)[39m
    at runWithFiberInDEV [90m(/Users/masaki/Documents/gamechat-ai/frontend/[39mnode_modules/[4mreact-dom[24m/cjs/react-dom-client.development.js:1522:13[90m)[39m
    at performUnitOfWork [90m(/Users/masaki/Documents/gamechat-ai/frontend/[39mnode_modules/[4mreact-dom[24m/cjs/react-dom-client.development.js:15140:22[90m)[39m
    at workLoopSync [90m(/Users/masaki/Documents/gamechat-ai/frontend/[39mnode_modules/[4mreact-dom[24m/cjs/react-dom-client.development.js:14956:41[90m)[39m
    at renderRootSync [90m(/Users/masaki/Documents/gamechat-ai/frontend/[39mnode_modules/[4mreact-dom[24m/cjs/react-dom-client.development.js:14936:11[90m)[39m
    at performWorkOnRoot [90m(/Users/masaki/Documents/gamechat-ai/frontend/[39mnode_modules/[4mreact-dom[24m/cjs/react-dom-client.development.js:14462:44[90m)[39m {
  [stack]: [36m[Getter/Setter][39m,
  [message]: [32m&apos;Production error&apos;[39m
}

The above error occurred in the &lt;CustomErrorComponent&gt; component.

React will try to recreate this component tree from scratch using the error boundary you provided, ErrorBoundary.

ErrorBoundary caught an error: Error: Production error
    at CustomErrorComponent [90m(/Users/masaki/Documents/gamechat-ai/frontend/[39msrc/components/__tests__/error-boundary.test.tsx:234:13[90m)[39m
    at Object.react-stack-bottom-frame [90m(/Users/masaki/Documents/gamechat-ai/frontend/[39mnode_modules/[4mreact-dom[24m/cjs/react-dom-client.development.js:23863:20[90m)[39m
    at renderWithHooks [90m(/Users/masaki/Documents/gamechat-ai/frontend/[39mnode_modules/[4mreact-dom[24m/cjs/react-dom-client.development.js:5529:22[90m)[39m
    at updateFunctionComponent [90m(/Users/masaki/Documents/gamechat-ai/frontend/[39mnode_modules/[4mreact-dom[24m/cjs/react-dom-client.development.js:8897:19[90m)[39m
    at beginWork [90m(/Users/masaki/Documents/gamechat-ai/frontend/[39mnode_modules/[4mreact-dom[24m/cjs/react-dom-client.development.js:10522:18[90m)[39m
    at runWithFiberInDEV [90m(/Users/masaki/Documents/gamechat-ai/frontend/[39mnode_modules/[4mreact-dom[24m/cjs/react-dom-client.development.js:1522:13[90m)[39m
    at performUnitOfWork [90m(/Users/masaki/Documents/gamechat-ai/frontend/[39mnode_modules/[4mreact-dom[24m/cjs/react-dom-client.development.js:15140:22[90m)[39m
    at workLoopSync [90m(/Users/masaki/Documents/gamechat-ai/frontend/[39mnode_modules/[4mreact-dom[24m/cjs/react-dom-client.development.js:14956:41[90m)[39m
    at renderRootSync [90m(/Users/masaki/Documents/gamechat-ai/frontend/[39mnode_modules/[4mreact-dom[24m/cjs/react-dom-client.development.js:14936:11[90m)[39m
    at performWorkOnRoot [90m(/Users/masaki/Documents/gamechat-ai/frontend/[39mnode_modules/[4mreact-dom[24m/cjs/react-dom-client.development.js:14462:44[90m)[39m
Error Info: {
  componentStack: [32m&apos;\n&apos;[39m +
    [32m&apos;    at CustomErrorComponent (/Users/masaki/Documents/gamechat-ai/frontend/src/components/__tests__/error-boundary.test.tsx:290:13)\n&apos;[39m +
    [32m&apos;    at ErrorBoundary (/Users/masaki/Documents/gamechat-ai/frontend/src/components/error-boundary.tsx:11:5)&apos;[39m
}

            </system-err>
        </testcase>
        <testcase classname="src/components/__tests__/error-boundary.test.tsx" name="withErrorBoundary HOC &gt; should wrap component with error boundary" time="0.0009845">
        </testcase>
        <testcase classname="src/components/__tests__/error-boundary.test.tsx" name="withErrorBoundary HOC &gt; should handle errors in wrapped component" time="0.002927583">
            <system-err>
Error: HOC Error
    at ErrorComponent [90m(/Users/masaki/Documents/gamechat-ai/frontend/[39msrc/components/__tests__/error-boundary.test.tsx:259:13[90m)[39m
    at Object.react-stack-bottom-frame [90m(/Users/masaki/Documents/gamechat-ai/frontend/[39mnode_modules/[4mreact-dom[24m/cjs/react-dom-client.development.js:23863:20[90m)[39m
    at renderWithHooks [90m(/Users/masaki/Documents/gamechat-ai/frontend/[39mnode_modules/[4mreact-dom[24m/cjs/react-dom-client.development.js:5529:22[90m)[39m
    at updateFunctionComponent [90m(/Users/masaki/Documents/gamechat-ai/frontend/[39mnode_modules/[4mreact-dom[24m/cjs/react-dom-client.development.js:8897:19[90m)[39m
    at beginWork [90m(/Users/masaki/Documents/gamechat-ai/frontend/[39mnode_modules/[4mreact-dom[24m/cjs/react-dom-client.development.js:10522:18[90m)[39m
    at runWithFiberInDEV [90m(/Users/masaki/Documents/gamechat-ai/frontend/[39mnode_modules/[4mreact-dom[24m/cjs/react-dom-client.development.js:1522:13[90m)[39m
    at performUnitOfWork [90m(/Users/masaki/Documents/gamechat-ai/frontend/[39mnode_modules/[4mreact-dom[24m/cjs/react-dom-client.development.js:15140:22[90m)[39m
    at workLoopSync [90m(/Users/masaki/Documents/gamechat-ai/frontend/[39mnode_modules/[4mreact-dom[24m/cjs/react-dom-client.development.js:14956:41[90m)[39m
    at renderRootSync [90m(/Users/masaki/Documents/gamechat-ai/frontend/[39mnode_modules/[4mreact-dom[24m/cjs/react-dom-client.development.js:14936:11[90m)[39m
    at performWorkOnRoot [90m(/Users/masaki/Documents/gamechat-ai/frontend/[39mnode_modules/[4mreact-dom[24m/cjs/react-dom-client.development.js:14462:44[90m)[39m {
  [stack]: [36m[Getter/Setter][39m,
  [message]: [32m&apos;HOC Error&apos;[39m
}

The above error occurred in the &lt;ErrorComponent&gt; component.

React will try to recreate this component tree from scratch using the error boundary you provided, ErrorBoundary.

ErrorBoundary caught an error: Error: HOC Error
    at ErrorComponent [90m(/Users/masaki/Documents/gamechat-ai/frontend/[39msrc/components/__tests__/error-boundary.test.tsx:259:13[90m)[39m
    at Object.react-stack-bottom-frame [90m(/Users/masaki/Documents/gamechat-ai/frontend/[39mnode_modules/[4mreact-dom[24m/cjs/react-dom-client.development.js:23863:20[90m)[39m
    at renderWithHooks [90m(/Users/masaki/Documents/gamechat-ai/frontend/[39mnode_modules/[4mreact-dom[24m/cjs/react-dom-client.development.js:5529:22[90m)[39m
    at updateFunctionComponent [90m(/Users/masaki/Documents/gamechat-ai/frontend/[39mnode_modules/[4mreact-dom[24m/cjs/react-dom-client.development.js:8897:19[90m)[39m
    at beginWork [90m(/Users/masaki/Documents/gamechat-ai/frontend/[39mnode_modules/[4mreact-dom[24m/cjs/react-dom-client.development.js:10522:18[90m)[39m
    at runWithFiberInDEV [90m(/Users/masaki/Documents/gamechat-ai/frontend/[39mnode_modules/[4mreact-dom[24m/cjs/react-dom-client.development.js:1522:13[90m)[39m
    at performUnitOfWork [90m(/Users/masaki/Documents/gamechat-ai/frontend/[39mnode_modules/[4mreact-dom[24m/cjs/react-dom-client.development.js:15140:22[90m)[39m
    at workLoopSync [90m(/Users/masaki/Documents/gamechat-ai/frontend/[39mnode_modules/[4mreact-dom[24m/cjs/react-dom-client.development.js:14956:41[90m)[39m
    at renderRootSync [90m(/Users/masaki/Documents/gamechat-ai/frontend/[39mnode_modules/[4mreact-dom[24m/cjs/react-dom-client.development.js:14936:11[90m)[39m
    at performWorkOnRoot [90m(/Users/masaki/Documents/gamechat-ai/frontend/[39mnode_modules/[4mreact-dom[24m/cjs/react-dom-client.development.js:14462:44[90m)[39m
Error Info: {
  componentStack: [32m&apos;\n&apos;[39m +
    [32m&apos;    at ErrorComponent (/Users/masaki/Documents/gamechat-ai/frontend/src/components/__tests__/error-boundary.test.tsx:323:13)\n&apos;[39m +
    [32m&apos;    at ErrorBoundary (/Users/masaki/Documents/gamechat-ai/frontend/src/components/error-boundary.tsx:11:5)\n&apos;[39m +
    [32m&apos;    at withErrorBoundary(ErrorComponent) (&lt;anonymous&gt;)&apos;[39m
}

            </system-err>
        </testcase>
        <testcase classname="src/components/__tests__/error-boundary.test.tsx" name="withErrorBoundary HOC &gt; should accept custom error boundary props" time="0.001676791">
            <system-err>
Error: Custom HOC Error
    at CustomErrorComponent [90m(/Users/masaki/Documents/gamechat-ai/frontend/[39msrc/components/__tests__/error-boundary.test.tsx:270:13[90m)[39m
    at Object.react-stack-bottom-frame [90m(/Users/masaki/Documents/gamechat-ai/frontend/[39mnode_modules/[4mreact-dom[24m/cjs/react-dom-client.development.js:23863:20[90m)[39m
    at renderWithHooks [90m(/Users/masaki/Documents/gamechat-ai/frontend/[39mnode_modules/[4mreact-dom[24m/cjs/react-dom-client.development.js:5529:22[90m)[39m
    at updateFunctionComponent [90m(/Users/masaki/Documents/gamechat-ai/frontend/[39mnode_modules/[4mreact-dom[24m/cjs/react-dom-client.development.js:8897:19[90m)[39m
    at beginWork [90m(/Users/masaki/Documents/gamechat-ai/frontend/[39mnode_modules/[4mreact-dom[24m/cjs/react-dom-client.development.js:10522:18[90m)[39m
    at runWithFiberInDEV [90m(/Users/masaki/Documents/gamechat-ai/frontend/[39mnode_modules/[4mreact-dom[24m/cjs/react-dom-client.development.js:1522:13[90m)[39m
    at performUnitOfWork [90m(/Users/masaki/Documents/gamechat-ai/frontend/[39mnode_modules/[4mreact-dom[24m/cjs/react-dom-client.development.js:15140:22[90m)[39m
    at workLoopSync [90m(/Users/masaki/Documents/gamechat-ai/frontend/[39mnode_modules/[4mreact-dom[24m/cjs/react-dom-client.development.js:14956:41[90m)[39m
    at renderRootSync [90m(/Users/masaki/Documents/gamechat-ai/frontend/[39mnode_modules/[4mreact-dom[24m/cjs/react-dom-client.development.js:14936:11[90m)[39m
    at performWorkOnRoot [90m(/Users/masaki/Documents/gamechat-ai/frontend/[39mnode_modules/[4mreact-dom[24m/cjs/react-dom-client.development.js:14462:44[90m)[39m {
  [stack]: [36m[Getter/Setter][39m,
  [message]: [32m&apos;Custom HOC Error&apos;[39m
}

The above error occurred in the &lt;CustomErrorComponent&gt; component.

React will try to recreate this component tree from scratch using the error boundary you provided, ErrorBoundary.

ErrorBoundary caught an error: Error: Custom HOC Error
    at CustomErrorComponent [90m(/Users/masaki/Documents/gamechat-ai/frontend/[39msrc/components/__tests__/error-boundary.test.tsx:270:13[90m)[39m
    at Object.react-stack-bottom-frame [90m(/Users/masaki/Documents/gamechat-ai/frontend/[39mnode_modules/[4mreact-dom[24m/cjs/react-dom-client.development.js:23863:20[90m)[39m
    at renderWithHooks [90m(/Users/masaki/Documents/gamechat-ai/frontend/[39mnode_modules/[4mreact-dom[24m/cjs/react-dom-client.development.js:5529:22[90m)[39m
    at updateFunctionComponent [90m(/Users/masaki/Documents/gamechat-ai/frontend/[39mnode_modules/[4mreact-dom[24m/cjs/react-dom-client.development.js:8897:19[90m)[39m
    at beginWork [90m(/Users/masaki/Documents/gamechat-ai/frontend/[39mnode_modules/[4mreact-dom[24m/cjs/react-dom-client.development.js:10522:18[90m)[39m
    at runWithFiberInDEV [90m(/Users/masaki/Documents/gamechat-ai/frontend/[39mnode_modules/[4mreact-dom[24m/cjs/react-dom-client.development.js:1522:13[90m)[39m
    at performUnitOfWork [90m(/Users/masaki/Documents/gamechat-ai/frontend/[39mnode_modules/[4mreact-dom[24m/cjs/react-dom-client.development.js:15140:22[90m)[39m
    at workLoopSync [90m(/Users/masaki/Documents/gamechat-ai/frontend/[39mnode_modules/[4mreact-dom[24m/cjs/react-dom-client.development.js:14956:41[90m)[39m
    at renderRootSync [90m(/Users/masaki/Documents/gamechat-ai/frontend/[39mnode_modules/[4mreact-dom[24m/cjs/react-dom-client.development.js:14936:11[90m)[39m
    at performWorkOnRoot [90m(/Users/masaki/Documents/gamechat-ai/frontend/[39mnode_modules/[4mreact-dom[24m/cjs/react-dom-client.development.js:14462:44[90m)[39m
Error Info: {
  componentStack: [32m&apos;\n&apos;[39m +
    [32m&apos;    at CustomErrorComponent (/Users/masaki/Documents/gamechat-ai/frontend/src/components/__tests__/error-boundary.test.tsx:335:13)\n&apos;[39m +
    [32m&apos;    at ErrorBoundary (/Users/masaki/Documents/gamechat-ai/frontend/src/components/error-boundary.tsx:11:5)\n&apos;[39m +
    [32m&apos;    at withErrorBoundary(CustomErrorComponent) (&lt;anonymous&gt;)&apos;[39m
}

            </system-err>
        </testcase>
        <testcase classname="src/components/__tests__/error-boundary.test.tsx" name="withErrorBoundary HOC &gt; should pass props to wrapped component" time="0.000805834">
        </testcase>
        <testcase classname="src/components/__tests__/error-boundary.test.tsx" name="withErrorBoundary HOC &gt; should set correct displayName" time="0.002525208">
        </testcase>
        <testcase classname="src/components/__tests__/error-boundary.test.tsx" name="Accessibility &gt; should have proper ARIA attributes" time="0.044377333">
            <system-err>
Error: Test error
    at ErrorThrowingComponent [90m(/Users/masaki/Documents/gamechat-ai/frontend/[39msrc/components/__tests__/error-boundary.test.tsx:9:11[90m)[39m
    at Object.react-stack-bottom-frame [90m(/Users/masaki/Documents/gamechat-ai/frontend/[39mnode_modules/[4mreact-dom[24m/cjs/react-dom-client.development.js:23863:20[90m)[39m
    at renderWithHooks [90m(/Users/masaki/Documents/gamechat-ai/frontend/[39mnode_modules/[4mreact-dom[24m/cjs/react-dom-client.development.js:5529:22[90m)[39m
    at updateFunctionComponent [90m(/Users/masaki/Documents/gamechat-ai/frontend/[39mnode_modules/[4mreact-dom[24m/cjs/react-dom-client.development.js:8897:19[90m)[39m
    at beginWork [90m(/Users/masaki/Documents/gamechat-ai/frontend/[39mnode_modules/[4mreact-dom[24m/cjs/react-dom-client.development.js:10522:18[90m)[39m
    at runWithFiberInDEV [90m(/Users/masaki/Documents/gamechat-ai/frontend/[39mnode_modules/[4mreact-dom[24m/cjs/react-dom-client.development.js:1522:13[90m)[39m
    at performUnitOfWork [90m(/Users/masaki/Documents/gamechat-ai/frontend/[39mnode_modules/[4mreact-dom[24m/cjs/react-dom-client.development.js:15140:22[90m)[39m
    at workLoopSync [90m(/Users/masaki/Documents/gamechat-ai/frontend/[39mnode_modules/[4mreact-dom[24m/cjs/react-dom-client.development.js:14956:41[90m)[39m
    at renderRootSync [90m(/Users/masaki/Documents/gamechat-ai/frontend/[39mnode_modules/[4mreact-dom[24m/cjs/react-dom-client.development.js:14936:11[90m)[39m
    at performWorkOnRoot [90m(/Users/masaki/Documents/gamechat-ai/frontend/[39mnode_modules/[4mreact-dom[24m/cjs/react-dom-client.development.js:14462:44[90m)[39m {
  [stack]: [36m[Getter/Setter][39m,
  [message]: [32m&apos;Test error&apos;[39m
}

The above error occurred in the &lt;ErrorThrowingComponent&gt; component.

React will try to recreate this component tree from scratch using the error boundary you provided, ErrorBoundary.

ErrorBoundary caught an error: Error: Test error
    at ErrorThrowingComponent [90m(/Users/masaki/Documents/gamechat-ai/frontend/[39msrc/components/__tests__/error-boundary.test.tsx:9:11[90m)[39m
    at Object.react-stack-bottom-frame [90m(/Users/masaki/Documents/gamechat-ai/frontend/[39mnode_modules/[4mreact-dom[24m/cjs/react-dom-client.development.js:23863:20[90m)[39m
    at renderWithHooks [90m(/Users/masaki/Documents/gamechat-ai/frontend/[39mnode_modules/[4mreact-dom[24m/cjs/react-dom-client.development.js:5529:22[90m)[39m
    at updateFunctionComponent [90m(/Users/masaki/Documents/gamechat-ai/frontend/[39mnode_modules/[4mreact-dom[24m/cjs/react-dom-client.development.js:8897:19[90m)[39m
    at beginWork [90m(/Users/masaki/Documents/gamechat-ai/frontend/[39mnode_modules/[4mreact-dom[24m/cjs/react-dom-client.development.js:10522:18[90m)[39m
    at runWithFiberInDEV [90m(/Users/masaki/Documents/gamechat-ai/frontend/[39mnode_modules/[4mreact-dom[24m/cjs/react-dom-client.development.js:1522:13[90m)[39m
    at performUnitOfWork [90m(/Users/masaki/Documents/gamechat-ai/frontend/[39mnode_modules/[4mreact-dom[24m/cjs/react-dom-client.development.js:15140:22[90m)[39m
    at workLoopSync [90m(/Users/masaki/Documents/gamechat-ai/frontend/[39mnode_modules/[4mreact-dom[24m/cjs/react-dom-client.development.js:14956:41[90m)[39m
    at renderRootSync [90m(/Users/masaki/Documents/gamechat-ai/frontend/[39mnode_modules/[4mreact-dom[24m/cjs/react-dom-client.development.js:14936:11[90m)[39m
    at performWorkOnRoot [90m(/Users/masaki/Documents/gamechat-ai/frontend/[39mnode_modules/[4mreact-dom[24m/cjs/react-dom-client.development.js:14462:44[90m)[39m
Error Info: {
  componentStack: [32m&apos;\n&apos;[39m +
    [32m&apos;    at ErrorThrowingComponent (/Users/masaki/Documents/gamechat-ai/frontend/src/components/__tests__/error-boundary.test.tsx:11:35)\n&apos;[39m +
    [32m&apos;    at ErrorBoundary (/Users/masaki/Documents/gamechat-ai/frontend/src/components/error-boundary.tsx:11:5)&apos;[39m
}

            </system-err>
        </testcase>
        <testcase classname="src/components/__tests__/error-boundary.test.tsx" name="Accessibility &gt; should be keyboard accessible" time="0.004522542">
            <system-err>
Error: Test error
    at ErrorThrowingComponent [90m(/Users/masaki/Documents/gamechat-ai/frontend/[39msrc/components/__tests__/error-boundary.test.tsx:9:11[90m)[39m
    at Object.react-stack-bottom-frame [90m(/Users/masaki/Documents/gamechat-ai/frontend/[39mnode_modules/[4mreact-dom[24m/cjs/react-dom-client.development.js:23863:20[90m)[39m
    at renderWithHooks [90m(/Users/masaki/Documents/gamechat-ai/frontend/[39mnode_modules/[4mreact-dom[24m/cjs/react-dom-client.development.js:5529:22[90m)[39m
    at updateFunctionComponent [90m(/Users/masaki/Documents/gamechat-ai/frontend/[39mnode_modules/[4mreact-dom[24m/cjs/react-dom-client.development.js:8897:19[90m)[39m
    at beginWork [90m(/Users/masaki/Documents/gamechat-ai/frontend/[39mnode_modules/[4mreact-dom[24m/cjs/react-dom-client.development.js:10522:18[90m)[39m
    at runWithFiberInDEV [90m(/Users/masaki/Documents/gamechat-ai/frontend/[39mnode_modules/[4mreact-dom[24m/cjs/react-dom-client.development.js:1522:13[90m)[39m
    at performUnitOfWork [90m(/Users/masaki/Documents/gamechat-ai/frontend/[39mnode_modules/[4mreact-dom[24m/cjs/react-dom-client.development.js:15140:22[90m)[39m
    at workLoopSync [90m(/Users/masaki/Documents/gamechat-ai/frontend/[39mnode_modules/[4mreact-dom[24m/cjs/react-dom-client.development.js:14956:41[90m)[39m
    at renderRootSync [90m(/Users/masaki/Documents/gamechat-ai/frontend/[39mnode_modules/[4mreact-dom[24m/cjs/react-dom-client.development.js:14936:11[90m)[39m
    at performWorkOnRoot [90m(/Users/masaki/Documents/gamechat-ai/frontend/[39mnode_modules/[4mreact-dom[24m/cjs/react-dom-client.development.js:14462:44[90m)[39m {
  [stack]: [36m[Getter/Setter][39m,
  [message]: [32m&apos;Test error&apos;[39m
}

The above error occurred in the &lt;ErrorThrowingComponent&gt; component.

React will try to recreate this component tree from scratch using the error boundary you provided, ErrorBoundary.

ErrorBoundary caught an error: Error: Test error
    at ErrorThrowingComponent [90m(/Users/masaki/Documents/gamechat-ai/frontend/[39msrc/components/__tests__/error-boundary.test.tsx:9:11[90m)[39m
    at Object.react-stack-bottom-frame [90m(/Users/masaki/Documents/gamechat-ai/frontend/[39mnode_modules/[4mreact-dom[24m/cjs/react-dom-client.development.js:23863:20[90m)[39m
    at renderWithHooks [90m(/Users/masaki/Documents/gamechat-ai/frontend/[39mnode_modules/[4mreact-dom[24m/cjs/react-dom-client.development.js:5529:22[90m)[39m
    at updateFunctionComponent [90m(/Users/masaki/Documents/gamechat-ai/frontend/[39mnode_modules/[4mreact-dom[24m/cjs/react-dom-client.development.js:8897:19[90m)[39m
    at beginWork [90m(/Users/masaki/Documents/gamechat-ai/frontend/[39mnode_modules/[4mreact-dom[24m/cjs/react-dom-client.development.js:10522:18[90m)[39m
    at runWithFiberInDEV [90m(/Users/masaki/Documents/gamechat-ai/frontend/[39mnode_modules/[4mreact-dom[24m/cjs/react-dom-client.development.js:1522:13[90m)[39m
    at performUnitOfWork [90m(/Users/masaki/Documents/gamechat-ai/frontend/[39mnode_modules/[4mreact-dom[24m/cjs/react-dom-client.development.js:15140:22[90m)[39m
    at workLoopSync [90m(/Users/masaki/Documents/gamechat-ai/frontend/[39mnode_modules/[4mreact-dom[24m/cjs/react-dom-client.development.js:14956:41[90m)[39m
    at renderRootSync [90m(/Users/masaki/Documents/gamechat-ai/frontend/[39mnode_modules/[4mreact-dom[24m/cjs/react-dom-client.development.js:14936:11[90m)[39m
    at performWorkOnRoot [90m(/Users/masaki/Documents/gamechat-ai/frontend/[39mnode_modules/[4mreact-dom[24m/cjs/react-dom-client.development.js:14462:44[90m)[39m
Error Info: {
  componentStack: [32m&apos;\n&apos;[39m +
    [32m&apos;    at ErrorThrowingComponent (/Users/masaki/Documents/gamechat-ai/frontend/src/components/__tests__/error-boundary.test.tsx:11:35)\n&apos;[39m +
    [32m&apos;    at ErrorBoundary (/Users/masaki/Documents/gamechat-ai/frontend/src/components/error-boundary.tsx:11:5)&apos;[39m
}

            </system-err>
        </testcase>
        <testcase classname="src/components/__tests__/error-boundary.test.tsx" name="Edge Cases &gt; should handle errors in nested components" time="0.002574834">
            <system-err>
Error: Test error
    at ErrorThrowingComponent [90m(/Users/masaki/Documents/gamechat-ai/frontend/[39msrc/components/__tests__/error-boundary.test.tsx:9:11[90m)[39m
    at Object.react-stack-bottom-frame [90m(/Users/masaki/Documents/gamechat-ai/frontend/[39mnode_modules/[4mreact-dom[24m/cjs/react-dom-client.development.js:23863:20[90m)[39m
    at renderWithHooks [90m(/Users/masaki/Documents/gamechat-ai/frontend/[39mnode_modules/[4mreact-dom[24m/cjs/react-dom-client.development.js:5529:22[90m)[39m
    at updateFunctionComponent [90m(/Users/masaki/Documents/gamechat-ai/frontend/[39mnode_modules/[4mreact-dom[24m/cjs/react-dom-client.development.js:8897:19[90m)[39m
    at beginWork [90m(/Users/masaki/Documents/gamechat-ai/frontend/[39mnode_modules/[4mreact-dom[24m/cjs/react-dom-client.development.js:10522:18[90m)[39m
    at runWithFiberInDEV [90m(/Users/masaki/Documents/gamechat-ai/frontend/[39mnode_modules/[4mreact-dom[24m/cjs/react-dom-client.development.js:1522:13[90m)[39m
    at performUnitOfWork [90m(/Users/masaki/Documents/gamechat-ai/frontend/[39mnode_modules/[4mreact-dom[24m/cjs/react-dom-client.development.js:15140:22[90m)[39m
    at workLoopSync [90m(/Users/masaki/Documents/gamechat-ai/frontend/[39mnode_modules/[4mreact-dom[24m/cjs/react-dom-client.development.js:14956:41[90m)[39m
    at renderRootSync [90m(/Users/masaki/Documents/gamechat-ai/frontend/[39mnode_modules/[4mreact-dom[24m/cjs/react-dom-client.development.js:14936:11[90m)[39m
    at performWorkOnRoot [90m(/Users/masaki/Documents/gamechat-ai/frontend/[39mnode_modules/[4mreact-dom[24m/cjs/react-dom-client.development.js:14462:44[90m)[39m {
  [stack]: [36m[Getter/Setter][39m,
  [message]: [32m&apos;Test error&apos;[39m
}

The above error occurred in the &lt;ErrorThrowingComponent&gt; component.

React will try to recreate this component tree from scratch using the error boundary you provided, ErrorBoundary.

ErrorBoundary caught an error: Error: Test error
    at ErrorThrowingComponent [90m(/Users/masaki/Documents/gamechat-ai/frontend/[39msrc/components/__tests__/error-boundary.test.tsx:9:11[90m)[39m
    at Object.react-stack-bottom-frame [90m(/Users/masaki/Documents/gamechat-ai/frontend/[39mnode_modules/[4mreact-dom[24m/cjs/react-dom-client.development.js:23863:20[90m)[39m
    at renderWithHooks [90m(/Users/masaki/Documents/gamechat-ai/frontend/[39mnode_modules/[4mreact-dom[24m/cjs/react-dom-client.development.js:5529:22[90m)[39m
    at updateFunctionComponent [90m(/Users/masaki/Documents/gamechat-ai/frontend/[39mnode_modules/[4mreact-dom[24m/cjs/react-dom-client.development.js:8897:19[90m)[39m
    at beginWork [90m(/Users/masaki/Documents/gamechat-ai/frontend/[39mnode_modules/[4mreact-dom[24m/cjs/react-dom-client.development.js:10522:18[90m)[39m
    at runWithFiberInDEV [90m(/Users/masaki/Documents/gamechat-ai/frontend/[39mnode_modules/[4mreact-dom[24m/cjs/react-dom-client.development.js:1522:13[90m)[39m
    at performUnitOfWork [90m(/Users/masaki/Documents/gamechat-ai/frontend/[39mnode_modules/[4mreact-dom[24m/cjs/react-dom-client.development.js:15140:22[90m)[39m
    at workLoopSync [90m(/Users/masaki/Documents/gamechat-ai/frontend/[39mnode_modules/[4mreact-dom[24m/cjs/react-dom-client.development.js:14956:41[90m)[39m
    at renderRootSync [90m(/Users/masaki/Documents/gamechat-ai/frontend/[39mnode_modules/[4mreact-dom[24m/cjs/react-dom-client.development.js:14936:11[90m)[39m
    at performWorkOnRoot [90m(/Users/masaki/Documents/gamechat-ai/frontend/[39mnode_modules/[4mreact-dom[24m/cjs/react-dom-client.development.js:14462:44[90m)[39m
Error Info: {
  componentStack: [32m&apos;\n&apos;[39m +
    [32m&apos;    at ErrorThrowingComponent (/Users/masaki/Documents/gamechat-ai/frontend/src/components/__tests__/error-boundary.test.tsx:11:35)\n&apos;[39m +
    [32m&apos;    at div (&lt;anonymous&gt;)\n&apos;[39m +
    [32m&apos;    at div (&lt;anonymous&gt;)\n&apos;[39m +
    [32m&apos;    at NestedErrorComponent (&lt;anonymous&gt;)\n&apos;[39m +
    [32m&apos;    at ErrorBoundary (/Users/masaki/Documents/gamechat-ai/frontend/src/components/error-boundary.tsx:11:5)&apos;[39m
}

            </system-err>
        </testcase>
        <testcase classname="src/components/__tests__/error-boundary.test.tsx" name="Edge Cases &gt; should handle errors in conditional rendering" time="0.002830083">
            <system-err>
Error: Test error
    at ErrorThrowingComponent [90m(/Users/masaki/Documents/gamechat-ai/frontend/[39msrc/components/__tests__/error-boundary.test.tsx:9:11[90m)[39m
    at Object.react-stack-bottom-frame [90m(/Users/masaki/Documents/gamechat-ai/frontend/[39mnode_modules/[4mreact-dom[24m/cjs/react-dom-client.development.js:23863:20[90m)[39m
    at renderWithHooks [90m(/Users/masaki/Documents/gamechat-ai/frontend/[39mnode_modules/[4mreact-dom[24m/cjs/react-dom-client.development.js:5529:22[90m)[39m
    at updateFunctionComponent [90m(/Users/masaki/Documents/gamechat-ai/frontend/[39mnode_modules/[4mreact-dom[24m/cjs/react-dom-client.development.js:8897:19[90m)[39m
    at beginWork [90m(/Users/masaki/Documents/gamechat-ai/frontend/[39mnode_modules/[4mreact-dom[24m/cjs/react-dom-client.development.js:10522:18[90m)[39m
    at runWithFiberInDEV [90m(/Users/masaki/Documents/gamechat-ai/frontend/[39mnode_modules/[4mreact-dom[24m/cjs/react-dom-client.development.js:1522:13[90m)[39m
    at performUnitOfWork [90m(/Users/masaki/Documents/gamechat-ai/frontend/[39mnode_modules/[4mreact-dom[24m/cjs/react-dom-client.development.js:15140:22[90m)[39m
    at workLoopSync [90m(/Users/masaki/Documents/gamechat-ai/frontend/[39mnode_modules/[4mreact-dom[24m/cjs/react-dom-client.development.js:14956:41[90m)[39m
    at renderRootSync [90m(/Users/masaki/Documents/gamechat-ai/frontend/[39mnode_modules/[4mreact-dom[24m/cjs/react-dom-client.development.js:14936:11[90m)[39m
    at performWorkOnRoot [90m(/Users/masaki/Documents/gamechat-ai/frontend/[39mnode_modules/[4mreact-dom[24m/cjs/react-dom-client.development.js:14462:44[90m)[39m {
  [stack]: [36m[Getter/Setter][39m,
  [message]: [32m&apos;Test error&apos;[39m
}

The above error occurred in the &lt;ErrorThrowingComponent&gt; component.

React will try to recreate this component tree from scratch using the error boundary you provided, ErrorBoundary.

ErrorBoundary caught an error: Error: Test error
    at ErrorThrowingComponent [90m(/Users/masaki/Documents/gamechat-ai/frontend/[39msrc/components/__tests__/error-boundary.test.tsx:9:11[90m)[39m
    at Object.react-stack-bottom-frame [90m(/Users/masaki/Documents/gamechat-ai/frontend/[39mnode_modules/[4mreact-dom[24m/cjs/react-dom-client.development.js:23863:20[90m)[39m
    at renderWithHooks [90m(/Users/masaki/Documents/gamechat-ai/frontend/[39mnode_modules/[4mreact-dom[24m/cjs/react-dom-client.development.js:5529:22[90m)[39m
    at updateFunctionComponent [90m(/Users/masaki/Documents/gamechat-ai/frontend/[39mnode_modules/[4mreact-dom[24m/cjs/react-dom-client.development.js:8897:19[90m)[39m
    at beginWork [90m(/Users/masaki/Documents/gamechat-ai/frontend/[39mnode_modules/[4mreact-dom[24m/cjs/react-dom-client.development.js:10522:18[90m)[39m
    at runWithFiberInDEV [90m(/Users/masaki/Documents/gamechat-ai/frontend/[39mnode_modules/[4mreact-dom[24m/cjs/react-dom-client.development.js:1522:13[90m)[39m
    at performUnitOfWork [90m(/Users/masaki/Documents/gamechat-ai/frontend/[39mnode_modules/[4mreact-dom[24m/cjs/react-dom-client.development.js:15140:22[90m)[39m
    at workLoopSync [90m(/Users/masaki/Documents/gamechat-ai/frontend/[39mnode_modules/[4mreact-dom[24m/cjs/react-dom-client.development.js:14956:41[90m)[39m
    at renderRootSync [90m(/Users/masaki/Documents/gamechat-ai/frontend/[39mnode_modules/[4mreact-dom[24m/cjs/react-dom-client.development.js:14936:11[90m)[39m
    at performWorkOnRoot [90m(/Users/masaki/Documents/gamechat-ai/frontend/[39mnode_modules/[4mreact-dom[24m/cjs/react-dom-client.development.js:14462:44[90m)[39m
Error Info: {
  componentStack: [32m&apos;\n&apos;[39m +
    [32m&apos;    at ErrorThrowingComponent (/Users/masaki/Documents/gamechat-ai/frontend/src/components/__tests__/error-boundary.test.tsx:11:35)\n&apos;[39m +
    [32m&apos;    at div (&lt;anonymous&gt;)\n&apos;[39m +
    [32m&apos;    at ConditionalErrorComponent (/Users/masaki/Documents/gamechat-ai/frontend/src/components/__tests__/error-boundary.test.tsx:443:42)\n&apos;[39m +
    [32m&apos;    at ErrorBoundary (/Users/masaki/Documents/gamechat-ai/frontend/src/components/error-boundary.tsx:11:5)&apos;[39m
}

            </system-err>
        </testcase>
        <testcase classname="src/components/__tests__/error-boundary.test.tsx" name="Edge Cases &gt; should maintain error state across re-renders" time="0.003167541">
            <system-err>
Error: Test error
    at ErrorThrowingComponent [90m(/Users/masaki/Documents/gamechat-ai/frontend/[39msrc/components/__tests__/error-boundary.test.tsx:9:11[90m)[39m
    at Object.react-stack-bottom-frame [90m(/Users/masaki/Documents/gamechat-ai/frontend/[39mnode_modules/[4mreact-dom[24m/cjs/react-dom-client.development.js:23863:20[90m)[39m
    at renderWithHooks [90m(/Users/masaki/Documents/gamechat-ai/frontend/[39mnode_modules/[4mreact-dom[24m/cjs/react-dom-client.development.js:5529:22[90m)[39m
    at updateFunctionComponent [90m(/Users/masaki/Documents/gamechat-ai/frontend/[39mnode_modules/[4mreact-dom[24m/cjs/react-dom-client.development.js:8897:19[90m)[39m
    at beginWork [90m(/Users/masaki/Documents/gamechat-ai/frontend/[39mnode_modules/[4mreact-dom[24m/cjs/react-dom-client.development.js:10522:18[90m)[39m
    at runWithFiberInDEV [90m(/Users/masaki/Documents/gamechat-ai/frontend/[39mnode_modules/[4mreact-dom[24m/cjs/react-dom-client.development.js:1522:13[90m)[39m
    at performUnitOfWork [90m(/Users/masaki/Documents/gamechat-ai/frontend/[39mnode_modules/[4mreact-dom[24m/cjs/react-dom-client.development.js:15140:22[90m)[39m
    at workLoopSync [90m(/Users/masaki/Documents/gamechat-ai/frontend/[39mnode_modules/[4mreact-dom[24m/cjs/react-dom-client.development.js:14956:41[90m)[39m
    at renderRootSync [90m(/Users/masaki/Documents/gamechat-ai/frontend/[39mnode_modules/[4mreact-dom[24m/cjs/react-dom-client.development.js:14936:11[90m)[39m
    at performWorkOnRoot [90m(/Users/masaki/Documents/gamechat-ai/frontend/[39mnode_modules/[4mreact-dom[24m/cjs/react-dom-client.development.js:14462:44[90m)[39m {
  [stack]: [36m[Getter/Setter][39m,
  [message]: [32m&apos;Test error&apos;[39m
}

The above error occurred in the &lt;ErrorThrowingComponent&gt; component.

React will try to recreate this component tree from scratch using the error boundary you provided, ErrorBoundary.

ErrorBoundary caught an error: Error: Test error
    at ErrorThrowingComponent [90m(/Users/masaki/Documents/gamechat-ai/frontend/[39msrc/components/__tests__/error-boundary.test.tsx:9:11[90m)[39m
    at Object.react-stack-bottom-frame [90m(/Users/masaki/Documents/gamechat-ai/frontend/[39mnode_modules/[4mreact-dom[24m/cjs/react-dom-client.development.js:23863:20[90m)[39m
    at renderWithHooks [90m(/Users/masaki/Documents/gamechat-ai/frontend/[39mnode_modules/[4mreact-dom[24m/cjs/react-dom-client.development.js:5529:22[90m)[39m
    at updateFunctionComponent [90m(/Users/masaki/Documents/gamechat-ai/frontend/[39mnode_modules/[4mreact-dom[24m/cjs/react-dom-client.development.js:8897:19[90m)[39m
    at beginWork [90m(/Users/masaki/Documents/gamechat-ai/frontend/[39mnode_modules/[4mreact-dom[24m/cjs/react-dom-client.development.js:10522:18[90m)[39m
    at runWithFiberInDEV [90m(/Users/masaki/Documents/gamechat-ai/frontend/[39mnode_modules/[4mreact-dom[24m/cjs/react-dom-client.development.js:1522:13[90m)[39m
    at performUnitOfWork [90m(/Users/masaki/Documents/gamechat-ai/frontend/[39mnode_modules/[4mreact-dom[24m/cjs/react-dom-client.development.js:15140:22[90m)[39m
    at workLoopSync [90m(/Users/masaki/Documents/gamechat-ai/frontend/[39mnode_modules/[4mreact-dom[24m/cjs/react-dom-client.development.js:14956:41[90m)[39m
    at renderRootSync [90m(/Users/masaki/Documents/gamechat-ai/frontend/[39mnode_modules/[4mreact-dom[24m/cjs/react-dom-client.development.js:14936:11[90m)[39m
    at performWorkOnRoot [90m(/Users/masaki/Documents/gamechat-ai/frontend/[39mnode_modules/[4mreact-dom[24m/cjs/react-dom-client.development.js:14462:44[90m)[39m
Error Info: {
  componentStack: [32m&apos;\n&apos;[39m +
    [32m&apos;    at ErrorThrowingComponent (/Users/masaki/Documents/gamechat-ai/frontend/src/components/__tests__/error-boundary.test.tsx:11:35)\n&apos;[39m +
    [32m&apos;    at div (&lt;anonymous&gt;)\n&apos;[39m +
    [32m&apos;    at ErrorBoundary (/Users/masaki/Documents/gamechat-ai/frontend/src/components/error-boundary.tsx:11:5)\n&apos;[39m +
    [32m&apos;    at TestComponent (/Users/masaki/Documents/gamechat-ai/frontend/src/components/__tests__/error-boundary.test.tsx:486:67)&apos;[39m
}

            </system-err>
        </testcase>
    </testsuite>
    <testsuite name="src/lib/__tests__/firebase.test.ts" timestamp="2025-07-13T11:58:03.564Z" hostname="MasakinoMacBook-Pro.local" tests="21" failures="0" errors="0" skipped="0" time="0.14598275">
        <testcase classname="src/lib/__tests__/firebase.test.ts" name="Firebase Configuration &gt; shouldInitializeFirebase logic &gt; should skip initialization in CI environment" time="0.088793792">
        </testcase>
        <testcase classname="src/lib/__tests__/firebase.test.ts" name="Firebase Configuration &gt; shouldInitializeFirebase logic &gt; should skip initialization in test environment" time="0.004552292">
        </testcase>
        <testcase classname="src/lib/__tests__/firebase.test.ts" name="Firebase Configuration &gt; shouldInitializeFirebase logic &gt; should skip initialization on server-side" time="0.002902625">
        </testcase>
        <testcase classname="src/lib/__tests__/firebase.test.ts" name="Firebase Configuration &gt; shouldInitializeFirebase logic &gt; should skip initialization with dummy API key" time="0.0017475">
        </testcase>
        <testcase classname="src/lib/__tests__/firebase.test.ts" name="Firebase Configuration &gt; shouldInitializeFirebase logic &gt; should skip initialization with Dummy API key (capital D)" time="0.001980792">
        </testcase>
        <testcase classname="src/lib/__tests__/firebase.test.ts" name="Firebase Configuration &gt; shouldInitializeFirebase logic &gt; should skip initialization with dummy project ID" time="0.000851791">
        </testcase>
        <testcase classname="src/lib/__tests__/firebase.test.ts" name="Firebase Configuration &gt; shouldInitializeFirebase logic &gt; should skip initialization with missing required fields" time="0.002587542">
        </testcase>
        <testcase classname="src/lib/__tests__/firebase.test.ts" name="Firebase Configuration &gt; Firebase initialization &gt; should initialize Firebase successfully with valid configuration" time="0.004040542">
        </testcase>
        <testcase classname="src/lib/__tests__/firebase.test.ts" name="Firebase Configuration &gt; Firebase initialization &gt; should use existing app when already initialized" time="0.002082">
        </testcase>
        <testcase classname="src/lib/__tests__/firebase.test.ts" name="Firebase Configuration &gt; Firebase initialization &gt; should handle initialization errors gracefully" time="0.005949334">
        </testcase>
        <testcase classname="src/lib/__tests__/firebase.test.ts" name="Firebase Configuration &gt; Firebase initialization &gt; should handle non-Error exceptions gracefully" time="0.001038167">
        </testcase>
        <testcase classname="src/lib/__tests__/firebase.test.ts" name="Firebase Configuration &gt; Firebase exports &gt; should export all required Firebase objects" time="0.001169">
        </testcase>
        <testcase classname="src/lib/__tests__/firebase.test.ts" name="Firebase Configuration &gt; Firebase exports &gt; should maintain consistency between auth exports" time="0.000978375">
        </testcase>
        <testcase classname="src/lib/__tests__/firebase.test.ts" name="Firebase Configuration &gt; Firebase Analytics &gt; should initialize Analytics when measurementId is provided" time="0.012867625">
        </testcase>
        <testcase classname="src/lib/__tests__/firebase.test.ts" name="Firebase Configuration &gt; Firebase Analytics &gt; should skip Analytics initialization when measurementId is not provided" time="0.001052292">
        </testcase>
        <testcase classname="src/lib/__tests__/firebase.test.ts" name="Firebase Configuration &gt; Firebase Analytics &gt; should handle Analytics initialization when not supported" time="0.002494333">
        </testcase>
        <testcase classname="src/lib/__tests__/firebase.test.ts" name="Firebase Configuration &gt; Firebase Analytics &gt; should handle Analytics support check errors" time="0.003685958">
        </testcase>
        <testcase classname="src/lib/__tests__/firebase.test.ts" name="Firebase Configuration &gt; Firebase Analytics &gt; should have initAnalytics function available" time="0.001638042">
        </testcase>
        <testcase classname="src/lib/__tests__/firebase.test.ts" name="Firebase Configuration &gt; Firebase Analytics &gt; should return null from initAnalytics when not supported" time="0.001144417">
        </testcase>
        <testcase classname="src/lib/__tests__/firebase.test.ts" name="Firebase Configuration &gt; Firebase Analytics &gt; should return null from initAnalytics when config is invalid" time="0.001013834">
        </testcase>
        <testcase classname="src/lib/__tests__/firebase.test.ts" name="Firebase Configuration &gt; Firebase exports with Analytics &gt; should export Analytics-related objects" time="0.001290417">
        </testcase>
    </testsuite>
    <testsuite name="src/lib/__tests__/sentry.test.ts" timestamp="2025-07-13T11:58:03.566Z" hostname="MasakinoMacBook-Pro.local" tests="21" failures="0" errors="0" skipped="0" time="0.034894084">
        <testcase classname="src/lib/__tests__/sentry.test.ts" name="Sentry Utilities &gt; captureAPIError &gt; should capture API error with context" time="0.003261042">
        </testcase>
        <testcase classname="src/lib/__tests__/sentry.test.ts" name="Sentry Utilities &gt; captureAPIError &gt; should capture API error without context" time="0.003319875">
        </testcase>
        <testcase classname="src/lib/__tests__/sentry.test.ts" name="Sentry Utilities &gt; captureAPIError &gt; should not capture error on server side" time="0.00054475">
        </testcase>
[...]
                          [33mdata-active[39m=[32m&quot;false&quot;[39m
                          [33mdata-sidebar[39m=[32m&quot;menu-button&quot;[39m
                          [33mdata-size[39m=[32m&quot;lg&quot;[39m
                          [33mdata-slot[39m=[32m&quot;sidebar-menu-button&quot;[39m
                          [33mhref[39m=[32m&quot;/&quot;[39m
                        [36m&gt;[39m
                          [36m&lt;div[39m
                            [33mclass[39m=[32m&quot;flex aspect-square size-8 items-center justify-center rounded-lg bg-sidebar-primary text-sidebar-primary-foreground&quot;[39m
                          [36m&gt;[39m
                            [36m&lt;svg[39m
                              [33maria-hidden[39m=[32m&quot;true&quot;[39m
                              [33mclass[39m=[32m&quot;lucide lucide-messages-square size-4&quot;[39m
                              [33mfill[39m=[32m&quot;none&quot;[39m
                              [33mheight[39m=[32m&quot;24&quot;[39m
                              [33mstroke[39m=[32m&quot;currentColor&quot;[39m
                              [33mstroke-linecap[39m=[32m&quot;round&quot;[39m
                              [33mstroke-linejoin[39m=[32m&quot;round&quot;[39m
                              [33mstroke-width[39m=[32m&quot;2&quot;[39m
                              [33mviewBox[39m=[32m&quot;0 0 24 24&quot;[39m
                              [33mwidth[39m=[32m&quot;24&quot;[39m
                              [33mxmlns[39m=[32m&quot;http://www.w3.org/2000/svg&quot;[39m
                            [36m&gt;[39m
                              [36m&lt;path[39m
                                [33md[39m=[32m&quot;M14 9a2 2 0 0 1-2 2H6l-4 4V4a2 2 0 0 1 2-2h8a2 2 0 0 1 2 2z&quot;[39m
                              [36m/&gt;[39m
                              [36m&lt;path[39m
                                [33md[39m=[32m&quot;M18 9h2a2 2 0 0 1 2 2v11l-4-4h-6a2 2 0 0 1-2-2v-1&quot;[39m
                              [36m/&gt;[39m
                            [36m&lt;/svg&gt;[39m
                          [36m&lt;/div&gt;[39m
                          [36m&lt;div[39m
                            [33mclass[39m=[32m&quot;flex flex-col gap-0.5 leading-none&quot;[39m
                          [36m&gt;[39m
                            [36m&lt;span[39m
                              [33mclass[39m=[32m&quot;font-semibold&quot;[39m
                              [33mdata-testid[39m=[32m&quot;app-title&quot;[39m
                            [36m&gt;[39m
                              [0mGameChat AI[0m
                            [36m&lt;/span&gt;[39m
                            [36m&lt;span[39m
                              [33mclass[39m=[32m&quot;&quot;[39m
                            [36m&gt;[39m
                              [0mチャットボット[0m
                            [36m&lt;/span&gt;[39m
            ..." type="TestingLibraryElementError">
TestingLibraryElementError: Unable to find an element by: [data-testid=&quot;chat-input&quot;]

Ignored nodes: comments, script, style
&lt;body&gt;
  &lt;div&gt;
    &lt;div
      style=&quot;background: rgb(247, 247, 247); min-height: 100vh; width: 100vw; overflow-x: hidden;&quot;
    &gt;
      &lt;div
        style=&quot;display: flex; min-height: 100vh; align-items: stretch;&quot;
      &gt;
        &lt;div
          class=&quot;group/sidebar-wrapper has-data-[variant=inset]:bg-sidebar flex min-h-svh&quot;
          data-slot=&quot;sidebar-wrapper&quot;
          style=&quot;--sidebar-width: 16rem; --sidebar-width-icon: 3rem;&quot;
        &gt;
          &lt;div
            style=&quot;min-width: 160px; max-width: 200px; width: 180px; height: 100vh; position: sticky; top: 0px; z-index: 20;&quot;
          &gt;
            &lt;div
              class=&quot;group peer text-sidebar-foreground hidden md:block&quot;
              data-collapsible=&quot;&quot;
              data-side=&quot;left&quot;
              data-slot=&quot;sidebar&quot;
              data-state=&quot;expanded&quot;
              data-variant=&quot;sidebar&quot;
            &gt;
              &lt;div
                class=&quot;relative w-(--sidebar-width) bg-transparent transition-[width] duration-200 ease-linear group-data-[collapsible=offcanvas]:w-0 group-data-[side=right]:rotate-180 group-data-[collapsible=icon]:w-(--sidebar-width-icon)&quot;
                data-slot=&quot;sidebar-gap&quot;
              /&gt;
              &lt;div
                class=&quot;fixed inset-y-0 z-10 hidden h-svh w-(--sidebar-width) transition-[left,right,width] duration-200 ease-linear md:flex left-0 group-data-[collapsible=offcanvas]:left-[calc(var(--sidebar-width)*-1)] group-data-[collapsible=icon]:w-(--sidebar-width-icon) group-data-[side=left]:border-r group-data-[side=right]:border-l&quot;
                data-slot=&quot;sidebar-container&quot;
              &gt;
                &lt;div
                  class=&quot;bg-sidebar group-data-[variant=floating]:border-sidebar-border flex h-full w-full flex-col group-data-[variant=floating]:rounded-lg group-data-[variant=floating]:border group-data-[variant=floating]:shadow-sm&quot;
                  data-sidebar=&quot;sidebar&quot;
                  data-slot=&quot;sidebar-inner&quot;
                &gt;
                  &lt;div
                    class=&quot;flex flex-col gap-2 p-2&quot;
                    data-sidebar=&quot;header&quot;
                    data-slot=&quot;sidebar-header&quot;
                  &gt;
                    &lt;ul
                      class=&quot;flex w-full min-w-0 flex-col gap-1&quot;
                      data-sidebar=&quot;menu&quot;
                      data-slot=&quot;sidebar-menu&quot;
                    &gt;
                      &lt;li
                        class=&quot;group/menu-item relative&quot;
                        data-sidebar=&quot;menu-item&quot;
                        data-slot=&quot;sidebar-menu-item&quot;
                      &gt;
                        &lt;a
                          class=&quot;peer/menu-button flex w-full items-center gap-2 overflow-hidden rounded-md p-2 text-left outline-hidden ring-sidebar-ring transition-[width,height,padding] focus-visible:ring-2 active:bg-sidebar-accent active:text-sidebar-accent-foreground disabled:pointer-events-none disabled:opacity-50 group-has-data-[sidebar=menu-action]/menu-item:pr-8 aria-disabled:pointer-events-none aria-disabled:opacity-50 data-[active=true]:bg-sidebar-accent data-[active=true]:font-medium data-[active=true]:text-sidebar-accent-foreground data-[state=open]:hover:bg-sidebar-accent data-[state=open]:hover:text-sidebar-accent-foreground group-data-[collapsible=icon]:size-8! [&amp;&gt;span:last-child]:truncate [&amp;&gt;svg]:size-4 [&amp;&gt;svg]:shrink-0 hover:bg-sidebar-accent hover:text-sidebar-accent-foreground h-12 text-sm group-data-[collapsible=icon]:p-0!&quot;
                          data-active=&quot;false&quot;
                          data-sidebar=&quot;menu-button&quot;
                          data-size=&quot;lg&quot;
                          data-slot=&quot;sidebar-menu-button&quot;
                          href=&quot;/&quot;
                        &gt;
                          &lt;div
                            class=&quot;flex aspect-square size-8 items-center justify-center rounded-lg bg-sidebar-primary text-sidebar-primary-foreground&quot;
                          &gt;
                            &lt;svg
                              aria-hidden=&quot;true&quot;
                              class=&quot;lucide lucide-messages-square size-4&quot;
                              fill=&quot;none&quot;
                              height=&quot;24&quot;
                              stroke=&quot;currentColor&quot;
                              stroke-linecap=&quot;round&quot;
                              stroke-linejoin=&quot;round&quot;
                              stroke-width=&quot;2&quot;
                              viewBox=&quot;0 0 24 24&quot;
                              width=&quot;24&quot;
                              xmlns=&quot;http://www.w3.org/2000/svg&quot;
                            &gt;
                              &lt;path
                                d=&quot;M14 9a2 2 0 0 1-2 2H6l-4 4V4a2 2 0 0 1 2-2h8a2 2 0 0 1 2 2z&quot;
                              /&gt;
                              &lt;path
                                d=&quot;M18 9h2a2 2 0 0 1 2 2v11l-4-4h-6a2 2 0 0 1-2-2v-1&quot;
                              /&gt;
                            &lt;/svg&gt;
                          &lt;/div&gt;
                          &lt;div
                            class=&quot;flex flex-col gap-0.5 leading-none&quot;
                          &gt;
                            &lt;span
                              class=&quot;font-semibold&quot;
                              data-testid=&quot;app-title&quot;
                            &gt;
                              GameChat AI
                            &lt;/span&gt;
                            &lt;span
                              class=&quot;&quot;
                            &gt;
                              チャットボット
                            &lt;/span&gt;
            ...
 ❯ Object.getElementError node_modules/@testing-library/dom/dist/config.js:37:19
 ❯ node_modules/@testing-library/dom/dist/query-helpers.js:76:38
 ❯ node_modules/@testing-library/dom/dist/query-helpers.js:52:17
 ❯ node_modules/@testing-library/dom/dist/query-helpers.js:95:19
 ❯ src/app/assistant/__tests__/AssistantPage.test.tsx:32:19
            </failure>
        </testcase>
        <testcase classname="src/app/assistant/__tests__/AssistantPage.test.tsx" name="AssistantPage &gt; useChatの返り値が空オブジェクトでもエラーにならず描画される" time="0.006601791">
            <failure message="expected [Function] to not throw an error but &apos;TypeError: Cannot read properties of …&apos; was thrown" type="AssertionError">
AssertionError: expected [Function] to not throw an error but &apos;TypeError: Cannot read properties of …&apos; was thrown

- Expected: 
undefined

+ Received: 
&quot;TypeError: Cannot read properties of undefined (reading &apos;trim&apos;)&quot;

 ❯ src/app/assistant/__tests__/AssistantPage.test.tsx:38:12
            </failure>
        </testcase>
    </testsuite>
    <testsuite name="src/app/assistant/__tests__/ChatInput.branch.test.tsx" timestamp="2025-07-13T11:58:03.589Z" hostname="MasakinoMacBook-Pro.local" tests="3" failures="0" errors="0" skipped="0" time="0.073654208">
        <testcase classname="src/app/assistant/__tests__/ChatInput.branch.test.tsx" name="ChatInput 分岐テスト &gt; loading時はinputもdisabled" time="0.051370833">
        </testcase>
        <testcase classname="src/app/assistant/__tests__/ChatInput.branch.test.tsx" name="ChatInput 分岐テスト &gt; inputが空白のみの場合は送信ボタンがdisabled" time="0.012311458">
        </testcase>
        <testcase classname="src/app/assistant/__tests__/ChatInput.branch.test.tsx" name="ChatInput 分岐テスト &gt; 送信モード切替UIが正しく動作する" time="0.008874209">
        </testcase>
    </testsuite>
    <testsuite name="src/app/assistant/__tests__/ChatInput.test.tsx" timestamp="2025-07-13T11:58:03.590Z" hostname="MasakinoMacBook-Pro.local" tests="11" failures="0" errors="0" skipped="0" time="0.137618">
        <testcase classname="src/app/assistant/__tests__/ChatInput.test.tsx" name="ChatInput &gt; 入力値が反映される" time="0.062029959">
        </testcase>
        <testcase classname="src/app/assistant/__tests__/ChatInput.test.tsx" name="ChatInput &gt; 送信ボタンが押せる" time="0.009857959">
        </testcase>
        <testcase classname="src/app/assistant/__tests__/ChatInput.test.tsx" name="ChatInput &gt; loading時はボタンがdisabled" time="0.00623425">
        </testcase>
        <testcase classname="src/app/assistant/__tests__/ChatInput.test.tsx" name="ChatInput &gt; ユーザーがメッセージを入力し送信できる" time="0.003937958">
        </testcase>
        <testcase classname="src/app/assistant/__tests__/ChatInput.test.tsx" name="ChatInput &gt; 送信モード（Enter/Mod+Enter）の切替挙動" time="0.009820625">
        </testcase>
        <testcase classname="src/app/assistant/__tests__/ChatInput.test.tsx" name="ChatInput &gt; ラジオボタンによる送信モード切替" time="0.008455666">
        </testcase>
        <testcase classname="src/app/assistant/__tests__/ChatInput.test.tsx" name="ChatInput &gt; 空メッセージ送信時は送信ボタンがdisabledかつonSendが呼ばれない" time="0.00884225">
        </testcase>
        <testcase classname="src/app/assistant/__tests__/ChatInput.test.tsx" name="ChatInput &gt; Enterキーで送信（sendMode: enter）" time="0.005818042">
        </testcase>
        <testcase classname="src/app/assistant/__tests__/ChatInput.test.tsx" name="ChatInput &gt; Cmd+Enterで送信（sendMode: mod+enter）" time="0.007239291">
        </testcase>
        <testcase classname="src/app/assistant/__tests__/ChatInput.test.tsx" name="ChatInput &gt; 送信ボタンの活性/非活性" time="0.010186125">
        </testcase>
        <testcase classname="src/app/assistant/__tests__/ChatInput.test.tsx" name="ChatInput &gt; loading=true時にChatInputの送信ボタンがdisabledになる" time="0.004044709">
        </testcase>
    </testsuite>
    <testsuite name="src/app/assistant/__tests__/ChatMessages.test.tsx" timestamp="2025-07-13T11:58:03.591Z" hostname="MasakinoMacBook-Pro.local" tests="5" failures="0" errors="0" skipped="0" time="0.044475292">
        <testcase classname="src/app/assistant/__tests__/ChatMessages.test.tsx" name="ChatMessages &gt; メッセージがない場合は案内文を表示する" time="0.015706666">
        </testcase>
        <testcase classname="src/app/assistant/__tests__/ChatMessages.test.tsx" name="ChatMessages &gt; ユーザーメッセージとアシスタントメッセージを正しく表示する" time="0.02159725">
        </testcase>
        <testcase classname="src/app/assistant/__tests__/ChatMessages.test.tsx" name="ChatMessages &gt; loading時は送信中...を表示する" time="0.001883292">
        </testcase>
        <testcase classname="src/app/assistant/__tests__/ChatMessages.test.tsx" name="ChatMessages &gt; loading=true時にChatMessagesのローディングUI（送信中...）が表示される" time="0.002083292">
        </testcase>
        <testcase classname="src/app/assistant/__tests__/ChatMessages.test.tsx" name="ChatMessages &gt; messagesが空配列のときChatMessagesが空状態を表示する" time="0.002071542">
        </testcase>
    </testsuite>
    <testsuite name="src/app/assistant/__tests__/useChat.error.test.ts" timestamp="2025-07-13T11:58:03.591Z" hostname="MasakinoMacBook-Pro.local" tests="2" failures="0" errors="0" skipped="0" time="0.016451334">
        <testcase classname="src/app/assistant/__tests__/useChat.error.test.ts" name="useChat error handling &gt; APIエラー時にエラーメッセージがmessagesに追加される" time="0.012687125">
        </testcase>
        <testcase classname="src/app/assistant/__tests__/useChat.error.test.ts" name="useChat error handling &gt; 認証エラー時は認証エラー文言が表示される" time="0.002545333">
        </testcase>
    </testsuite>
    <testsuite name="src/app/assistant/__tests__/useChat.test.ts" timestamp="2025-07-13T11:58:03.592Z" hostname="MasakinoMacBook-Pro.local" tests="9" failures="0" errors="0" skipped="0" time="0.043213875">
        <testcase classname="src/app/assistant/__tests__/useChat.test.ts" name="useChat &gt; 初期状態は空" time="0.014231166">
        </testcase>
        <testcase classname="src/app/assistant/__tests__/useChat.test.ts" name="useChat &gt; メッセージ送信でmessagesが増える" time="0.004275833">
        </testcase>
        <testcase classname="src/app/assistant/__tests__/useChat.test.ts" name="useChat &gt; APIエラー時はassistantロールのエラーメッセージが追加される" time="0.003903708">
        </testcase>
        <testcase classname="src/app/assistant/__tests__/useChat.test.ts" name="useChat &gt; 認証失敗時はassistantロールの認証エラーメッセージが追加される" time="0.002954375">
        </testcase>
        <testcase classname="src/app/assistant/__tests__/useChat.test.ts" name="useChat &gt; reCAPTCHA失敗時はassistantロールのエラーメッセージが追加される" time="0.006245667">
        </testcase>
        <testcase classname="src/app/assistant/__tests__/useChat.test.ts" name="useChat &gt; APIリクエストの内容とレスポンスを正しく処理する" time="0.002303458">
        </testcase>
        <testcase classname="src/app/assistant/__tests__/useChat.test.ts" name="useChat &gt; API失敗時にリトライで成功した場合、エラーメッセージの後に正常応答が追加される" time="0.002792417">
        </testcase>
        <testcase classname="src/app/assistant/__tests__/useChat.test.ts" name="useChat &gt; reCAPTCHA無効時はreCAPTCHAトークンが&quot;test&quot;でAPIリクエストされる" time="0.001723834">
        </testcase>
        <testcase classname="src/app/assistant/__tests__/useChat.test.ts" name="useChat &gt; firebase認証トークンが取得できた場合はAuthorizationヘッダーに付与される" time="0.003022875">
        </testcase>
    </testsuite>
    <testsuite name="src/app/api/rag/query/__tests__/route.test.ts" timestamp="2025-07-13T11:58:03.593Z" hostname="MasakinoMacBook-Pro.local" tests="6" failures="0" errors="0" skipped="0" time="1.520606333">
        <testcase classname="src/app/api/rag/query/__tests__/route.test.ts" name="app/api/rag/query/route.ts API &gt; 正常系: テスト環境で正しいレスポンスが返る" time="0.504122166">
        </testcase>
        <testcase classname="src/app/api/rag/query/__tests__/route.test.ts" name="app/api/rag/query/route.ts API &gt; 正常系: 本番環境で外部APIが200ならそのまま返す" time="0.004880166">
        </testcase>
        <testcase classname="src/app/api/rag/query/__tests__/route.test.ts" name="app/api/rag/query/route.ts API &gt; バリデーション: queryが未指定の場合は400エラー" time="0.50254175">
        </testcase>
        <testcase classname="src/app/api/rag/query/__tests__/route.test.ts" name="app/api/rag/query/route.ts API &gt; 異常系: 外部APIがエラー時は500エラー" time="0.003618">
            <system-err>
API route error: Error: API request failed: 502
    at POST [90m(/Users/masaki/Documents/gamechat-ai/frontend/[39msrc/app/api/rag/query/route.ts:33:13[90m)[39m
    at [90m/Users/masaki/Documents/gamechat-ai/frontend/[39msrc/app/api/rag/query/__tests__/route.test.ts:65:17
    at [90mfile:///Users/masaki/Documents/gamechat-ai/frontend/[39mnode_modules/[4m@vitest[24m/runner/dist/chunk-hooks.js:752:20

            </system-err>
        </testcase>
        <testcase classname="src/app/api/rag/query/__tests__/route.test.ts" name="app/api/rag/query/route.ts API &gt; 外部API/DBアクセスのモック: fetch例外時も500エラー" time="0.001687">
            <system-err>
API route error: Error: fetch失敗
    at [90m/Users/masaki/Documents/gamechat-ai/frontend/[39msrc/app/api/rag/query/__tests__/route.test.ts:73:40
    at mockCall [90m(file:///Users/masaki/Documents/gamechat-ai/frontend/[39mnode_modules/[4m@vitest[24m/spy/dist/index.js:96:15[90m)[39m
    at spy [90m(file:///Users/masaki/Documents/gamechat-ai/frontend/[39mnode_modules/[4mtinyspy[24m/dist/index.js:47:103[90m)[39m
    at POST [90m(/Users/masaki/Documents/gamechat-ai/frontend/[39msrc/app/api/rag/query/route.ts:23:28[90m)[39m
    at [90m/Users/masaki/Documents/gamechat-ai/frontend/[39msrc/app/api/rag/query/__tests__/route.test.ts:75:17
    at [90mfile:///Users/masaki/Documents/gamechat-ai/frontend/[39mnode_modules/[4m@vitest[24m/runner/dist/chunk-hooks.js:752:20

            </system-err>
        </testcase>
        <testcase classname="src/app/api/rag/query/__tests__/route.test.ts" name="app/api/rag/query/route.ts API &gt; 戻り値の型安全性: answer/context/confidence型を検証" time="0.501987125">
        </testcase>
    </testsuite>
</testsuites>
