<?xml version="1.0" encoding="UTF-8" ?>
<testsuites name="vitest tests" tests="201" failures="0" errors="0" time="3.510120294">
    <testsuite name="src/__tests__/instrumentation-client.test.ts" timestamp="2025-07-13T21:32:21.039Z" hostname="MasakinoMacBook-Pro.local" tests="1" failures="0" errors="0" skipped="0" time="0.001112542">
        <testcase classname="src/__tests__/instrumentation-client.test.ts" name="instrumentation-client.ts &gt; onRouterTransitionStartがSentry.captureRouterTransitionStartを参照している" time="0.000600666">
        </testcase>
    </testsuite>
    <testsuite name="src/__tests__/instrumentation.test.ts" timestamp="2025-07-13T21:32:21.040Z" hostname="MasakinoMacBook-Pro.local" tests="4" failures="0" errors="0" skipped="0" time="0.005672">
        <testcase classname="src/__tests__/instrumentation.test.ts" name="instrumentation.ts &gt; register関数がエクスポートされている" time="0.002398625">
        </testcase>
        <testcase classname="src/__tests__/instrumentation.test.ts" name="instrumentation.ts &gt; onRequestErrorがSentry.captureRequestErrorを参照している" time="0.001195458">
        </testcase>
        <testcase classname="src/__tests__/instrumentation.test.ts" name="instrumentation.ts &gt; register: NEXT_RUNTIME=nodejsでsentry.server.configをimportする" time="0.000632167">
        </testcase>
        <testcase classname="src/__tests__/instrumentation.test.ts" name="instrumentation.ts &gt; register: NEXT_RUNTIME=edgeでsentry.edge.configをimportする" time="0.000287709">
        </testcase>
    </testsuite>
    <testsuite name="src/hooks/__tests__/use-mobile.test.ts" timestamp="2025-07-13T21:32:21.040Z" hostname="MasakinoMacBook-Pro.local" tests="6" failures="0" errors="0" skipped="0" time="0.022789458">
        <testcase classname="src/hooks/__tests__/use-mobile.test.ts" name="useIsMobile &gt; モバイル判定: 767px以下でtrue" time="0.012004208">
        </testcase>
        <testcase classname="src/hooks/__tests__/use-mobile.test.ts" name="useIsMobile &gt; PC判定: 768px以上でfalse" time="0.001581583">
        </testcase>
        <testcase classname="src/hooks/__tests__/use-mobile.test.ts" name="useIsMobile &gt; ウィンドウ幅変更時に値が変わる" time="0.002470375">
        </testcase>
        <testcase classname="src/hooks/__tests__/use-mobile.test.ts" name="useIsMobile &gt; matchMedia未定義時でも例外を投げずfalse" time="0.000842292">
        </testcase>
        <testcase classname="src/hooks/__tests__/use-mobile.test.ts" name="useIsMobile &gt; addEventListenerが例外を投げても例外伝播しない" time="0.0016165">
        </testcase>
        <testcase classname="src/hooks/__tests__/use-mobile.test.ts" name="useIsMobile &gt; 返り値はboolean型である" time="0.001197333">
        </testcase>
    </testsuite>
    <testsuite name="src/hooks/__tests__/use-pwa.test.ts" timestamp="2025-07-13T21:32:21.041Z" hostname="MasakinoMacBook-Pro.local" tests="3" failures="0" errors="0" skipped="0" time="0.079403875">
        <testcase classname="src/hooks/__tests__/use-pwa.test.ts" name="usePWA &gt; 初期状態でisInstallable, isInstalledがbooleanで返る" time="0.010367">
        </testcase>
        <testcase classname="src/hooks/__tests__/use-pwa.test.ts" name="usePWA &gt; beforeinstallpromptイベントでisInstallableがtrueになる" time="0.065350167">
        </testcase>
        <testcase classname="src/hooks/__tests__/use-pwa.test.ts" name="usePWA &gt; showInstallPromptがwindowに定義される（PWA環境のみ）" time="0.002881792">
        </testcase>
    </testsuite>
    <testsuite name="src/hooks/__tests__/use-web-vitals.test.ts" timestamp="2025-07-13T21:32:21.043Z" hostname="MasakinoMacBook-Pro.local" tests="2" failures="0" errors="0" skipped="0" time="0.037958459">
        <testcase classname="src/hooks/__tests__/use-web-vitals.test.ts" name="useWebVitals &gt; should register web-vitals metrics and call callback (development)" time="0.032408792">
        </testcase>
        <testcase classname="src/hooks/__tests__/use-web-vitals.test.ts" name="useWebVitals &gt; should call fetch in production" time="0.004031417">
        </testcase>
    </testsuite>
    <testsuite name="src/components/__tests__/app-sidebar.test.tsx" timestamp="2025-07-13T21:32:21.043Z" hostname="MasakinoMacBook-Pro.local" tests="19" failures="0" errors="0" skipped="0" time="0.1507025">
        <testcase classname="src/components/__tests__/app-sidebar.test.tsx" name="AppSidebar &gt; レンダリング &gt; 基本的な構造が正しく表示される" time="0.064817042">
        </testcase>
        <testcase classname="src/components/__tests__/app-sidebar.test.tsx" name="AppSidebar &gt; レンダリング &gt; アプリケーションタイトルが表示される" time="0.006427666">
        </testcase>
        <testcase classname="src/components/__tests__/app-sidebar.test.tsx" name="AppSidebar &gt; レンダリング &gt; ナビゲーションメニューが表示される" time="0.0034955">
        </testcase>
        <testcase classname="src/components/__tests__/app-sidebar.test.tsx" name="AppSidebar &gt; アイコン &gt; MessagesSquareアイコンが表示される" time="0.003736375">
        </testcase>
        <testcase classname="src/components/__tests__/app-sidebar.test.tsx" name="AppSidebar &gt; アイコン &gt; アイコンに適切なクラスが設定される" time="0.003146875">
        </testcase>
        <testcase classname="src/components/__tests__/app-sidebar.test.tsx" name="AppSidebar &gt; リンク &gt; ヘッダーとチャットリンクが正しいhrefを持つ" time="0.035122083">
        </testcase>
        <testcase classname="src/components/__tests__/app-sidebar.test.tsx" name="AppSidebar &gt; メニューボタン &gt; 適切なサイズのメニューボタンが表示される" time="0.003265459">
        </testcase>
        <testcase classname="src/components/__tests__/app-sidebar.test.tsx" name="AppSidebar &gt; メニューボタン &gt; 通常サイズのメニューボタンが表示される" time="0.001589334">
        </testcase>
        <testcase classname="src/components/__tests__/app-sidebar.test.tsx" name="AppSidebar &gt; プロパティ &gt; Sidebarコンポーネントにpropsが渡される" time="0.002333542">
        </testcase>
        <testcase classname="src/components/__tests__/app-sidebar.test.tsx" name="AppSidebar &gt; プロパティ &gt; その他のpropsが正しく渡される" time="0.002098958">
        </testcase>
        <testcase classname="src/components/__tests__/app-sidebar.test.tsx" name="AppSidebar &gt; アクセシビリティ &gt; セマンティックな構造を持つ" time="0.001855792">
        </testcase>
        <testcase classname="src/components/__tests__/app-sidebar.test.tsx" name="AppSidebar &gt; アクセシビリティ &gt; リンクが適切にアクセシブル" time="0.004223167">
        </testcase>
        <testcase classname="src/components/__tests__/app-sidebar.test.tsx" name="AppSidebar &gt; アクセシビリティ &gt; 適切なテキストコンテンツを持つ" time="0.00348575">
        </testcase>
        <testcase classname="src/components/__tests__/app-sidebar.test.tsx" name="AppSidebar &gt; レスポンシブ &gt; モバイルでの表示に対応" time="0.001850875">
        </testcase>
        <testcase classname="src/components/__tests__/app-sidebar.test.tsx" name="AppSidebar &gt; エラーハンドリング &gt; 無効なpropsでもレンダリングされる" time="0.002039042">
        </testcase>
        <testcase classname="src/components/__tests__/app-sidebar.test.tsx" name="AppSidebar &gt; エラーハンドリング &gt; 空のpropsでもレンダリングされる" time="0.001902167">
        </testcase>
        <testcase classname="src/components/__tests__/app-sidebar.test.tsx" name="AppSidebar &gt; コンポーネント統合 &gt; すべてのサブコンポーネントが正しく統合される" time="0.002217708">
        </testcase>
        <testcase classname="src/components/__tests__/app-sidebar.test.tsx" name="AppSidebar &gt; スタイリング &gt; 適切なCSSクラスが適用される" time="0.001345">
        </testcase>
        <testcase classname="src/components/__tests__/app-sidebar.test.tsx" name="AppSidebar &gt; パフォーマンス &gt; 複数回レンダリングしても問題ない" time="0.003067458">
        </testcase>
    </testsuite>
    <testsuite name="src/components/__tests__/error-boundary-simple.test.tsx" timestamp="2025-07-13T21:32:21.046Z" hostname="MasakinoMacBook-Pro.local" tests="5" failures="0" errors="0" skipped="0" time="0.089632459">
        <testcase classname="src/components/__tests__/error-boundary-simple.test.tsx" name="ErrorBoundary &gt; should render children when no error occurs" time="0.022842">
        </testcase>
        <testcase classname="src/components/__tests__/error-boundary-simple.test.tsx" name="ErrorBoundary &gt; should render error UI when child throws error" time="0.04038275">
        </testcase>
        <testcase classname="src/components/__tests__/error-boundary-simple.test.tsx" name="ErrorBoundary &gt; should call console.error when error occurs" time="0.00633925">
        </testcase>
        <testcase classname="src/components/__tests__/error-boundary-simple.test.tsx" name="ErrorBoundary &gt; should reset error state when reset button is clicked" time="0.014282875">
        </testcase>
        <testcase classname="src/components/__tests__/error-boundary-simple.test.tsx" name="ErrorBoundary &gt; should have reload button in error UI" time="0.004824666">
        </testcase>
    </testsuite>
    <testsuite name="src/components/__tests__/error-boundary.test.tsx" timestamp="2025-07-13T21:32:21.046Z" hostname="MasakinoMacBook-Pro.local" tests="24" failures="0" errors="0" skipped="0" time="0.149424042">
        <testcase classname="src/components/__tests__/error-boundary.test.tsx" name="ErrorBoundary &gt; should render children when no error occurs" time="0.017510833">
        </testcase>
        <testcase classname="src/components/__tests__/error-boundary.test.tsx" name="ErrorBoundary &gt; should render error UI when child throws error" time="0.017973875">
        </testcase>
        <testcase classname="src/components/__tests__/error-boundary.test.tsx" name="ErrorBoundary &gt; should call console.error when error occurs" time="0.004599209">
        </testcase>
        <testcase classname="src/components/__tests__/error-boundary.test.tsx" name="ErrorBoundary &gt; should reset error state when reset button is clicked" time="0.009001375">
        </testcase>
        <testcase classname="src/components/__tests__/error-boundary.test.tsx" name="ErrorBoundary &gt; should have reload button in error UI" time="0.003713834">
        </testcase>
        <testcase classname="src/components/__tests__/error-boundary.test.tsx" name="Custom Fallback Component &gt; should render custom fallback when provided" time="0.007156167">
            <system-err>
Error: Test error
    at ErrorThrowingComponent [90m(/Users/masaki/Documents/gamechat-ai/frontend/[39msrc/components/__tests__/error-boundary.test.tsx:9:11[90m)[39m
    at Object.react-stack-bottom-frame [90m(/Users/masaki/Documents/gamechat-ai/frontend/[39mnode_modules/[4mreact-dom[24m/cjs/react-dom-client.development.js:23863:20[90m)[39m
    at renderWithHooks [90m(/Users/masaki/Documents/gamechat-ai/frontend/[39mnode_modules/[4mreact-dom[24m/cjs/react-dom-client.development.js:5529:22[90m)[39m
    at updateFunctionComponent [90m(/Users/masaki/Documents/gamechat-ai/frontend/[39mnode_modules/[4mreact-dom[24m/cjs/react-dom-client.development.js:8897:19[90m)[39m
    at beginWork [90m(/Users/masaki/Documents/gamechat-ai/frontend/[39mnode_modules/[4mreact-dom[24m/cjs/react-dom-client.development.js:10522:18[90m)[39m
    at runWithFiberInDEV [90m(/Users/masaki/Documents/gamechat-ai/frontend/[39mnode_modules/[4mreact-dom[24m/cjs/react-dom-client.development.js:1522:13[90m)[39m
    at performUnitOfWork [90m(/Users/masaki/Documents/gamechat-ai/frontend/[39mnode_modules/[4mreact-dom[24m/cjs/react-dom-client.development.js:15140:22[90m)[39m
    at workLoopSync [90m(/Users/masaki/Documents/gamechat-ai/frontend/[39mnode_modules/[4mreact-dom[24m/cjs/react-dom-client.development.js:14956:41[90m)[39m
    at renderRootSync [90m(/Users/masaki/Documents/gamechat-ai/frontend/[39mnode_modules/[4mreact-dom[24m/cjs/react-dom-client.development.js:14936:11[90m)[39m
    at performWorkOnRoot [90m(/Users/masaki/Documents/gamechat-ai/frontend/[39mnode_modules/[4mreact-dom[24m/cjs/react-dom-client.development.js:14462:44[90m)[39m {
  [stack]: [36m[Getter/Setter][39m,
  [message]: [32m&apos;Test error&apos;[39m
}

The above error occurred in the &lt;ErrorThrowingComponent&gt; component.

React will try to recreate this component tree from scratch using the error boundary you provided, ErrorBoundary.

ErrorBoundary caught an error: Error: Test error
    at ErrorThrowingComponent [90m(/Users/masaki/Documents/gamechat-ai/frontend/[39msrc/components/__tests__/error-boundary.test.tsx:9:11[90m)[39m
    at Object.react-stack-bottom-frame [90m(/Users/masaki/Documents/gamechat-ai/frontend/[39mnode_modules/[4mreact-dom[24m/cjs/react-dom-client.development.js:23863:20[90m)[39m
    at renderWithHooks [90m(/Users/masaki/Documents/gamechat-ai/frontend/[39mnode_modules/[4mreact-dom[24m/cjs/react-dom-client.development.js:5529:22[90m)[39m
    at updateFunctionComponent [90m(/Users/masaki/Documents/gamechat-ai/frontend/[39mnode_modules/[4mreact-dom[24m/cjs/react-dom-client.development.js:8897:19[90m)[39m
    at beginWork [90m(/Users/masaki/Documents/gamechat-ai/frontend/[39mnode_modules/[4mreact-dom[24m/cjs/react-dom-client.development.js:10522:18[90m)[39m
    at runWithFiberInDEV [90m(/Users/masaki/Documents/gamechat-ai/frontend/[39mnode_modules/[4mreact-dom[24m/cjs/react-dom-client.development.js:1522:13[90m)[39m
    at performUnitOfWork [90m(/Users/masaki/Documents/gamechat-ai/frontend/[39mnode_modules/[4mreact-dom[24m/cjs/react-dom-client.development.js:15140:22[90m)[39m
    at workLoopSync [90m(/Users/masaki/Documents/gamechat-ai/frontend/[39mnode_modules/[4mreact-dom[24m/cjs/react-dom-client.development.js:14956:41[90m)[39m
    at renderRootSync [90m(/Users/masaki/Documents/gamechat-ai/frontend/[39mnode_modules/[4mreact-dom[24m/cjs/react-dom-client.development.js:14936:11[90m)[39m
    at performWorkOnRoot [90m(/Users/masaki/Documents/gamechat-ai/frontend/[39mnode_modules/[4mreact-dom[24m/cjs/react-dom-client.development.js:14462:44[90m)[39m
Error Info: {
  componentStack: [32m&apos;\n&apos;[39m +
    [32m&apos;    at ErrorThrowingComponent (/Users/masaki/Documents/gamechat-ai/frontend/src/components/__tests__/error-boundary.test.tsx:11:35)\n&apos;[39m +
    [32m&apos;    at ErrorBoundary (/Users/masaki/Documents/gamechat-ai/frontend/src/components/error-boundary.tsx:11:5)&apos;[39m
}

            </system-err>
        </testcase>
        <testcase classname="src/components/__tests__/error-boundary.test.tsx" name="Custom Fallback Component &gt; should call custom reset function" time="0.006943791">
            <system-err>
Error: Test error
    at ErrorThrowingComponent [90m(/Users/masaki/Documents/gamechat-ai/frontend/[39msrc/components/__tests__/error-boundary.test.tsx:9:11[90m)[39m
    at Object.react-stack-bottom-frame [90m(/Users/masaki/Documents/gamechat-ai/frontend/[39mnode_modules/[4mreact-dom[24m/cjs/react-dom-client.development.js:23863:20[90m)[39m
    at renderWithHooks [90m(/Users/masaki/Documents/gamechat-ai/frontend/[39mnode_modules/[4mreact-dom[24m/cjs/react-dom-client.development.js:5529:22[90m)[39m
    at updateFunctionComponent [90m(/Users/masaki/Documents/gamechat-ai/frontend/[39mnode_modules/[4mreact-dom[24m/cjs/react-dom-client.development.js:8897:19[90m)[39m
    at beginWork [90m(/Users/masaki/Documents/gamechat-ai/frontend/[39mnode_modules/[4mreact-dom[24m/cjs/react-dom-client.development.js:10522:18[90m)[39m
    at runWithFiberInDEV [90m(/Users/masaki/Documents/gamechat-ai/frontend/[39mnode_modules/[4mreact-dom[24m/cjs/react-dom-client.development.js:1522:13[90m)[39m
    at performUnitOfWork [90m(/Users/masaki/Documents/gamechat-ai/frontend/[39mnode_modules/[4mreact-dom[24m/cjs/react-dom-client.development.js:15140:22[90m)[39m
    at workLoopSync [90m(/Users/masaki/Documents/gamechat-ai/frontend/[39mnode_modules/[4mreact-dom[24m/cjs/react-dom-client.development.js:14956:41[90m)[39m
    at renderRootSync [90m(/Users/masaki/Documents/gamechat-ai/frontend/[39mnode_modules/[4mreact-dom[24m/cjs/react-dom-client.development.js:14936:11[90m)[39m
    at performWorkOnRoot [90m(/Users/masaki/Documents/gamechat-ai/frontend/[39mnode_modules/[4mreact-dom[24m/cjs/react-dom-client.development.js:14462:44[90m)[39m {
  [stack]: [36m[Getter/Setter][39m,
  [message]: [32m&apos;Test error&apos;[39m
}

The above error occurred in the &lt;ErrorThrowingComponent&gt; component.

React will try to recreate this component tree from scratch using the error boundary you provided, ErrorBoundary.

ErrorBoundary caught an error: Error: Test error
    at ErrorThrowingComponent [90m(/Users/masaki/Documents/gamechat-ai/frontend/[39msrc/components/__tests__/error-boundary.test.tsx:9:11[90m)[39m
    at Object.react-stack-bottom-frame [90m(/Users/masaki/Documents/gamechat-ai/frontend/[39mnode_modules/[4mreact-dom[24m/cjs/react-dom-client.development.js:23863:20[90m)[39m
    at renderWithHooks [90m(/Users/masaki/Documents/gamechat-ai/frontend/[39mnode_modules/[4mreact-dom[24m/cjs/react-dom-client.development.js:5529:22[90m)[39m
    at updateFunctionComponent [90m(/Users/masaki/Documents/gamechat-ai/frontend/[39mnode_modules/[4mreact-dom[24m/cjs/react-dom-client.development.js:8897:19[90m)[39m
    at beginWork [90m(/Users/masaki/Documents/gamechat-ai/frontend/[39mnode_modules/[4mreact-dom[24m/cjs/react-dom-client.development.js:10522:18[90m)[39m
    at runWithFiberInDEV [90m(/Users/masaki/Documents/gamechat-ai/frontend/[39mnode_modules/[4mreact-dom[24m/cjs/react-dom-client.development.js:1522:13[90m)[39m
    at performUnitOfWork [90m(/Users/masaki/Documents/gamechat-ai/frontend/[39mnode_modules/[4mreact-dom[24m/cjs/react-dom-client.development.js:15140:22[90m)[39m
    at workLoopSync [90m(/Users/masaki/Documents/gamechat-ai/frontend/[39mnode_modules/[4mreact-dom[24m/cjs/react-dom-client.development.js:14956:41[90m)[39m
    at renderRootSync [90m(/Users/masaki/Documents/gamechat-ai/frontend/[39mnode_modules/[4mreact-dom[24m/cjs/react-dom-client.development.js:14936:11[90m)[39m
    at performWorkOnRoot [90m(/Users/masaki/Documents/gamechat-ai/frontend/[39mnode_modules/[4mreact-dom[24m/cjs/react-dom-client.development.js:14462:44[90m)[39m
Error Info: {
  componentStack: [32m&apos;\n&apos;[39m +
    [32m&apos;    at ErrorThrowingComponent (/Users/masaki/Documents/gamechat-ai/frontend/src/components/__tests__/error-boundary.test.tsx:11:35)\n&apos;[39m +
    [32m&apos;    at ErrorBoundary (/Users/masaki/Documents/gamechat-ai/frontend/src/components/error-boundary.tsx:11:5)&apos;[39m
}
Error: Test error
    at ErrorThrowingComponent [90m(/Users/masaki/Documents/gamechat-ai/frontend/[39msrc/components/__tests__/error-boundary.test.tsx:9:11[90m)[39m
    at Object.react-stack-bottom-frame [90m(/Users/masaki/Documents/gamechat-ai/frontend/[39mnode_modules/[4mreact-dom[24m/cjs/react-dom-client.development.js:23863:20[90m)[39m
    at renderWithHooks [90m(/Users/masaki/Documents/gamechat-ai/frontend/[39mnode_modules/[4mreact-dom[24m/cjs/react-dom-client.development.js:5529:22[90m)[39m
    at updateFunctionComponent [90m(/Users/masaki/Documents/gamechat-ai/frontend/[39mnode_modules/[4mreact-dom[24m/cjs/react-dom-client.development.js:8897:19[90m)[39m
    at beginWork [90m(/Users/masaki/Documents/gamechat-ai/frontend/[39mnode_modules/[4mreact-dom[24m/cjs/react-dom-client.development.js:10522:18[90m)[39m
    at runWithFiberInDEV [90m(/Users/masaki/Documents/gamechat-ai/frontend/[39mnode_modules/[4mreact-dom[24m/cjs/react-dom-client.development.js:1522:13[90m)[39m
    at performUnitOfWork [90m(/Users/masaki/Documents/gamechat-ai/frontend/[39mnode_modules/[4mreact-dom[24m/cjs/react-dom-client.development.js:15140:22[90m)[39m
    at workLoopSync [90m(/Users/masaki/Documents/gamechat-ai/frontend/[39mnode_modules/[4mreact-dom[24m/cjs/react-dom-client.development.js:14956:41[90m)[39m
    at renderRootSync [90m(/Users/masaki/Documents/gamechat-ai/frontend/[39mnode_modules/[4mreact-dom[24m/cjs/react-dom-client.development.js:14936:11[90m)[39m
    at performWorkOnRoot [90m(/Users/masaki/Documents/gamechat-ai/frontend/[39mnode_modules/[4mreact-dom[24m/cjs/react-dom-client.development.js:14462:44[90m)[39m {
  [stack]: [36m[Getter/Setter][39m,
  [message]: [32m&apos;Test error&apos;[39m
}

The above error occurred in the &lt;ErrorThrowingComponent&gt; component.

React will try to recreate this component tree from scratch using the error boundary you provided, ErrorBoundary.

ErrorBoundary caught an error: Error: Test error
    at ErrorThrowingComponent [90m(/Users/masaki/Documents/gamechat-ai/frontend/[39msrc/components/__tests__/error-boundary.test.tsx:9:11[90m)[39m
    at Object.react-stack-bottom-frame [90m(/Users/masaki/Documents/gamechat-ai/frontend/[39mnode_modules/[4mreact-dom[24m/cjs/react-dom-client.development.js:23863:20[90m)[39m
    at renderWithHooks [90m(/Users/masaki/Documents/gamechat-ai/frontend/[39mnode_modules/[4mreact-dom[24m/cjs/react-dom-client.development.js:5529:22[90m)[39m
    at updateFunctionComponent [90m(/Users/masaki/Documents/gamechat-ai/frontend/[39mnode_modules/[4mreact-dom[24m/cjs/react-dom-client.development.js:8897:19[90m)[39m
    at beginWork [90m(/Users/masaki/Documents/gamechat-ai/frontend/[39mnode_modules/[4mreact-dom[24m/cjs/react-dom-client.development.js:10522:18[90m)[39m
    at runWithFiberInDEV [90m(/Users/masaki/Documents/gamechat-ai/frontend/[39mnode_modules/[4mreact-dom[24m/cjs/react-dom-client.development.js:1522:13[90m)[39m
    at performUnitOfWork [90m(/Users/masaki/Documents/gamechat-ai/frontend/[39mnode_modules/[4mreact-dom[24m/cjs/react-dom-client.development.js:15140:22[90m)[39m
    at workLoopSync [90m(/Users/masaki/Documents/gamechat-ai/frontend/[39mnode_modules/[4mreact-dom[24m/cjs/react-dom-client.development.js:14956:41[90m)[39m
    at renderRootSync [90m(/Users/masaki/Documents/gamechat-ai/frontend/[39mnode_modules/[4mreact-dom[24m/cjs/react-dom-client.development.js:14936:11[90m)[39m
    at performWorkOnRoot [90m(/Users/masaki/Documents/gamechat-ai/frontend/[39mnode_modules/[4mreact-dom[24m/cjs/react-dom-client.development.js:14462:44[90m)[39m
Error Info: {
  componentStack: [32m&apos;\n&apos;[39m +
    [32m&apos;    at ErrorThrowingComponent (/Users/masaki/Documents/gamechat-ai/frontend/src/components/__tests__/error-boundary.test.tsx:11:35)\n&apos;[39m +
    [32m&apos;    at ErrorBoundary (/Users/masaki/Documents/gamechat-ai/frontend/src/components/error-boundary.tsx:11:5)&apos;[39m
}

            </system-err>
        </testcase>
        <testcase classname="src/components/__tests__/error-boundary.test.tsx" name="Error Callback &gt; should call onError callback when provided" time="0.002987667">
            <system-err>
Error: Test error
    at ErrorThrowingComponent [90m(/Users/masaki/Documents/gamechat-ai/frontend/[39msrc/components/__tests__/error-boundary.test.tsx:9:11[90m)[39m
    at Object.react-stack-bottom-frame [90m(/Users/masaki/Documents/gamechat-ai/frontend/[39mnode_modules/[4mreact-dom[24m/cjs/react-dom-client.development.js:23863:20[90m)[39m
    at renderWithHooks [90m(/Users/masaki/Documents/gamechat-ai/frontend/[39mnode_modules/[4mreact-dom[24m/cjs/react-dom-client.development.js:5529:22[90m)[39m
    at updateFunctionComponent [90m(/Users/masaki/Documents/gamechat-ai/frontend/[39mnode_modules/[4mreact-dom[24m/cjs/react-dom-client.development.js:8897:19[90m)[39m
    at beginWork [90m(/Users/masaki/Documents/gamechat-ai/frontend/[39mnode_modules/[4mreact-dom[24m/cjs/react-dom-client.development.js:10522:18[90m)[39m
    at runWithFiberInDEV [90m(/Users/masaki/Documents/gamechat-ai/frontend/[39mnode_modules/[4mreact-dom[24m/cjs/react-dom-client.development.js:1522:13[90m)[39m
    at performUnitOfWork [90m(/Users/masaki/Documents/gamechat-ai/frontend/[39mnode_modules/[4mreact-dom[24m/cjs/react-dom-client.development.js:15140:22[90m)[39m
    at workLoopSync [90m(/Users/masaki/Documents/gamechat-ai/frontend/[39mnode_modules/[4mreact-dom[24m/cjs/react-dom-client.development.js:14956:41[90m)[39m
    at renderRootSync [90m(/Users/masaki/Documents/gamechat-ai/frontend/[39mnode_modules/[4mreact-dom[24m/cjs/react-dom-client.development.js:14936:11[90m)[39m
    at performWorkOnRoot [90m(/Users/masaki/Documents/gamechat-ai/frontend/[39mnode_modules/[4mreact-dom[24m/cjs/react-dom-client.development.js:14462:44[90m)[39m {
  [stack]: [36m[Getter/Setter][39m,
  [message]: [32m&apos;Test error&apos;[39m
}

The above error occurred in the &lt;ErrorThrowingComponent&gt; component.

React will try to recreate this component tree from scratch using the error boundary you provided, ErrorBoundary.

ErrorBoundary caught an error: Error: Test error
    at ErrorThrowingComponent [90m(/Users/masaki/Documents/gamechat-ai/frontend/[39msrc/components/__tests__/error-boundary.test.tsx:9:11[90m)[39m
    at Object.react-stack-bottom-frame [90m(/Users/masaki/Documents/gamechat-ai/frontend/[39mnode_modules/[4mreact-dom[24m/cjs/react-dom-client.development.js:23863:20[90m)[39m
    at renderWithHooks [90m(/Users/masaki/Documents/gamechat-ai/frontend/[39mnode_modules/[4mreact-dom[24m/cjs/react-dom-client.development.js:5529:22[90m)[39m
    at updateFunctionComponent [90m(/Users/masaki/Documents/gamechat-ai/frontend/[39mnode_modules/[4mreact-dom[24m/cjs/react-dom-client.development.js:8897:19[90m)[39m
    at beginWork [90m(/Users/masaki/Documents/gamechat-ai/frontend/[39mnode_modules/[4mreact-dom[24m/cjs/react-dom-client.development.js:10522:18[90m)[39m
    at runWithFiberInDEV [90m(/Users/masaki/Documents/gamechat-ai/frontend/[39mnode_modules/[4mreact-dom[24m/cjs/react-dom-client.development.js:1522:13[90m)[39m
    at performUnitOfWork [90m(/Users/masaki/Documents/gamechat-ai/frontend/[39mnode_modules/[4mreact-dom[24m/cjs/react-dom-client.development.js:15140:22[90m)[39m
    at workLoopSync [90m(/Users/masaki/Documents/gamechat-ai/frontend/[39mnode_modules/[4mreact-dom[24m/cjs/react-dom-client.development.js:14956:41[90m)[39m
    at renderRootSync [90m(/Users/masaki/Documents/gamechat-ai/frontend/[39mnode_modules/[4mreact-dom[24m/cjs/react-dom-client.development.js:14936:11[90m)[39m
    at performWorkOnRoot [90m(/Users/masaki/Documents/gamechat-ai/frontend/[39mnode_modules/[4mreact-dom[24m/cjs/react-dom-client.development.js:14462:44[90m)[39m
Error Info: {
  componentStack: [32m&apos;\n&apos;[39m +
    [32m&apos;    at ErrorThrowingComponent (/Users/masaki/Documents/gamechat-ai/frontend/src/components/__tests__/error-boundary.test.tsx:11:35)\n&apos;[39m +
    [32m&apos;    at ErrorBoundary (/Users/masaki/Documents/gamechat-ai/frontend/src/components/error-boundary.tsx:11:5)&apos;[39m
}

            </system-err>
        </testcase>
        <testcase classname="src/components/__tests__/error-boundary.test.tsx" name="Error Callback &gt; should not call onError when no error occurs" time="0.001054375">
        </testcase>
        <testcase classname="src/components/__tests__/error-boundary.test.tsx" name="Error Types &gt; should handle different error types" time="0.003346875">
            <system-err>
TypeError: Type error occurred
    at ThrowTypeError [90m(/Users/masaki/Documents/gamechat-ai/frontend/[39msrc/components/__tests__/error-boundary.test.tsx:166:13[90m)[39m
    at Object.react-stack-bottom-frame [90m(/Users/masaki/Documents/gamechat-ai/frontend/[39mnode_modules/[4mreact-dom[24m/cjs/react-dom-client.development.js:23863:20[90m)[39m
    at renderWithHooks [90m(/Users/masaki/Documents/gamechat-ai/frontend/[39mnode_modules/[4mreact-dom[24m/cjs/react-dom-client.development.js:5529:22[90m)[39m
    at updateFunctionComponent [90m(/Users/masaki/Documents/gamechat-ai/frontend/[39mnode_modules/[4mreact-dom[24m/cjs/react-dom-client.development.js:8897:19[90m)[39m
    at beginWork [90m(/Users/masaki/Documents/gamechat-ai/frontend/[39mnode_modules/[4mreact-dom[24m/cjs/react-dom-client.development.js:10522:18[90m)[39m
    at runWithFiberInDEV [90m(/Users/masaki/Documents/gamechat-ai/frontend/[39mnode_modules/[4mreact-dom[24m/cjs/react-dom-client.development.js:1522:13[90m)[39m
    at performUnitOfWork [90m(/Users/masaki/Documents/gamechat-ai/frontend/[39mnode_modules/[4mreact-dom[24m/cjs/react-dom-client.development.js:15140:22[90m)[39m
    at workLoopSync [90m(/Users/masaki/Documents/gamechat-ai/frontend/[39mnode_modules/[4mreact-dom[24m/cjs/react-dom-client.development.js:14956:41[90m)[39m
    at renderRootSync [90m(/Users/masaki/Documents/gamechat-ai/frontend/[39mnode_modules/[4mreact-dom[24m/cjs/react-dom-client.development.js:14936:11[90m)[39m
    at performWorkOnRoot [90m(/Users/masaki/Documents/gamechat-ai/frontend/[39mnode_modules/[4mreact-dom[24m/cjs/react-dom-client.development.js:14462:44[90m)[39m {
  [stack]: [36m[Getter/Setter][39m,
  [message]: [32m&apos;Type error occurred&apos;[39m
}

The above error occurred in the &lt;ThrowTypeError&gt; component.

React will try to recreate this component tree from scratch using the error boundary you provided, ErrorBoundary.

ErrorBoundary caught an error: TypeError: Type error occurred
    at ThrowTypeError [90m(/Users/masaki/Documents/gamechat-ai/frontend/[39msrc/components/__tests__/error-boundary.test.tsx:166:13[90m)[39m
    at Object.react-stack-bottom-frame [90m(/Users/masaki/Documents/gamechat-ai/frontend/[39mnode_modules/[4mreact-dom[24m/cjs/react-dom-client.development.js:23863:20[90m)[39m
    at renderWithHooks [90m(/Users/masaki/Documents/gamechat-ai/frontend/[39mnode_modules/[4mreact-dom[24m/cjs/react-dom-client.development.js:5529:22[90m)[39m
    at updateFunctionComponent [90m(/Users/masaki/Documents/gamechat-ai/frontend/[39mnode_modules/[4mreact-dom[24m/cjs/react-dom-client.development.js:8897:19[90m)[39m
    at beginWork [90m(/Users/masaki/Documents/gamechat-ai/frontend/[39mnode_modules/[4mreact-dom[24m/cjs/react-dom-client.development.js:10522:18[90m)[39m
    at runWithFiberInDEV [90m(/Users/masaki/Documents/gamechat-ai/frontend/[39mnode_modules/[4mreact-dom[24m/cjs/react-dom-client.development.js:1522:13[90m)[39m
    at performUnitOfWork [90m(/Users/masaki/Documents/gamechat-ai/frontend/[39mnode_modules/[4mreact-dom[24m/cjs/react-dom-client.development.js:15140:22[90m)[39m
    at workLoopSync [90m(/Users/masaki/Documents/gamechat-ai/frontend/[39mnode_modules/[4mreact-dom[24m/cjs/react-dom-client.development.js:14956:41[90m)[39m
    at renderRootSync [90m(/Users/masaki/Documents/gamechat-ai/frontend/[39mnode_modules/[4mreact-dom[24m/cjs/react-dom-client.development.js:14936:11[90m)[39m
    at performWorkOnRoot [90m(/Users/masaki/Documents/gamechat-ai/frontend/[39mnode_modules/[4mreact-dom[24m/cjs/react-dom-client.development.js:14462:44[90m)[39m
Error Info: {
  componentStack: [32m&apos;\n&apos;[39m +
    [32m&apos;    at ThrowTypeError (/Users/masaki/Documents/gamechat-ai/frontend/src/components/__tests__/error-boundary.test.tsx:215:13)\n&apos;[39m +
    [32m&apos;    at ErrorBoundary (/Users/masaki/Documents/gamechat-ai/frontend/src/components/error-boundary.tsx:11:5)&apos;[39m
}

            </system-err>
        </testcase>
        <testcase classname="src/components/__tests__/error-boundary.test.tsx" name="Error Types &gt; should handle errors with empty messages" time="0.003107417">
            <system-err>
Error: 
    at EmptyErrorComponent [90m(/Users/masaki/Documents/gamechat-ai/frontend/[39msrc/components/__tests__/error-boundary.test.tsx:180:13[90m)[39m
    at Object.react-stack-bottom-frame [90m(/Users/masaki/Documents/gamechat-ai/frontend/[39mnode_modules/[4mreact-dom[24m/cjs/react-dom-client.development.js:23863:20[90m)[39m
    at renderWithHooks [90m(/Users/masaki/Documents/gamechat-ai/frontend/[39mnode_modules/[4mreact-dom[24m/cjs/react-dom-client.development.js:5529:22[90m)[39m
    at updateFunctionComponent [90m(/Users/masaki/Documents/gamechat-ai/frontend/[39mnode_modules/[4mreact-dom[24m/cjs/react-dom-client.development.js:8897:19[90m)[39m
    at beginWork [90m(/Users/masaki/Documents/gamechat-ai/frontend/[39mnode_modules/[4mreact-dom[24m/cjs/react-dom-client.development.js:10522:18[90m)[39m
    at runWithFiberInDEV [90m(/Users/masaki/Documents/gamechat-ai/frontend/[39mnode_modules/[4mreact-dom[24m/cjs/react-dom-client.development.js:1522:13[90m)[39m
    at performUnitOfWork [90m(/Users/masaki/Documents/gamechat-ai/frontend/[39mnode_modules/[4mreact-dom[24m/cjs/react-dom-client.development.js:15140:22[90m)[39m
    at workLoopSync [90m(/Users/masaki/Documents/gamechat-ai/frontend/[39mnode_modules/[4mreact-dom[24m/cjs/react-dom-client.development.js:14956:41[90m)[39m
    at renderRootSync [90m(/Users/masaki/Documents/gamechat-ai/frontend/[39mnode_modules/[4mreact-dom[24m/cjs/react-dom-client.development.js:14936:11[90m)[39m
    at performWorkOnRoot [90m(/Users/masaki/Documents/gamechat-ai/frontend/[39mnode_modules/[4mreact-dom[24m/cjs/react-dom-client.development.js:14462:44[90m)[39m {
  [stack]: [36m[Getter/Setter][39m,
  [message]: [32m&apos;&apos;[39m
}

The above error occurred in the &lt;EmptyErrorComponent&gt; component.

React will try to recreate this component tree from scratch using the error boundary you provided, ErrorBoundary.

ErrorBoundary caught an error: Error: 
    at EmptyErrorComponent [90m(/Users/masaki/Documents/gamechat-ai/frontend/[39msrc/components/__tests__/error-boundary.test.tsx:180:13[90m)[39m
    at Object.react-stack-bottom-frame [90m(/Users/masaki/Documents/gamechat-ai/frontend/[39mnode_modules/[4mreact-dom[24m/cjs/react-dom-client.development.js:23863:20[90m)[39m
    at renderWithHooks [90m(/Users/masaki/Documents/gamechat-ai/frontend/[39mnode_modules/[4mreact-dom[24m/cjs/react-dom-client.development.js:5529:22[90m)[39m
    at updateFunctionComponent [90m(/Users/masaki/Documents/gamechat-ai/frontend/[39mnode_modules/[4mreact-dom[24m/cjs/react-dom-client.development.js:8897:19[90m)[39m
    at beginWork [90m(/Users/masaki/Documents/gamechat-ai/frontend/[39mnode_modules/[4mreact-dom[24m/cjs/react-dom-client.development.js:10522:18[90m)[39m
    at runWithFiberInDEV [90m(/Users/masaki/Documents/gamechat-ai/frontend/[39mnode_modules/[4mreact-dom[24m/cjs/react-dom-client.development.js:1522:13[90m)[39m
    at performUnitOfWork [90m(/Users/masaki/Documents/gamechat-ai/frontend/[39mnode_modules/[4mreact-dom[24m/cjs/react-dom-client.development.js:15140:22[90m)[39m
    at workLoopSync [90m(/Users/masaki/Documents/gamechat-ai/frontend/[39mnode_modules/[4mreact-dom[24m/cjs/react-dom-client.development.js:14956:41[90m)[39m
    at renderRootSync [90m(/Users/masaki/Documents/gamechat-ai/frontend/[39mnode_modules/[4mreact-dom[24m/cjs/react-dom-client.development.js:14936:11[90m)[39m
    at performWorkOnRoot [90m(/Users/masaki/Documents/gamechat-ai/frontend/[39mnode_modules/[4mreact-dom[24m/cjs/react-dom-client.development.js:14462:44[90m)[39m
Error Info: {
  componentStack: [32m&apos;\n&apos;[39m +
    [32m&apos;    at EmptyErrorComponent (/Users/masaki/Documents/gamechat-ai/frontend/src/components/__tests__/error-boundary.test.tsx:232:13)\n&apos;[39m +
    [32m&apos;    at ErrorBoundary (/Users/masaki/Documents/gamechat-ai/frontend/src/components/error-boundary.tsx:11:5)&apos;[39m
}

            </system-err>
        </testcase>
        <testcase classname="src/components/__tests__/error-boundary.test.tsx" name="Error Types &gt; should handle null/undefined errors gracefully" time="0.002475542">
            <system-err>
[1mnull[22m

The above error occurred in the &lt;NullErrorComponent&gt; component.

React will try to recreate this component tree from scratch using the error boundary you provided, ErrorBoundary.

ErrorBoundary caught an error: [1mnull[22m
Error Info: {
  componentStack: [32m&apos;\n&apos;[39m +
    [32m&apos;    at NullErrorComponent (&lt;anonymous&gt;)\n&apos;[39m +
    [32m&apos;    at ErrorBoundary (/Users/masaki/Documents/gamechat-ai/frontend/src/components/error-boundary.tsx:11:5)&apos;[39m
}

            </system-err>
        </testcase>
        <testcase classname="src/components/__tests__/error-boundary.test.tsx" name="Environment-based Error Details &gt; should display error details in development mode" time="0.00471625">
            <system-err>
Error: Development error
    at CustomErrorComponent [90m(/Users/masaki/Documents/gamechat-ai/frontend/[39msrc/components/__tests__/error-boundary.test.tsx:212:13[90m)[39m
    at Object.react-stack-bottom-frame [90m(/Users/masaki/Documents/gamechat-ai/frontend/[39mnode_modules/[4mreact-dom[24m/cjs/react-dom-client.development.js:23863:20[90m)[39m
    at renderWithHooks [90m(/Users/masaki/Documents/gamechat-ai/frontend/[39mnode_modules/[4mreact-dom[24m/cjs/react-dom-client.development.js:5529:22[90m)[39m
    at updateFunctionComponent [90m(/Users/masaki/Documents/gamechat-ai/frontend/[39mnode_modules/[4mreact-dom[24m/cjs/react-dom-client.development.js:8897:19[90m)[39m
    at beginWork [90m(/Users/masaki/Documents/gamechat-ai/frontend/[39mnode_modules/[4mreact-dom[24m/cjs/react-dom-client.development.js:10522:18[90m)[39m
    at runWithFiberInDEV [90m(/Users/masaki/Documents/gamechat-ai/frontend/[39mnode_modules/[4mreact-dom[24m/cjs/react-dom-client.development.js:1522:13[90m)[39m
    at performUnitOfWork [90m(/Users/masaki/Documents/gamechat-ai/frontend/[39mnode_modules/[4mreact-dom[24m/cjs/react-dom-client.development.js:15140:22[90m)[39m
    at workLoopSync [90m(/Users/masaki/Documents/gamechat-ai/frontend/[39mnode_modules/[4mreact-dom[24m/cjs/react-dom-client.development.js:14956:41[90m)[39m
    at renderRootSync [90m(/Users/masaki/Documents/gamechat-ai/frontend/[39mnode_modules/[4mreact-dom[24m/cjs/react-dom-client.development.js:14936:11[90m)[39m
    at performWorkOnRoot [90m(/Users/masaki/Documents/gamechat-ai/frontend/[39mnode_modules/[4mreact-dom[24m/cjs/react-dom-client.development.js:14462:44[90m)[39m {
  [stack]: [36m[Getter/Setter][39m,
  [message]: [32m&apos;Development error&apos;[39m
}

The above error occurred in the &lt;CustomErrorComponent&gt; component.

React will try to recreate this component tree from scratch using the error boundary you provided, ErrorBoundary.

ErrorBoundary caught an error: Error: Development error
    at CustomErrorComponent [90m(/Users/masaki/Documents/gamechat-ai/frontend/[39msrc/components/__tests__/error-boundary.test.tsx:212:13[90m)[39m
    at Object.react-stack-bottom-frame [90m(/Users/masaki/Documents/gamechat-ai/frontend/[39mnode_modules/[4mreact-dom[24m/cjs/react-dom-client.development.js:23863:20[90m)[39m
    at renderWithHooks [90m(/Users/masaki/Documents/gamechat-ai/frontend/[39mnode_modules/[4mreact-dom[24m/cjs/react-dom-client.development.js:5529:22[90m)[39m
    at updateFunctionComponent [90m(/Users/masaki/Documents/gamechat-ai/frontend/[39mnode_modules/[4mreact-dom[24m/cjs/react-dom-client.development.js:8897:19[90m)[39m
    at beginWork [90m(/Users/masaki/Documents/gamechat-ai/frontend/[39mnode_modules/[4mreact-dom[24m/cjs/react-dom-client.development.js:10522:18[90m)[39m
    at runWithFiberInDEV [90m(/Users/masaki/Documents/gamechat-ai/frontend/[39mnode_modules/[4mreact-dom[24m/cjs/react-dom-client.development.js:1522:13[90m)[39m
    at performUnitOfWork [90m(/Users/masaki/Documents/gamechat-ai/frontend/[39mnode_modules/[4mreact-dom[24m/cjs/react-dom-client.development.js:15140:22[90m)[39m
    at workLoopSync [90m(/Users/masaki/Documents/gamechat-ai/frontend/[39mnode_modules/[4mreact-dom[24m/cjs/react-dom-client.development.js:14956:41[90m)[39m
    at renderRootSync [90m(/Users/masaki/Documents/gamechat-ai/frontend/[39mnode_modules/[4mreact-dom[24m/cjs/react-dom-client.development.js:14936:11[90m)[39m
    at performWorkOnRoot [90m(/Users/masaki/Documents/gamechat-ai/frontend/[39mnode_modules/[4mreact-dom[24m/cjs/react-dom-client.development.js:14462:44[90m)[39m
Error Info: {
  componentStack: [32m&apos;\n&apos;[39m +
    [32m&apos;    at CustomErrorComponent (/Users/masaki/Documents/gamechat-ai/frontend/src/components/__tests__/error-boundary.test.tsx:269:13)\n&apos;[39m +
    [32m&apos;    at ErrorBoundary (/Users/masaki/Documents/gamechat-ai/frontend/src/components/error-boundary.tsx:11:5)&apos;[39m
}

            </system-err>
        </testcase>
        <testcase classname="src/components/__tests__/error-boundary.test.tsx" name="Environment-based Error Details &gt; should not display error details in production mode" time="0.003248208">
            <system-err>
Error: Production error
    at CustomErrorComponent [90m(/Users/masaki/Documents/gamechat-ai/frontend/[39msrc/components/__tests__/error-boundary.test.tsx:234:13[90m)[39m
    at Object.react-stack-bottom-frame [90m(/Users/masaki/Documents/gamechat-ai/frontend/[39mnode_modules/[4mreact-dom[24m/cjs/react-dom-client.development.js:23863:20[90m)[39m
    at renderWithHooks [90m(/Users/masaki/Documents/gamechat-ai/frontend/[39mnode_modules/[4mreact-dom[24m/cjs/react-dom-client.development.js:5529:22[90m)[39m
    at updateFunctionComponent [90m(/Users/masaki/Documents/gamechat-ai/frontend/[39mnode_modules/[4mreact-dom[24m/cjs/react-dom-client.development.js:8897:19[90m)[39m
    at beginWork [90m(/Users/masaki/Documents/gamechat-ai/frontend/[39mnode_modules/[4mreact-dom[24m/cjs/react-dom-client.development.js:10522:18[90m)[39m
    at runWithFiberInDEV [90m(/Users/masaki/Documents/gamechat-ai/frontend/[39mnode_modules/[4mreact-dom[24m/cjs/react-dom-client.development.js:1522:13[90m)[39m
    at performUnitOfWork [90m(/Users/masaki/Documents/gamechat-ai/frontend/[39mnode_modules/[4mreact-dom[24m/cjs/react-dom-client.development.js:15140:22[90m)[39m
    at workLoopSync [90m(/Users/masaki/Documents/gamechat-ai/frontend/[39mnode_modules/[4mreact-dom[24m/cjs/react-dom-client.development.js:14956:41[90m)[39m
    at renderRootSync [90m(/Users/masaki/Documents/gamechat-ai/frontend/[39mnode_modules/[4mreact-dom[24m/cjs/react-dom-client.development.js:14936:11[90m)[39m
    at performWorkOnRoot [90m(/Users/masaki/Documents/gamechat-ai/frontend/[39mnode_modules/[4mreact-dom[24m/cjs/react-dom-client.development.js:14462:44[90m)[39m {
  [stack]: [36m[Getter/Setter][39m,
  [message]: [32m&apos;Production error&apos;[39m
}

The above error occurred in the &lt;CustomErrorComponent&gt; component.

React will try to recreate this component tree from scratch using the error boundary you provided, ErrorBoundary.

ErrorBoundary caught an error: Error: Production error
    at CustomErrorComponent [90m(/Users/masaki/Documents/gamechat-ai/frontend/[39msrc/components/__tests__/error-boundary.test.tsx:234:13[90m)[39m
    at Object.react-stack-bottom-frame [90m(/Users/masaki/Documents/gamechat-ai/frontend/[39mnode_modules/[4mreact-dom[24m/cjs/react-dom-client.development.js:23863:20[90m)[39m
    at renderWithHooks [90m(/Users/masaki/Documents/gamechat-ai/frontend/[39mnode_modules/[4mreact-dom[24m/cjs/react-dom-client.development.js:5529:22[90m)[39m
    at updateFunctionComponent [90m(/Users/masaki/Documents/gamechat-ai/frontend/[39mnode_modules/[4mreact-dom[24m/cjs/react-dom-client.development.js:8897:19[90m)[39m
    at beginWork [90m(/Users/masaki/Documents/gamechat-ai/frontend/[39mnode_modules/[4mreact-dom[24m/cjs/react-dom-client.development.js:10522:18[90m)[39m
    at runWithFiberInDEV [90m(/Users/masaki/Documents/gamechat-ai/frontend/[39mnode_modules/[4mreact-dom[24m/cjs/react-dom-client.development.js:1522:13[90m)[39m
    at performUnitOfWork [90m(/Users/masaki/Documents/gamechat-ai/frontend/[39mnode_modules/[4mreact-dom[24m/cjs/react-dom-client.development.js:15140:22[90m)[39m
    at workLoopSync [90m(/Users/masaki/Documents/gamechat-ai/frontend/[39mnode_modules/[4mreact-dom[24m/cjs/react-dom-client.development.js:14956:41[90m)[39m
    at renderRootSync [90m(/Users/masaki/Documents/gamechat-ai/frontend/[39mnode_modules/[4mreact-dom[24m/cjs/react-dom-client.development.js:14936:11[90m)[39m
    at performWorkOnRoot [90m(/Users/masaki/Documents/gamechat-ai/frontend/[39mnode_modules/[4mreact-dom[24m/cjs/react-dom-client.development.js:14462:44[90m)[39m
Error Info: {
  componentStack: [32m&apos;\n&apos;[39m +
    [32m&apos;    at CustomErrorComponent (/Users/masaki/Documents/gamechat-ai/frontend/src/components/__tests__/error-boundary.test.tsx:290:13)\n&apos;[39m +
    [32m&apos;    at ErrorBoundary (/Users/masaki/Documents/gamechat-ai/frontend/src/components/error-boundary.tsx:11:5)&apos;[39m
}

            </system-err>
        </testcase>
        <testcase classname="src/components/__tests__/error-boundary.test.tsx" name="withErrorBoundary HOC &gt; should wrap component with error boundary" time="0.00107525">
        </testcase>
        <testcase classname="src/components/__tests__/error-boundary.test.tsx" name="withErrorBoundary HOC &gt; should handle errors in wrapped component" time="0.003102833">
            <system-err>
Error: HOC Error
    at ErrorComponent [90m(/Users/masaki/Documents/gamechat-ai/frontend/[39msrc/components/__tests__/error-boundary.test.tsx:259:13[90m)[39m
    at Object.react-stack-bottom-frame [90m(/Users/masaki/Documents/gamechat-ai/frontend/[39mnode_modules/[4mreact-dom[24m/cjs/react-dom-client.development.js:23863:20[90m)[39m
    at renderWithHooks [90m(/Users/masaki/Documents/gamechat-ai/frontend/[39mnode_modules/[4mreact-dom[24m/cjs/react-dom-client.development.js:5529:22[90m)[39m
    at updateFunctionComponent [90m(/Users/masaki/Documents/gamechat-ai/frontend/[39mnode_modules/[4mreact-dom[24m/cjs/react-dom-client.development.js:8897:19[90m)[39m
    at beginWork [90m(/Users/masaki/Documents/gamechat-ai/frontend/[39mnode_modules/[4mreact-dom[24m/cjs/react-dom-client.development.js:10522:18[90m)[39m
    at runWithFiberInDEV [90m(/Users/masaki/Documents/gamechat-ai/frontend/[39mnode_modules/[4mreact-dom[24m/cjs/react-dom-client.development.js:1522:13[90m)[39m
    at performUnitOfWork [90m(/Users/masaki/Documents/gamechat-ai/frontend/[39mnode_modules/[4mreact-dom[24m/cjs/react-dom-client.development.js:15140:22[90m)[39m
    at workLoopSync [90m(/Users/masaki/Documents/gamechat-ai/frontend/[39mnode_modules/[4mreact-dom[24m/cjs/react-dom-client.development.js:14956:41[90m)[39m
    at renderRootSync [90m(/Users/masaki/Documents/gamechat-ai/frontend/[39mnode_modules/[4mreact-dom[24m/cjs/react-dom-client.development.js:14936:11[90m)[39m
    at performWorkOnRoot [90m(/Users/masaki/Documents/gamechat-ai/frontend/[39mnode_modules/[4mreact-dom[24m/cjs/react-dom-client.development.js:14462:44[90m)[39m {
  [stack]: [36m[Getter/Setter][39m,
  [message]: [32m&apos;HOC Error&apos;[39m
}

The above error occurred in the &lt;ErrorComponent&gt; component.

React will try to recreate this component tree from scratch using the error boundary you provided, ErrorBoundary.

ErrorBoundary caught an error: Error: HOC Error
    at ErrorComponent [90m(/Users/masaki/Documents/gamechat-ai/frontend/[39msrc/components/__tests__/error-boundary.test.tsx:259:13[90m)[39m
    at Object.react-stack-bottom-frame [90m(/Users/masaki/Documents/gamechat-ai/frontend/[39mnode_modules/[4mreact-dom[24m/cjs/react-dom-client.development.js:23863:20[90m)[39m
    at renderWithHooks [90m(/Users/masaki/Documents/gamechat-ai/frontend/[39mnode_modules/[4mreact-dom[24m/cjs/react-dom-client.development.js:5529:22[90m)[39m
    at updateFunctionComponent [90m(/Users/masaki/Documents/gamechat-ai/frontend/[39mnode_modules/[4mreact-dom[24m/cjs/react-dom-client.development.js:8897:19[90m)[39m
    at beginWork [90m(/Users/masaki/Documents/gamechat-ai/frontend/[39mnode_modules/[4mreact-dom[24m/cjs/react-dom-client.development.js:10522:18[90m)[39m
    at runWithFiberInDEV [90m(/Users/masaki/Documents/gamechat-ai/frontend/[39mnode_modules/[4mreact-dom[24m/cjs/react-dom-client.development.js:1522:13[90m)[39m
    at performUnitOfWork [90m(/Users/masaki/Documents/gamechat-ai/frontend/[39mnode_modules/[4mreact-dom[24m/cjs/react-dom-client.development.js:15140:22[90m)[39m
    at workLoopSync [90m(/Users/masaki/Documents/gamechat-ai/frontend/[39mnode_modules/[4mreact-dom[24m/cjs/react-dom-client.development.js:14956:41[90m)[39m
    at renderRootSync [90m(/Users/masaki/Documents/gamechat-ai/frontend/[39mnode_modules/[4mreact-dom[24m/cjs/react-dom-client.development.js:14936:11[90m)[39m
    at performWorkOnRoot [90m(/Users/masaki/Documents/gamechat-ai/frontend/[39mnode_modules/[4mreact-dom[24m/cjs/react-dom-client.development.js:14462:44[90m)[39m
Error Info: {
  componentStack: [32m&apos;\n&apos;[39m +
    [32m&apos;    at ErrorComponent (/Users/masaki/Documents/gamechat-ai/frontend/src/components/__tests__/error-boundary.test.tsx:323:13)\n&apos;[39m +
    [32m&apos;    at ErrorBoundary (/Users/masaki/Documents/gamechat-ai/frontend/src/components/error-boundary.tsx:11:5)\n&apos;[39m +
    [32m&apos;    at withErrorBoundary(ErrorComponent) (&lt;anonymous&gt;)&apos;[39m
}

            </system-err>
        </testcase>
        <testcase classname="src/components/__tests__/error-boundary.test.tsx" name="withErrorBoundary HOC &gt; should accept custom error boundary props" time="0.001602791">
            <system-err>
Error: Custom HOC Error
    at CustomErrorComponent [90m(/Users/masaki/Documents/gamechat-ai/frontend/[39msrc/components/__tests__/error-boundary.test.tsx:270:13[90m)[39m
    at Object.react-stack-bottom-frame [90m(/Users/masaki/Documents/gamechat-ai/frontend/[39mnode_modules/[4mreact-dom[24m/cjs/react-dom-client.development.js:23863:20[90m)[39m
    at renderWithHooks [90m(/Users/masaki/Documents/gamechat-ai/frontend/[39mnode_modules/[4mreact-dom[24m/cjs/react-dom-client.development.js:5529:22[90m)[39m
    at updateFunctionComponent [90m(/Users/masaki/Documents/gamechat-ai/frontend/[39mnode_modules/[4mreact-dom[24m/cjs/react-dom-client.development.js:8897:19[90m)[39m
    at beginWork [90m(/Users/masaki/Documents/gamechat-ai/frontend/[39mnode_modules/[4mreact-dom[24m/cjs/react-dom-client.development.js:10522:18[90m)[39m
    at runWithFiberInDEV [90m(/Users/masaki/Documents/gamechat-ai/frontend/[39mnode_modules/[4mreact-dom[24m/cjs/react-dom-client.development.js:1522:13[90m)[39m
    at performUnitOfWork [90m(/Users/masaki/Documents/gamechat-ai/frontend/[39mnode_modules/[4mreact-dom[24m/cjs/react-dom-client.development.js:15140:22[90m)[39m
    at workLoopSync [90m(/Users/masaki/Documents/gamechat-ai/frontend/[39mnode_modules/[4mreact-dom[24m/cjs/react-dom-client.development.js:14956:41[90m)[39m
    at renderRootSync [90m(/Users/masaki/Documents/gamechat-ai/frontend/[39mnode_modules/[4mreact-dom[24m/cjs/react-dom-client.development.js:14936:11[90m)[39m
    at performWorkOnRoot [90m(/Users/masaki/Documents/gamechat-ai/frontend/[39mnode_modules/[4mreact-dom[24m/cjs/react-dom-client.development.js:14462:44[90m)[39m {
  [stack]: [36m[Getter/Setter][39m,
  [message]: [32m&apos;Custom HOC Error&apos;[39m
}

The above error occurred in the &lt;CustomErrorComponent&gt; component.

React will try to recreate this component tree from scratch using the error boundary you provided, ErrorBoundary.

ErrorBoundary caught an error: Error: Custom HOC Error
    at CustomErrorComponent [90m(/Users/masaki/Documents/gamechat-ai/frontend/[39msrc/components/__tests__/error-boundary.test.tsx:270:13[90m)[39m
    at Object.react-stack-bottom-frame [90m(/Users/masaki/Documents/gamechat-ai/frontend/[39mnode_modules/[4mreact-dom[24m/cjs/react-dom-client.development.js:23863:20[90m)[39m
    at renderWithHooks [90m(/Users/masaki/Documents/gamechat-ai/frontend/[39mnode_modules/[4mreact-dom[24m/cjs/react-dom-client.development.js:5529:22[90m)[39m
    at updateFunctionComponent [90m(/Users/masaki/Documents/gamechat-ai/frontend/[39mnode_modules/[4mreact-dom[24m/cjs/react-dom-client.development.js:8897:19[90m)[39m
    at beginWork [90m(/Users/masaki/Documents/gamechat-ai/frontend/[39mnode_modules/[4mreact-dom[24m/cjs/react-dom-client.development.js:10522:18[90m)[39m
    at runWithFiberInDEV [90m(/Users/masaki/Documents/gamechat-ai/frontend/[39mnode_modules/[4mreact-dom[24m/cjs/react-dom-client.development.js:1522:13[90m)[39m
    at performUnitOfWork [90m(/Users/masaki/Documents/gamechat-ai/frontend/[39mnode_modules/[4mreact-dom[24m/cjs/react-dom-client.development.js:15140:22[90m)[39m
    at workLoopSync [90m(/Users/masaki/Documents/gamechat-ai/frontend/[39mnode_modules/[4mreact-dom[24m/cjs/react-dom-client.development.js:14956:41[90m)[39m
    at renderRootSync [90m(/Users/masaki/Documents/gamechat-ai/frontend/[39mnode_modules/[4mreact-dom[24m/cjs/react-dom-client.development.js:14936:11[90m)[39m
    at performWorkOnRoot [90m(/Users/masaki/Documents/gamechat-ai/frontend/[39mnode_modules/[4mreact-dom[24m/cjs/react-dom-client.development.js:14462:44[90m)[39m
Error Info: {
  componentStack: [32m&apos;\n&apos;[39m +
    [32m&apos;    at CustomErrorComponent (/Users/masaki/Documents/gamechat-ai/frontend/src/components/__tests__/error-boundary.test.tsx:335:13)\n&apos;[39m +
    [32m&apos;    at ErrorBoundary (/Users/masaki/Documents/gamechat-ai/frontend/src/components/error-boundary.tsx:11:5)\n&apos;[39m +
    [32m&apos;    at withErrorBoundary(CustomErrorComponent) (&lt;anonymous&gt;)&apos;[39m
}

            </system-err>
        </testcase>
        <testcase classname="src/components/__tests__/error-boundary.test.tsx" name="withErrorBoundary HOC &gt; should pass props to wrapped component" time="0.000560875">
        </testcase>
        <testcase classname="src/components/__tests__/error-boundary.test.tsx" name="withErrorBoundary HOC &gt; should set correct displayName" time="0.000110917">
        </testcase>
        <testcase classname="src/components/__tests__/error-boundary.test.tsx" name="Accessibility &gt; should have proper ARIA attributes" time="0.037559084">
            <system-err>
Error: Test error
    at ErrorThrowingComponent [90m(/Users/masaki/Documents/gamechat-ai/frontend/[39msrc/components/__tests__/error-boundary.test.tsx:9:11[90m)[39m
    at Object.react-stack-bottom-frame [90m(/Users/masaki/Documents/gamechat-ai/frontend/[39mnode_modules/[4mreact-dom[24m/cjs/react-dom-client.development.js:23863:20[90m)[39m
    at renderWithHooks [90m(/Users/masaki/Documents/gamechat-ai/frontend/[39mnode_modules/[4mreact-dom[24m/cjs/react-dom-client.development.js:5529:22[90m)[39m
    at updateFunctionComponent [90m(/Users/masaki/Documents/gamechat-ai/frontend/[39mnode_modules/[4mreact-dom[24m/cjs/react-dom-client.development.js:8897:19[90m)[39m
    at beginWork [90m(/Users/masaki/Documents/gamechat-ai/frontend/[39mnode_modules/[4mreact-dom[24m/cjs/react-dom-client.development.js:10522:18[90m)[39m
    at runWithFiberInDEV [90m(/Users/masaki/Documents/gamechat-ai/frontend/[39mnode_modules/[4mreact-dom[24m/cjs/react-dom-client.development.js:1522:13[90m)[39m
    at performUnitOfWork [90m(/Users/masaki/Documents/gamechat-ai/frontend/[39mnode_modules/[4mreact-dom[24m/cjs/react-dom-client.development.js:15140:22[90m)[39m
    at workLoopSync [90m(/Users/masaki/Documents/gamechat-ai/frontend/[39mnode_modules/[4mreact-dom[24m/cjs/react-dom-client.development.js:14956:41[90m)[39m
    at renderRootSync [90m(/Users/masaki/Documents/gamechat-ai/frontend/[39mnode_modules/[4mreact-dom[24m/cjs/react-dom-client.development.js:14936:11[90m)[39m
    at performWorkOnRoot [90m(/Users/masaki/Documents/gamechat-ai/frontend/[39mnode_modules/[4mreact-dom[24m/cjs/react-dom-client.development.js:14462:44[90m)[39m {
  [stack]: [36m[Getter/Setter][39m,
  [message]: [32m&apos;Test error&apos;[39m
}

The above error occurred in the &lt;ErrorThrowingComponent&gt; component.

React will try to recreate this component tree from scratch using the error boundary you provided, ErrorBoundary.

ErrorBoundary caught an error: Error: Test error
    at ErrorThrowingComponent [90m(/Users/masaki/Documents/gamechat-ai/frontend/[39msrc/components/__tests__/error-boundary.test.tsx:9:11[90m)[39m
    at Object.react-stack-bottom-frame [90m(/Users/masaki/Documents/gamechat-ai/frontend/[39mnode_modules/[4mreact-dom[24m/cjs/react-dom-client.development.js:23863:20[90m)[39m
    at renderWithHooks [90m(/Users/masaki/Documents/gamechat-ai/frontend/[39mnode_modules/[4mreact-dom[24m/cjs/react-dom-client.development.js:5529:22[90m)[39m
    at updateFunctionComponent [90m(/Users/masaki/Documents/gamechat-ai/frontend/[39mnode_modules/[4mreact-dom[24m/cjs/react-dom-client.development.js:8897:19[90m)[39m
    at beginWork [90m(/Users/masaki/Documents/gamechat-ai/frontend/[39mnode_modules/[4mreact-dom[24m/cjs/react-dom-client.development.js:10522:18[90m)[39m
    at runWithFiberInDEV [90m(/Users/masaki/Documents/gamechat-ai/frontend/[39mnode_modules/[4mreact-dom[24m/cjs/react-dom-client.development.js:1522:13[90m)[39m
    at performUnitOfWork [90m(/Users/masaki/Documents/gamechat-ai/frontend/[39mnode_modules/[4mreact-dom[24m/cjs/react-dom-client.development.js:15140:22[90m)[39m
    at workLoopSync [90m(/Users/masaki/Documents/gamechat-ai/frontend/[39mnode_modules/[4mreact-dom[24m/cjs/react-dom-client.development.js:14956:41[90m)[39m
    at renderRootSync [90m(/Users/masaki/Documents/gamechat-ai/frontend/[39mnode_modules/[4mreact-dom[24m/cjs/react-dom-client.development.js:14936:11[90m)[39m
    at performWorkOnRoot [90m(/Users/masaki/Documents/gamechat-ai/frontend/[39mnode_modules/[4mreact-dom[24m/cjs/react-dom-client.development.js:14462:44[90m)[39m
Error Info: {
  componentStack: [32m&apos;\n&apos;[39m +
    [32m&apos;    at ErrorThrowingComponent (/Users/masaki/Documents/gamechat-ai/frontend/src/components/__tests__/error-boundary.test.tsx:11:35)\n&apos;[39m +
    [32m&apos;    at ErrorBoundary (/Users/masaki/Documents/gamechat-ai/frontend/src/components/error-boundary.tsx:11:5)&apos;[39m
}

            </system-err>
        </testcase>
        <testcase classname="src/components/__tests__/error-boundary.test.tsx" name="Accessibility &gt; should be keyboard accessible" time="0.004014083">
            <system-err>
Error: Test error
    at ErrorThrowingComponent [90m(/Users/masaki/Documents/gamechat-ai/frontend/[39msrc/components/__tests__/error-boundary.test.tsx:9:11[90m)[39m
    at Object.react-stack-bottom-frame [90m(/Users/masaki/Documents/gamechat-ai/frontend/[39mnode_modules/[4mreact-dom[24m/cjs/react-dom-client.development.js:23863:20[90m)[39m
    at renderWithHooks [90m(/Users/masaki/Documents/gamechat-ai/frontend/[39mnode_modules/[4mreact-dom[24m/cjs/react-dom-client.development.js:5529:22[90m)[39m
    at updateFunctionComponent [90m(/Users/masaki/Documents/gamechat-ai/frontend/[39mnode_modules/[4mreact-dom[24m/cjs/react-dom-client.development.js:8897:19[90m)[39m
    at beginWork [90m(/Users/masaki/Documents/gamechat-ai/frontend/[39mnode_modules/[4mreact-dom[24m/cjs/react-dom-client.development.js:10522:18[90m)[39m
    at runWithFiberInDEV [90m(/Users/masaki/Documents/gamechat-ai/frontend/[39mnode_modules/[4mreact-dom[24m/cjs/react-dom-client.development.js:1522:13[90m)[39m
    at performUnitOfWork [90m(/Users/masaki/Documents/gamechat-ai/frontend/[39mnode_modules/[4mreact-dom[24m/cjs/react-dom-client.development.js:15140:22[90m)[39m
    at workLoopSync [90m(/Users/masaki/Documents/gamechat-ai/frontend/[39mnode_modules/[4mreact-dom[24m/cjs/react-dom-client.development.js:14956:41[90m)[39m
    at renderRootSync [90m(/Users/masaki/Documents/gamechat-ai/frontend/[39mnode_modules/[4mreact-dom[24m/cjs/react-dom-client.development.js:14936:11[90m)[39m
    at performWorkOnRoot [90m(/Users/masaki/Documents/gamechat-ai/frontend/[39mnode_modules/[4mreact-dom[24m/cjs/react-dom-client.development.js:14462:44[90m)[39m {
  [stack]: [36m[Getter/Setter][39m,
  [message]: [32m&apos;Test error&apos;[39m
}

The above error occurred in the &lt;ErrorThrowingComponent&gt; component.

React will try to recreate this component tree from scratch using the error boundary you provided, ErrorBoundary.

ErrorBoundary caught an error: Error: Test error
    at ErrorThrowingComponent [90m(/Users/masaki/Documents/gamechat-ai/frontend/[39msrc/components/__tests__/error-boundary.test.tsx:9:11[90m)[39m
    at Object.react-stack-bottom-frame [90m(/Users/masaki/Documents/gamechat-ai/frontend/[39mnode_modules/[4mreact-dom[24m/cjs/react-dom-client.development.js:23863:20[90m)[39m
    at renderWithHooks [90m(/Users/masaki/Documents/gamechat-ai/frontend/[39mnode_modules/[4mreact-dom[24m/cjs/react-dom-client.development.js:5529:22[90m)[39m
    at updateFunctionComponent [90m(/Users/masaki/Documents/gamechat-ai/frontend/[39mnode_modules/[4mreact-dom[24m/cjs/react-dom-client.development.js:8897:19[90m)[39m
    at beginWork [90m(/Users/masaki/Documents/gamechat-ai/frontend/[39mnode_modules/[4mreact-dom[24m/cjs/react-dom-client.development.js:10522:18[90m)[39m
    at runWithFiberInDEV [90m(/Users/masaki/Documents/gamechat-ai/frontend/[39mnode_modules/[4mreact-dom[24m/cjs/react-dom-client.development.js:1522:13[90m)[39m
    at performUnitOfWork [90m(/Users/masaki/Documents/gamechat-ai/frontend/[39mnode_modules/[4mreact-dom[24m/cjs/react-dom-client.development.js:15140:22[90m)[39m
    at workLoopSync [90m(/Users/masaki/Documents/gamechat-ai/frontend/[39mnode_modules/[4mreact-dom[24m/cjs/react-dom-client.development.js:14956:41[90m)[39m
    at renderRootSync [90m(/Users/masaki/Documents/gamechat-ai/frontend/[39mnode_modules/[4mreact-dom[24m/cjs/react-dom-client.development.js:14936:11[90m)[39m
    at performWorkOnRoot [90m(/Users/masaki/Documents/gamechat-ai/frontend/[39mnode_modules/[4mreact-dom[24m/cjs/react-dom-client.development.js:14462:44[90m)[39m
Error Info: {
  componentStack: [32m&apos;\n&apos;[39m +
    [32m&apos;    at ErrorThrowingComponent (/Users/masaki/Documents/gamechat-ai/frontend/src/components/__tests__/error-boundary.test.tsx:11:35)\n&apos;[39m +
    [32m&apos;    at ErrorBoundary (/Users/masaki/Documents/gamechat-ai/frontend/src/components/error-boundary.tsx:11:5)&apos;[39m
}

            </system-err>
        </testcase>
        <testcase classname="src/components/__tests__/error-boundary.test.tsx" name="Edge Cases &gt; should handle errors in nested components" time="0.002998125">
            <system-err>
Error: Test error
    at ErrorThrowingComponent [90m(/Users/masaki/Documents/gamechat-ai/frontend/[39msrc/components/__tests__/error-boundary.test.tsx:9:11[90m)[39m
    at Object.react-stack-bottom-frame [90m(/Users/masaki/Documents/gamechat-ai/frontend/[39mnode_modules/[4mreact-dom[24m/cjs/react-dom-client.development.js:23863:20[90m)[39m
    at renderWithHooks [90m(/Users/masaki/Documents/gamechat-ai/frontend/[39mnode_modules/[4mreact-dom[24m/cjs/react-dom-client.development.js:5529:22[90m)[39m
    at updateFunctionComponent [90m(/Users/masaki/Documents/gamechat-ai/frontend/[39mnode_modules/[4mreact-dom[24m/cjs/react-dom-client.development.js:8897:19[90m)[39m
    at beginWork [90m(/Users/masaki/Documents/gamechat-ai/frontend/[39mnode_modules/[4mreact-dom[24m/cjs/react-dom-client.development.js:10522:18[90m)[39m
    at runWithFiberInDEV [90m(/Users/masaki/Documents/gamechat-ai/frontend/[39mnode_modules/[4mreact-dom[24m/cjs/react-dom-client.development.js:1522:13[90m)[39m
    at performUnitOfWork [90m(/Users/masaki/Documents/gamechat-ai/frontend/[39mnode_modules/[4mreact-dom[24m/cjs/react-dom-client.development.js:15140:22[90m)[39m
    at workLoopSync [90m(/Users/masaki/Documents/gamechat-ai/frontend/[39mnode_modules/[4mreact-dom[24m/cjs/react-dom-client.development.js:14956:41[90m)[39m
    at renderRootSync [90m(/Users/masaki/Documents/gamechat-ai/frontend/[39mnode_modules/[4mreact-dom[24m/cjs/react-dom-client.development.js:14936:11[90m)[39m
    at performWorkOnRoot [90m(/Users/masaki/Documents/gamechat-ai/frontend/[39mnode_modules/[4mreact-dom[24m/cjs/react-dom-client.development.js:14462:44[90m)[39m {
  [stack]: [36m[Getter/Setter][39m,
  [message]: [32m&apos;Test error&apos;[39m
}

The above error occurred in the &lt;ErrorThrowingComponent&gt; component.

React will try to recreate this component tree from scratch using the error boundary you provided, ErrorBoundary.

ErrorBoundary caught an error: Error: Test error
    at ErrorThrowingComponent [90m(/Users/masaki/Documents/gamechat-ai/frontend/[39msrc/components/__tests__/error-boundary.test.tsx:9:11[90m)[39m
    at Object.react-stack-bottom-frame [90m(/Users/masaki/Documents/gamechat-ai/frontend/[39mnode_modules/[4mreact-dom[24m/cjs/react-dom-client.development.js:23863:20[90m)[39m
    at renderWithHooks [90m(/Users/masaki/Documents/gamechat-ai/frontend/[39mnode_modules/[4mreact-dom[24m/cjs/react-dom-client.development.js:5529:22[90m)[39m
    at updateFunctionComponent [90m(/Users/masaki/Documents/gamechat-ai/frontend/[39mnode_modules/[4mreact-dom[24m/cjs/react-dom-client.development.js:8897:19[90m)[39m
    at beginWork [90m(/Users/masaki/Documents/gamechat-ai/frontend/[39mnode_modules/[4mreact-dom[24m/cjs/react-dom-client.development.js:10522:18[90m)[39m
    at runWithFiberInDEV [90m(/Users/masaki/Documents/gamechat-ai/frontend/[39mnode_modules/[4mreact-dom[24m/cjs/react-dom-client.development.js:1522:13[90m)[39m
    at performUnitOfWork [90m(/Users/masaki/Documents/gamechat-ai/frontend/[39mnode_modules/[4mreact-dom[24m/cjs/react-dom-client.development.js:15140:22[90m)[39m
    at workLoopSync [90m(/Users/masaki/Documents/gamechat-ai/frontend/[39mnode_modules/[4mreact-dom[24m/cjs/react-dom-client.development.js:14956:41[90m)[39m
    at renderRootSync [90m(/Users/masaki/Documents/gamechat-ai/frontend/[39mnode_modules/[4mreact-dom[24m/cjs/react-dom-client.development.js:14936:11[90m)[39m
    at performWorkOnRoot [90m(/Users/masaki/Documents/gamechat-ai/frontend/[39mnode_modules/[4mreact-dom[24m/cjs/react-dom-client.development.js:14462:44[90m)[39m
Error Info: {
  componentStack: [32m&apos;\n&apos;[39m +
    [32m&apos;    at ErrorThrowingComponent (/Users/masaki/Documents/gamechat-ai/frontend/src/components/__tests__/error-boundary.test.tsx:11:35)\n&apos;[39m +
    [32m&apos;    at div (&lt;anonymous&gt;)\n&apos;[39m +
    [32m&apos;    at div (&lt;anonymous&gt;)\n&apos;[39m +
    [32m&apos;    at NestedErrorComponent (&lt;anonymous&gt;)\n&apos;[39m +
    [32m&apos;    at ErrorBoundary (/Users/masaki/Documents/gamechat-ai/frontend/src/components/error-boundary.tsx:11:5)&apos;[39m
}

            </system-err>
        </testcase>
        <testcase classname="src/components/__tests__/error-boundary.test.tsx" name="Edge Cases &gt; should handle errors in conditional rendering" time="0.005960583">
            <system-err>
Error: Test error
    at ErrorThrowingComponent [90m(/Users/masaki/Documents/gamechat-ai/frontend/[39msrc/components/__tests__/error-boundary.test.tsx:9:11[90m)[39m
    at Object.react-stack-bottom-frame [90m(/Users/masaki/Documents/gamechat-ai/frontend/[39mnode_modules/[4mreact-dom[24m/cjs/react-dom-client.development.js:23863:20[90m)[39m
    at renderWithHooks [90m(/Users/masaki/Documents/gamechat-ai/frontend/[39mnode_modules/[4mreact-dom[24m/cjs/react-dom-client.development.js:5529:22[90m)[39m
    at updateFunctionComponent [90m(/Users/masaki/Documents/gamechat-ai/frontend/[39mnode_modules/[4mreact-dom[24m/cjs/react-dom-client.development.js:8897:19[90m)[39m
    at beginWork [90m(/Users/masaki/Documents/gamechat-ai/frontend/[39mnode_modules/[4mreact-dom[24m/cjs/react-dom-client.development.js:10522:18[90m)[39m
    at runWithFiberInDEV [90m(/Users/masaki/Documents/gamechat-ai/frontend/[39mnode_modules/[4mreact-dom[24m/cjs/react-dom-client.development.js:1522:13[90m)[39m
    at performUnitOfWork [90m(/Users/masaki/Documents/gamechat-ai/frontend/[39mnode_modules/[4mreact-dom[24m/cjs/react-dom-client.development.js:15140:22[90m)[39m
    at workLoopSync [90m(/Users/masaki/Documents/gamechat-ai/frontend/[39mnode_modules/[4mreact-dom[24m/cjs/react-dom-client.development.js:14956:41[90m)[39m
    at renderRootSync [90m(/Users/masaki/Documents/gamechat-ai/frontend/[39mnode_modules/[4mreact-dom[24m/cjs/react-dom-client.development.js:14936:11[90m)[39m
    at performWorkOnRoot [90m(/Users/masaki/Documents/gamechat-ai/frontend/[39mnode_modules/[4mreact-dom[24m/cjs/react-dom-client.development.js:14462:44[90m)[39m {
  [stack]: [36m[Getter/Setter][39m,
  [message]: [32m&apos;Test error&apos;[39m
}

The above error occurred in the &lt;ErrorThrowingComponent&gt; component.

React will try to recreate this component tree from scratch using the error boundary you provided, ErrorBoundary.

ErrorBoundary caught an error: Error: Test error
    at ErrorThrowingComponent [90m(/Users/masaki/Documents/gamechat-ai/frontend/[39msrc/components/__tests__/error-boundary.test.tsx:9:11[90m)[39m
    at Object.react-stack-bottom-frame [90m(/Users/masaki/Documents/gamechat-ai/frontend/[39mnode_modules/[4mreact-dom[24m/cjs/react-dom-client.development.js:23863:20[90m)[39m
    at renderWithHooks [90m(/Users/masaki/Documents/gamechat-ai/frontend/[39mnode_modules/[4mreact-dom[24m/cjs/react-dom-client.development.js:5529:22[90m)[39m
    at updateFunctionComponent [90m(/Users/masaki/Documents/gamechat-ai/frontend/[39mnode_modules/[4mreact-dom[24m/cjs/react-dom-client.development.js:8897:19[90m)[39m
    at beginWork [90m(/Users/masaki/Documents/gamechat-ai/frontend/[39mnode_modules/[4mreact-dom[24m/cjs/react-dom-client.development.js:10522:18[90m)[39m
    at runWithFiberInDEV [90m(/Users/masaki/Documents/gamechat-ai/frontend/[39mnode_modules/[4mreact-dom[24m/cjs/react-dom-client.development.js:1522:13[90m)[39m
    at performUnitOfWork [90m(/Users/masaki/Documents/gamechat-ai/frontend/[39mnode_modules/[4mreact-dom[24m/cjs/react-dom-client.development.js:15140:22[90m)[39m
    at workLoopSync [90m(/Users/masaki/Documents/gamechat-ai/frontend/[39mnode_modules/[4mreact-dom[24m/cjs/react-dom-client.development.js:14956:41[90m)[39m
    at renderRootSync [90m(/Users/masaki/Documents/gamechat-ai/frontend/[39mnode_modules/[4mreact-dom[24m/cjs/react-dom-client.development.js:14936:11[90m)[39m
    at performWorkOnRoot [90m(/Users/masaki/Documents/gamechat-ai/frontend/[39mnode_modules/[4mreact-dom[24m/cjs/react-dom-client.development.js:14462:44[90m)[39m
Error Info: {
  componentStack: [32m&apos;\n&apos;[39m +
    [32m&apos;    at ErrorThrowingComponent (/Users/masaki/Documents/gamechat-ai/frontend/src/components/__tests__/error-boundary.test.tsx:11:35)\n&apos;[39m +
    [32m&apos;    at div (&lt;anonymous&gt;)\n&apos;[39m +
    [32m&apos;    at ConditionalErrorComponent (/Users/masaki/Documents/gamechat-ai/frontend/src/components/__tests__/error-boundary.test.tsx:443:42)\n&apos;[39m +
    [32m&apos;    at ErrorBoundary (/Users/masaki/Documents/gamechat-ai/frontend/src/components/error-boundary.tsx:11:5)&apos;[39m
}

            </system-err>
        </testcase>
        <testcase classname="src/components/__tests__/error-boundary.test.tsx" name="Edge Cases &gt; should maintain error state across re-renders" time="0.002987708">
            <system-err>
Error: Test error
    at ErrorThrowingComponent [90m(/Users/masaki/Documents/gamechat-ai/frontend/[39msrc/components/__tests__/error-boundary.test.tsx:9:11[90m)[39m
    at Object.react-stack-bottom-frame [90m(/Users/masaki/Documents/gamechat-ai/frontend/[39mnode_modules/[4mreact-dom[24m/cjs/react-dom-client.development.js:23863:20[90m)[39m
    at renderWithHooks [90m(/Users/masaki/Documents/gamechat-ai/frontend/[39mnode_modules/[4mreact-dom[24m/cjs/react-dom-client.development.js:5529:22[90m)[39m
    at updateFunctionComponent [90m(/Users/masaki/Documents/gamechat-ai/frontend/[39mnode_modules/[4mreact-dom[24m/cjs/react-dom-client.development.js:8897:19[90m)[39m
    at beginWork [90m(/Users/masaki/Documents/gamechat-ai/frontend/[39mnode_modules/[4mreact-dom[24m/cjs/react-dom-client.development.js:10522:18[90m)[39m
    at runWithFiberInDEV [90m(/Users/masaki/Documents/gamechat-ai/frontend/[39mnode_modules/[4mreact-dom[24m/cjs/react-dom-client.development.js:1522:13[90m)[39m
    at performUnitOfWork [90m(/Users/masaki/Documents/gamechat-ai/frontend/[39mnode_modules/[4mreact-dom[24m/cjs/react-dom-client.development.js:15140:22[90m)[39m
    at workLoopSync [90m(/Users/masaki/Documents/gamechat-ai/frontend/[39mnode_modules/[4mreact-dom[24m/cjs/react-dom-client.development.js:14956:41[90m)[39m
    at renderRootSync [90m(/Users/masaki/Documents/gamechat-ai/frontend/[39mnode_modules/[4mreact-dom[24m/cjs/react-dom-client.development.js:14936:11[90m)[39m
    at performWorkOnRoot [90m(/Users/masaki/Documents/gamechat-ai/frontend/[39mnode_modules/[4mreact-dom[24m/cjs/react-dom-client.development.js:14462:44[90m)[39m {
  [stack]: [36m[Getter/Setter][39m,
  [message]: [32m&apos;Test error&apos;[39m
}

The above error occurred in the &lt;ErrorThrowingComponent&gt; component.

React will try to recreate this component tree from scratch using the error boundary you provided, ErrorBoundary.

ErrorBoundary caught an error: Error: Test error
    at ErrorThrowingComponent [90m(/Users/masaki/Documents/gamechat-ai/frontend/[39msrc/components/__tests__/error-boundary.test.tsx:9:11[90m)[39m
    at Object.react-stack-bottom-frame [90m(/Users/masaki/Documents/gamechat-ai/frontend/[39mnode_modules/[4mreact-dom[24m/cjs/react-dom-client.development.js:23863:20[90m)[39m
    at renderWithHooks [90m(/Users/masaki/Documents/gamechat-ai/frontend/[39mnode_modules/[4mreact-dom[24m/cjs/react-dom-client.development.js:5529:22[90m)[39m
    at updateFunctionComponent [90m(/Users/masaki/Documents/gamechat-ai/frontend/[39mnode_modules/[4mreact-dom[24m/cjs/react-dom-client.development.js:8897:19[90m)[39m
    at beginWork [90m(/Users/masaki/Documents/gamechat-ai/frontend/[39mnode_modules/[4mreact-dom[24m/cjs/react-dom-client.development.js:10522:18[90m)[39m
    at runWithFiberInDEV [90m(/Users/masaki/Documents/gamechat-ai/frontend/[39mnode_modules/[4mreact-dom[24m/cjs/react-dom-client.development.js:1522:13[90m)[39m
    at performUnitOfWork [90m(/Users/masaki/Documents/gamechat-ai/frontend/[39mnode_modules/[4mreact-dom[24m/cjs/react-dom-client.development.js:15140:22[90m)[39m
    at workLoopSync [90m(/Users/masaki/Documents/gamechat-ai/frontend/[39mnode_modules/[4mreact-dom[24m/cjs/react-dom-client.development.js:14956:41[90m)[39m
    at renderRootSync [90m(/Users/masaki/Documents/gamechat-ai/frontend/[39mnode_modules/[4mreact-dom[24m/cjs/react-dom-client.development.js:14936:11[90m)[39m
    at performWorkOnRoot [90m(/Users/masaki/Documents/gamechat-ai/frontend/[39mnode_modules/[4mreact-dom[24m/cjs/react-dom-client.development.js:14462:44[90m)[39m
Error Info: {
  componentStack: [32m&apos;\n&apos;[39m +
    [32m&apos;    at ErrorThrowingComponent (/Users/masaki/Documents/gamechat-ai/frontend/src/components/__tests__/error-boundary.test.tsx:11:35)\n&apos;[39m +
    [32m&apos;    at div (&lt;anonymous&gt;)\n&apos;[39m +
    [32m&apos;    at ErrorBoundary (/Users/masaki/Documents/gamechat-ai/frontend/src/components/error-boundary.tsx:11:5)\n&apos;[39m +
    [32m&apos;    at TestComponent (/Users/masaki/Documents/gamechat-ai/frontend/src/components/__tests__/error-boundary.test.tsx:486:67)&apos;[39m
}

            </system-err>
        </testcase>
    </testsuite>
    <testsuite name="src/lib/__tests__/firebase.test.ts" timestamp="2025-07-13T21:32:21.055Z" hostname="MasakinoMacBook-Pro.local" tests="21" failures="0" errors="0" skipped="0" time="0.066791541">
        <testcase classname="src/lib/__tests__/firebase.test.ts" name="Firebase Configuration &gt; shouldInitializeFirebase logic &gt; should skip initialization in CI environment" time="0.023576417">
        </testcase>
        <testcase classname="src/lib/__tests__/firebase.test.ts" name="Firebase Configuration &gt; shouldInitializeFirebase logic &gt; should skip initialization in test environment" time="0.003275125">
        </testcase>
        <testcase classname="src/lib/__tests__/firebase.test.ts" name="Firebase Configuration &gt; shouldInitializeFirebase logic &gt; should skip initialization on server-side" time="0.001933334">
        </testcase>
        <testcase classname="src/lib/__tests__/firebase.test.ts" name="Firebase Configuration &gt; shouldInitializeFirebase logic &gt; should skip initialization with dummy API key" time="0.001209666">
        </testcase>
        <testcase classname="src/lib/__tests__/firebase.test.ts" name="Firebase Configuration &gt; shouldInitializeFirebase logic &gt; should skip initialization with Dummy API key (capital D)" time="0.001526417">
        </testcase>
        <testcase classname="src/lib/__tests__/firebase.test.ts" name="Firebase Configuration &gt; shouldInitializeFirebase logic &gt; should skip initialization with dummy project ID" time="0.001558292">
        </testcase>
        <testcase classname="src/lib/__tests__/firebase.test.ts" name="Firebase Configuration &gt; shouldInitializeFirebase logic &gt; should skip initialization with missing required fields" time="0.000825875">
        </testcase>
        <testcase classname="src/lib/__tests__/firebase.test.ts" name="Firebase Configuration &gt; Firebase initialization &gt; should initialize Firebase successfully with valid configuration" time="0.00154925">
        </testcase>
        <testcase classname="src/lib/__tests__/firebase.test.ts" name="Firebase Configuration &gt; Firebase initialization &gt; should use existing app when already initialized" time="0.001148333">
        </testcase>
        <testcase classname="src/lib/__tests__/firebase.test.ts" name="Firebase Configuration &gt; Firebase initialization &gt; should handle initialization errors gracefully" time="0.001817792">
        </testcase>
        <testcase classname="src/lib/__tests__/firebase.test.ts" name="Firebase Configuration &gt; Firebase initialization &gt; should handle non-Error exceptions gracefully" time="0.001268833">
        </testcase>
        <testcase classname="src/lib/__tests__/firebase.test.ts" name="Firebase Configuration &gt; Firebase exports &gt; should export all required Firebase objects" time="0.001073542">
        </testcase>
        <testcase classname="src/lib/__tests__/firebase.test.ts" name="Firebase Configuration &gt; Firebase exports &gt; should maintain consistency between auth exports" time="0.000842083">
        </testcase>
        <testcase classname="src/lib/__tests__/firebase.test.ts" name="Firebase Configuration &gt; Firebase Analytics &gt; should initialize Analytics when measurementId is provided" time="0.012588458">
        </testcase>
        <testcase classname="src/lib/__tests__/firebase.test.ts" name="Firebase Configuration &gt; Firebase Analytics &gt; should skip Analytics initialization when measurementId is not provided" time="0.001069041">
        </testcase>
        <testcase classname="src/lib/__tests__/firebase.test.ts" name="Firebase Configuration &gt; Firebase Analytics &gt; should handle Analytics initialization when not supported" time="0.002866583">
        </testcase>
        <testcase classname="src/lib/__tests__/firebase.test.ts" name="Firebase Configuration &gt; Firebase Analytics &gt; should handle Analytics support check errors" time="0.003242208">
        </testcase>
        <testcase classname="src/lib/__tests__/firebase.test.ts" name="Firebase Configuration &gt; Firebase Analytics &gt; should have initAnalytics function available" time="0.0010535">
        </testcase>
        <testcase classname="src/lib/__tests__/firebase.test.ts" name="Firebase Configuration &gt; Firebase Analytics &gt; should return null from initAnalytics when not supported" time="0.001109666">
        </testcase>
        <testcase classname="src/lib/__tests__/firebase.test.ts" name="Firebase Configuration &gt; Firebase Analytics &gt; should return null from initAnalytics when config is invalid" time="0.000974583">
        </testcase>
        <testcase classname="src/lib/__tests__/firebase.test.ts" name="Firebase Configuration &gt; Firebase exports with Analytics &gt; should export Analytics-related objects" time="0.000970208">
        </testcase>
    </testsuite>
    <testsuite name="src/lib/__tests__/sentry.test.ts" timestamp="2025-07-13T21:32:21.062Z" hostname="MasakinoMacBook-Pro.local" tests="21" failures="0" errors="0" skipped="0" time="0.034145125">
        <testcase classname="src/lib/__tests__/sentry.test.ts" name="Sentry Utilities &gt; captureAPIError &gt; should capture API error with context" time="0.003403541">
        </testcase>
        <testcase classname="src/lib/__tests__/sentry.test.ts" name="Sentry Utilities &gt; captureAPIError &gt; should capture API error without context" time="0.002801208">
        </testcase>
        <testcase classname="src/lib/__tests__/sentry.test.ts" name="Sentry Utilities &gt; captureAPIError &gt; should not capture error on server side" time="0.000222666">
        </testcase>
[...]
        </testcase>
        <testcase classname="src/components/ui/__tests__/input.test.tsx" name="Input Component &gt; Props Handling &gt; should accept and apply name prop" time="0.006527959">
        </testcase>
        <testcase classname="src/components/ui/__tests__/input.test.tsx" name="Input Component &gt; Props Handling &gt; should accept and apply id prop" time="0.011776083">
        </testcase>
        <testcase classname="src/components/ui/__tests__/input.test.tsx" name="Input Component &gt; Props Handling &gt; should accept and apply aria-label prop" time="0.0136775">
        </testcase>
        <testcase classname="src/components/ui/__tests__/input.test.tsx" name="Input Component &gt; Props Handling &gt; should accept and apply aria-invalid prop" time="0.0046165">
        </testcase>
        <testcase classname="src/components/ui/__tests__/input.test.tsx" name="Input Component &gt; Styling and CSS Classes &gt; should merge custom className with default classes" time="0.002728125">
        </testcase>
        <testcase classname="src/components/ui/__tests__/input.test.tsx" name="Input Component &gt; Styling and CSS Classes &gt; should handle className prop as undefined" time="0.001442">
        </testcase>
        <testcase classname="src/components/ui/__tests__/input.test.tsx" name="Input Component &gt; Styling and CSS Classes &gt; should apply focus-visible styles" time="0.002511042">
        </testcase>
        <testcase classname="src/components/ui/__tests__/input.test.tsx" name="Input Component &gt; Styling and CSS Classes &gt; should apply aria-invalid styles when aria-invalid is true" time="0.003062583">
        </testcase>
        <testcase classname="src/components/ui/__tests__/input.test.tsx" name="Input Component &gt; Event Handling &gt; should call onChange when input value changes" time="0.0114725">
        </testcase>
        <testcase classname="src/components/ui/__tests__/input.test.tsx" name="Input Component &gt; Event Handling &gt; should call onFocus when input is focused" time="0.003188375">
        </testcase>
        <testcase classname="src/components/ui/__tests__/input.test.tsx" name="Input Component &gt; Event Handling &gt; should call onBlur when input loses focus" time="0.00846975">
        </testcase>
        <testcase classname="src/components/ui/__tests__/input.test.tsx" name="Input Component &gt; Event Handling &gt; should call onKeyDown when key is pressed" time="0.014477792">
        </testcase>
        <testcase classname="src/components/ui/__tests__/input.test.tsx" name="Input Component &gt; Event Handling &gt; should not call onChange when disabled" time="0.001928875">
        </testcase>
        <testcase classname="src/components/ui/__tests__/input.test.tsx" name="Input Component &gt; Input Types &gt; should render email input correctly" time="0.025031375">
        </testcase>
        <testcase classname="src/components/ui/__tests__/input.test.tsx" name="Input Component &gt; Input Types &gt; should render number input correctly" time="0.0285245">
        </testcase>
        <testcase classname="src/components/ui/__tests__/input.test.tsx" name="Input Component &gt; Input Types &gt; should render password input correctly" time="0.002000333">
        </testcase>
        <testcase classname="src/components/ui/__tests__/input.test.tsx" name="Input Component &gt; Input Types &gt; should render search input correctly" time="0.004612792">
        </testcase>
        <testcase classname="src/components/ui/__tests__/input.test.tsx" name="Input Component &gt; Input Types &gt; should render file input correctly" time="0.0014995">
        </testcase>
        <testcase classname="src/components/ui/__tests__/input.test.tsx" name="Input Component &gt; Controlled vs Uncontrolled &gt; should work as uncontrolled component" time="0.002141042">
        </testcase>
        <testcase classname="src/components/ui/__tests__/input.test.tsx" name="Input Component &gt; Controlled vs Uncontrolled &gt; should work as controlled component" time="0.003595792">
        </testcase>
        <testcase classname="src/components/ui/__tests__/input.test.tsx" name="Input Component &gt; Accessibility &gt; should be focusable when not disabled" time="0.007848042">
        </testcase>
        <testcase classname="src/components/ui/__tests__/input.test.tsx" name="Input Component &gt; Accessibility &gt; should not be focusable when disabled" time="0.001934042">
        </testcase>
        <testcase classname="src/components/ui/__tests__/input.test.tsx" name="Input Component &gt; Accessibility &gt; should support aria-describedby" time="0.0409585">
        </testcase>
        <testcase classname="src/components/ui/__tests__/input.test.tsx" name="Input Component &gt; Accessibility &gt; should support aria-required" time="0.0015405">
        </testcase>
        <testcase classname="src/components/ui/__tests__/input.test.tsx" name="Input Component &gt; Accessibility &gt; should support required attribute" time="0.011148416">
        </testcase>
        <testcase classname="src/components/ui/__tests__/input.test.tsx" name="Input Component &gt; Edge Cases &gt; should handle empty string value" time="0.00203475">
        </testcase>
        <testcase classname="src/components/ui/__tests__/input.test.tsx" name="Input Component &gt; Edge Cases &gt; should handle null className" time="0.002417375">
        </testcase>
        <testcase classname="src/components/ui/__tests__/input.test.tsx" name="Input Component &gt; Edge Cases &gt; should handle very long values" time="0.000745833">
        </testcase>
        <testcase classname="src/components/ui/__tests__/input.test.tsx" name="Input Component &gt; Edge Cases &gt; should handle special characters in value" time="0.001126166">
        </testcase>
    </testsuite>
    <testsuite name="src/components/ui/__tests__/skeleton.test.tsx" timestamp="2025-07-13T21:32:21.077Z" hostname="MasakinoMacBook-Pro.local" tests="3" failures="0" errors="0" skipped="0" time="0.028558458">
        <testcase classname="src/components/ui/__tests__/skeleton.test.tsx" name="Skeleton &gt; ローディング時にスケルトンが表示される（デフォルトクラス）" time="0.023071209">
        </testcase>
        <testcase classname="src/components/ui/__tests__/skeleton.test.tsx" name="Skeleton &gt; className propsで追加クラスが反映される" time="0.001773959">
        </testcase>
        <testcase classname="src/components/ui/__tests__/skeleton.test.tsx" name="Skeleton &gt; propsの型安全性：div属性が渡せる" time="0.00292725">
        </testcase>
    </testsuite>
    <testsuite name="src/app/assistant/__tests__/AssistantPage.ChatInputProps.test.tsx" timestamp="2025-07-13T21:32:21.078Z" hostname="MasakinoMacBook-Pro.local" tests="4" failures="0" errors="0" skipped="0" time="0.13076225">
        <testcase classname="src/app/assistant/__tests__/AssistantPage.ChatInputProps.test.tsx" name="AssistantPage &gt; ChatInputにinput/onInputChange/onSend/loading/sendMode/onSendModeChangeが正しく渡る" time="0.111413">
        </testcase>
        <testcase classname="src/app/assistant/__tests__/AssistantPage.ChatInputProps.test.tsx" name="AssistantPage &gt; ChatInputでonSendが呼ばれたときsendMessageが呼ばれる" time="0.007794292">
        </testcase>
        <testcase classname="src/app/assistant/__tests__/AssistantPage.ChatInputProps.test.tsx" name="AssistantPage &gt; ChatInputでonInputChangeが呼ばれたときsetInputが呼ばれる" time="0.00632925">
        </testcase>
        <testcase classname="src/app/assistant/__tests__/AssistantPage.ChatInputProps.test.tsx" name="AssistantPage &gt; ChatInputでonSendModeChangeが呼ばれたときsetSendModeが呼ばれる" time="0.004394041">
        </testcase>
    </testsuite>
    <testsuite name="src/app/assistant/__tests__/AssistantPage.ChatMessagesProps.test.tsx" timestamp="2025-07-13T21:32:21.078Z" hostname="MasakinoMacBook-Pro.local" tests="1" failures="0" errors="0" skipped="0" time="0.066261125">
        <testcase classname="src/app/assistant/__tests__/AssistantPage.ChatMessagesProps.test.tsx" name="AssistantPage &gt; ChatMessagesにmessages/loadingが正しく渡る" time="0.065192458">
        </testcase>
    </testsuite>
    <testsuite name="src/app/assistant/__tests__/AssistantPage.errorBoundary.test.tsx" timestamp="2025-07-13T21:32:21.079Z" hostname="MasakinoMacBook-Pro.local" tests="1" failures="0" errors="0" skipped="0" time="0.023930541">
        <testcase classname="src/app/assistant/__tests__/AssistantPage.errorBoundary.test.tsx" name="AssistantPage ErrorBoundary integration &gt; useChatがthrowした場合にErrorBoundaryでキャッチされる" time="0.023098708">
            <system-err>
Error: useChat error!
    at useChat [90m(/Users/masaki/Documents/gamechat-ai/frontend/[39msrc/app/assistant/__tests__/AssistantPage.errorBoundary.test.tsx:23:26[90m)[39m
    at AssistantPage [90m(/Users/masaki/Documents/gamechat-ai/frontend/[39msrc/app/assistant/index.tsx:19:16[90m)[39m
    at Object.react-stack-bottom-frame [90m(/Users/masaki/Documents/gamechat-ai/frontend/[39mnode_modules/[4mreact-dom[24m/cjs/react-dom-client.development.js:23863:20[90m)[39m
    at renderWithHooks [90m(/Users/masaki/Documents/gamechat-ai/frontend/[39mnode_modules/[4mreact-dom[24m/cjs/react-dom-client.development.js:5529:22[90m)[39m
    at updateFunctionComponent [90m(/Users/masaki/Documents/gamechat-ai/frontend/[39mnode_modules/[4mreact-dom[24m/cjs/react-dom-client.development.js:8897:19[90m)[39m
    at beginWork [90m(/Users/masaki/Documents/gamechat-ai/frontend/[39mnode_modules/[4mreact-dom[24m/cjs/react-dom-client.development.js:10522:18[90m)[39m
    at runWithFiberInDEV [90m(/Users/masaki/Documents/gamechat-ai/frontend/[39mnode_modules/[4mreact-dom[24m/cjs/react-dom-client.development.js:1522:13[90m)[39m
    at performUnitOfWork [90m(/Users/masaki/Documents/gamechat-ai/frontend/[39mnode_modules/[4mreact-dom[24m/cjs/react-dom-client.development.js:15140:22[90m)[39m
    at workLoopSync [90m(/Users/masaki/Documents/gamechat-ai/frontend/[39mnode_modules/[4mreact-dom[24m/cjs/react-dom-client.development.js:14956:41[90m)[39m
    at renderRootSync [90m(/Users/masaki/Documents/gamechat-ai/frontend/[39mnode_modules/[4mreact-dom[24m/cjs/react-dom-client.development.js:14936:11[90m)[39m {
  [stack]: [36m[Getter/Setter][39m,
  [message]: [32m&apos;useChat error!&apos;[39m
}

The above error occurred in the &lt;AssistantPage&gt; component.

React will try to recreate this component tree from scratch using the error boundary you provided, TestErrorBoundary.


            </system-err>
        </testcase>
    </testsuite>
    <testsuite name="src/app/assistant/__tests__/AssistantPage.test.tsx" timestamp="2025-07-13T21:32:21.079Z" hostname="MasakinoMacBook-Pro.local" tests="2" failures="0" errors="0" skipped="0" time="0.123470417">
        <testcase classname="src/app/assistant/__tests__/AssistantPage.test.tsx" name="AssistantPage &gt; ChatMessagesとChatInputが正しく表示される" time="0.115296458">
        </testcase>
        <testcase classname="src/app/assistant/__tests__/AssistantPage.test.tsx" name="AssistantPage &gt; useChatの返り値が空オブジェクトでもエラーにならず描画される" time="0.007077167">
        </testcase>
    </testsuite>
    <testsuite name="src/app/assistant/__tests__/ChatInput.branch.test.tsx" timestamp="2025-07-13T21:32:21.079Z" hostname="MasakinoMacBook-Pro.local" tests="3" failures="0" errors="0" skipped="0" time="0.109504208">
        <testcase classname="src/app/assistant/__tests__/ChatInput.branch.test.tsx" name="ChatInput 分岐テスト &gt; loading時はinputもdisabled" time="0.082572167">
        </testcase>
        <testcase classname="src/app/assistant/__tests__/ChatInput.branch.test.tsx" name="ChatInput 分岐テスト &gt; inputが空白のみの場合は送信ボタンがdisabled" time="0.014682916">
        </testcase>
        <testcase classname="src/app/assistant/__tests__/ChatInput.branch.test.tsx" name="ChatInput 分岐テスト &gt; 送信モード切替UIが正しく動作する" time="0.01098775">
        </testcase>
    </testsuite>
    <testsuite name="src/app/assistant/__tests__/ChatInput.test.tsx" timestamp="2025-07-13T21:32:21.080Z" hostname="MasakinoMacBook-Pro.local" tests="11" failures="0" errors="0" skipped="0" time="0.288717834">
        <testcase classname="src/app/assistant/__tests__/ChatInput.test.tsx" name="ChatInput &gt; 入力値が反映される" time="0.087981458">
        </testcase>
        <testcase classname="src/app/assistant/__tests__/ChatInput.test.tsx" name="ChatInput &gt; 送信ボタンが押せる" time="0.035047167">
        </testcase>
        <testcase classname="src/app/assistant/__tests__/ChatInput.test.tsx" name="ChatInput &gt; loading時はボタンがdisabled" time="0.011347583">
        </testcase>
        <testcase classname="src/app/assistant/__tests__/ChatInput.test.tsx" name="ChatInput &gt; ユーザーがメッセージを入力し送信できる" time="0.011694666">
        </testcase>
        <testcase classname="src/app/assistant/__tests__/ChatInput.test.tsx" name="ChatInput &gt; 送信モード（Enter/Mod+Enter）の切替挙動" time="0.026658667">
        </testcase>
        <testcase classname="src/app/assistant/__tests__/ChatInput.test.tsx" name="ChatInput &gt; ラジオボタンによる送信モード切替" time="0.009129542">
        </testcase>
        <testcase classname="src/app/assistant/__tests__/ChatInput.test.tsx" name="ChatInput &gt; 空メッセージ送信時は送信ボタンがdisabledかつonSendが呼ばれない" time="0.01721325">
        </testcase>
        <testcase classname="src/app/assistant/__tests__/ChatInput.test.tsx" name="ChatInput &gt; Enterキーで送信（sendMode: enter）" time="0.010711625">
        </testcase>
        <testcase classname="src/app/assistant/__tests__/ChatInput.test.tsx" name="ChatInput &gt; Cmd+Enterで送信（sendMode: mod+enter）" time="0.011496875">
        </testcase>
        <testcase classname="src/app/assistant/__tests__/ChatInput.test.tsx" name="ChatInput &gt; 送信ボタンの活性/非活性" time="0.055063208">
        </testcase>
        <testcase classname="src/app/assistant/__tests__/ChatInput.test.tsx" name="ChatInput &gt; loading=true時にChatInputの送信ボタンがdisabledになる" time="0.010414167">
        </testcase>
    </testsuite>
    <testsuite name="src/app/assistant/__tests__/ChatMessages.test.tsx" timestamp="2025-07-13T21:32:21.082Z" hostname="MasakinoMacBook-Pro.local" tests="5" failures="0" errors="0" skipped="0" time="0.11613675">
        <testcase classname="src/app/assistant/__tests__/ChatMessages.test.tsx" name="ChatMessages &gt; メッセージがない場合は案内文を表示する" time="0.026070917">
        </testcase>
        <testcase classname="src/app/assistant/__tests__/ChatMessages.test.tsx" name="ChatMessages &gt; ユーザーメッセージとアシスタントメッセージを正しく表示する" time="0.083336625">
        </testcase>
        <testcase classname="src/app/assistant/__tests__/ChatMessages.test.tsx" name="ChatMessages &gt; loading時は送信中...を表示する" time="0.001374125">
        </testcase>
        <testcase classname="src/app/assistant/__tests__/ChatMessages.test.tsx" name="ChatMessages &gt; loading=true時にChatMessagesのローディングUI（送信中...）が表示される" time="0.001062292">
        </testcase>
        <testcase classname="src/app/assistant/__tests__/ChatMessages.test.tsx" name="ChatMessages &gt; messagesが空配列のときChatMessagesが空状態を表示する" time="0.00326675">
        </testcase>
    </testsuite>
    <testsuite name="src/app/assistant/__tests__/useChat.error.test.ts" timestamp="2025-07-13T21:32:21.084Z" hostname="MasakinoMacBook-Pro.local" tests="2" failures="0" errors="0" skipped="0" time="0.015905792">
        <testcase classname="src/app/assistant/__tests__/useChat.error.test.ts" name="useChat error handling &gt; APIエラー時にエラーメッセージがmessagesに追加される" time="0.01166525">
        </testcase>
        <testcase classname="src/app/assistant/__tests__/useChat.error.test.ts" name="useChat error handling &gt; 認証エラー時は認証エラー文言が表示される" time="0.0025545">
        </testcase>
    </testsuite>
    <testsuite name="src/app/assistant/__tests__/useChat.test.ts" timestamp="2025-07-13T21:32:21.084Z" hostname="MasakinoMacBook-Pro.local" tests="9" failures="0" errors="0" skipped="0" time="0.048411417">
        <testcase classname="src/app/assistant/__tests__/useChat.test.ts" name="useChat &gt; 初期状態は空" time="0.0208445">
        </testcase>
        <testcase classname="src/app/assistant/__tests__/useChat.test.ts" name="useChat &gt; メッセージ送信でmessagesが増える" time="0.00419475">
        </testcase>
        <testcase classname="src/app/assistant/__tests__/useChat.test.ts" name="useChat &gt; APIエラー時はassistantロールのエラーメッセージが追加される" time="0.003905375">
        </testcase>
        <testcase classname="src/app/assistant/__tests__/useChat.test.ts" name="useChat &gt; 認証失敗時はassistantロールの認証エラーメッセージが追加される" time="0.003644542">
        </testcase>
        <testcase classname="src/app/assistant/__tests__/useChat.test.ts" name="useChat &gt; reCAPTCHA失敗時はassistantロールのエラーメッセージが追加される" time="0.006007916">
        </testcase>
        <testcase classname="src/app/assistant/__tests__/useChat.test.ts" name="useChat &gt; APIリクエストの内容とレスポンスを正しく処理する" time="0.002330584">
        </testcase>
        <testcase classname="src/app/assistant/__tests__/useChat.test.ts" name="useChat &gt; API失敗時にリトライで成功した場合、エラーメッセージの後に正常応答が追加される" time="0.00186475">
        </testcase>
        <testcase classname="src/app/assistant/__tests__/useChat.test.ts" name="useChat &gt; reCAPTCHA無効時はreCAPTCHAトークンが&quot;test&quot;でAPIリクエストされる" time="0.001671459">
        </testcase>
        <testcase classname="src/app/assistant/__tests__/useChat.test.ts" name="useChat &gt; firebase認証トークンが取得できた場合はAuthorizationヘッダーに付与される" time="0.002834833">
        </testcase>
    </testsuite>
    <testsuite name="src/app/api/rag/query/__tests__/route.test.ts" timestamp="2025-07-13T21:32:21.085Z" hostname="MasakinoMacBook-Pro.local" tests="6" failures="0" errors="0" skipped="0" time="1.526711">
        <testcase classname="src/app/api/rag/query/__tests__/route.test.ts" name="app/api/rag/query/route.ts API &gt; 正常系: テスト環境で正しいレスポンスが返る" time="0.505694958">
        </testcase>
        <testcase classname="src/app/api/rag/query/__tests__/route.test.ts" name="app/api/rag/query/route.ts API &gt; 正常系: 本番環境で外部APIが200ならそのまま返す" time="0.003064459">
        </testcase>
        <testcase classname="src/app/api/rag/query/__tests__/route.test.ts" name="app/api/rag/query/route.ts API &gt; バリデーション: queryが未指定の場合は400エラー" time="0.504182833">
        </testcase>
        <testcase classname="src/app/api/rag/query/__tests__/route.test.ts" name="app/api/rag/query/route.ts API &gt; 異常系: 外部APIがエラー時は500エラー" time="0.008396208">
            <system-err>
API route error: Error: API request failed: 502
    at POST [90m(/Users/masaki/Documents/gamechat-ai/frontend/[39msrc/app/api/rag/query/route.ts:33:13[90m)[39m
    at [90m/Users/masaki/Documents/gamechat-ai/frontend/[39msrc/app/api/rag/query/__tests__/route.test.ts:65:17
    at [90mfile:///Users/masaki/Documents/gamechat-ai/frontend/[39mnode_modules/[4m@vitest[24m/runner/dist/chunk-hooks.js:752:20

            </system-err>
        </testcase>
        <testcase classname="src/app/api/rag/query/__tests__/route.test.ts" name="app/api/rag/query/route.ts API &gt; 外部API/DBアクセスのモック: fetch例外時も500エラー" time="0.001659292">
            <system-err>
API route error: Error: fetch失敗
    at [90m/Users/masaki/Documents/gamechat-ai/frontend/[39msrc/app/api/rag/query/__tests__/route.test.ts:73:40
    at mockCall [90m(file:///Users/masaki/Documents/gamechat-ai/frontend/[39mnode_modules/[4m@vitest[24m/spy/dist/index.js:96:15[90m)[39m
    at spy [90m(file:///Users/masaki/Documents/gamechat-ai/frontend/[39mnode_modules/[4mtinyspy[24m/dist/index.js:47:103[90m)[39m
    at POST [90m(/Users/masaki/Documents/gamechat-ai/frontend/[39msrc/app/api/rag/query/route.ts:23:28[90m)[39m
    at [90m/Users/masaki/Documents/gamechat-ai/frontend/[39msrc/app/api/rag/query/__tests__/route.test.ts:75:17
    at [90mfile:///Users/masaki/Documents/gamechat-ai/frontend/[39mnode_modules/[4m@vitest[24m/runner/dist/chunk-hooks.js:752:20

            </system-err>
        </testcase>
        <testcase classname="src/app/api/rag/query/__tests__/route.test.ts" name="app/api/rag/query/route.ts API &gt; 戻り値の型安全性: answer/context/confidence型を検証" time="0.50261925">
        </testcase>
    </testsuite>
</testsuites>
